2024-04-01 09:10:09,696 [INFO] Activator:176 - 


2024-04-01 09:10:09,697 [INFO] Activator:177 - !SESSION log4j initialized
2024-04-01 09:10:10,985 [INFO] LogOutputStream:77 - [STDOUT_REDIRECT] 
2024-04-01 09:10:11,824 [INFO] ApplicationProperties:184 - Using Application install path: /opt/st/stm32cubeide_1.14.0/plugins/com.st.stm32cube.common.mx_6.10.0.202311202037
2024-04-01 09:10:11,835 [INFO] DbMcusXml:78 - Set database path to: /opt/st/stm32cubeide_1.14.0/plugins/com.st.stm32cube.common.mx_6.10.0.202311202037//db//mcu/
2024-04-01 09:10:11,835 [INFO] ApiDb:274 - Set plugin database path to: /opt/st/stm32cubeide_1.14.0/plugins/com.st.stm32cube.common.mx_6.10.0.202311202037//db//plugins/boardmanager/
2024-04-01 09:10:11,835 [WARN] ApiDb:259 - Overriding images path with different value:  => /opt/st/stm32cubeide_1.14.0/plugins/com.st.stm32cube.common.mx_6.10.0.202311202037//db//plugins/mcufinder/images/
2024-04-01 09:10:11,840 [INFO] ApiDb:250 - Set database path to: /home/lpmeoli/.stmcufinder/plugins/mcufinder//mcu/
2024-04-01 09:10:11,841 [INFO] DbMcusAds:125 - Set database path to: /home/lpmeoli/.stmcufinder/plugins/mcufinder//mcu/
2024-04-01 09:10:11,842 [INFO] CrossReferenceDbSqlite:203 - Set database path to: /home/lpmeoli/.stmcufinder/plugins/mcufinder//mcu/cs/
2024-04-01 09:10:11,904 [INFO] RulesReader:64 - Compatibility file has been processed (297 Rules)
2024-04-01 09:10:11,941 [INFO] DbMcusXml:78 - Set database path to: /opt/st/stm32cubeide_1.14.0/plugins/com.st.stm32cube.common.mx_6.10.0.202311202037//db//mcu/
2024-04-01 09:10:11,941 [INFO] ApiDb:274 - Set plugin database path to: /opt/st/stm32cubeide_1.14.0/plugins/com.st.stm32cube.common.mx_6.10.0.202311202037//db//plugins/boardmanager/
2024-04-01 09:10:11,941 [INFO] ApiDb:261 - Set plugin images path to: /opt/st/stm32cubeide_1.14.0/plugins/com.st.stm32cube.common.mx_6.10.0.202311202037//db//plugins/mcufinder/images/
2024-04-01 09:10:11,941 [WARN] DbFile:41 - Overriding database path with different value: /home/lpmeoli/.stmcufinder/plugins/mcufinder/ => /home/lpmeoli/.stmcufinder/plugins/mcufinder
2024-04-01 09:10:11,941 [INFO] ApiDb:250 - Set database path to: /home/lpmeoli/.stmcufinder/plugins/mcufinder//mcu/
2024-04-01 09:10:11,941 [WARN] DbFile:41 - Overriding database path with different value: /home/lpmeoli/.stmcufinder/plugins/mcufinder/ => /home/lpmeoli/.stmcufinder/plugins/mcufinder
2024-04-01 09:10:11,941 [INFO] DbMcusAds:125 - Set database path to: /home/lpmeoli/.stmcufinder/plugins/mcufinder//mcu/
2024-04-01 09:10:11,941 [WARN] DbFile:41 - Overriding database path with different value: /home/lpmeoli/.stmcufinder/plugins/mcufinder/ => /home/lpmeoli/.stmcufinder/plugins/mcufinder
2024-04-01 09:10:11,941 [WARN] DbFile:41 - Overriding database path with different value: /home/lpmeoli/.stmcufinder/plugins/mcufinder/ => /home/lpmeoli/.stmcufinder/plugins/mcufinder
2024-04-01 09:10:11,941 [INFO] CrossReferenceDbSqlite:203 - Set database path to: /home/lpmeoli/.stmcufinder/plugins/mcufinder//mcu/cs/
2024-04-01 09:10:11,989 [INFO] MainPanel:264 - HeapMemory: 268435456
2024-04-01 09:10:12,046 [INFO] DbMcusXml:78 - Set database path to: /opt/st/stm32cubeide_1.14.0/plugins/com.st.stm32cube.common.mx_6.10.0.202311202037//db//mcu/
2024-04-01 09:10:12,046 [INFO] ApiDb:274 - Set plugin database path to: /opt/st/stm32cubeide_1.14.0/plugins/com.st.stm32cube.common.mx_6.10.0.202311202037//db//plugins/boardmanager/
2024-04-01 09:10:12,046 [INFO] ApiDb:261 - Set plugin images path to: /opt/st/stm32cubeide_1.14.0/plugins/com.st.stm32cube.common.mx_6.10.0.202311202037//db//plugins/mcufinder/images/
2024-04-01 09:10:12,047 [WARN] DbFile:41 - Overriding database path with different value: /home/lpmeoli/.stmcufinder/plugins/mcufinder/ => /home/lpmeoli/.stmcufinder/plugins/mcufinder
2024-04-01 09:10:12,047 [INFO] ApiDb:250 - Set database path to: /home/lpmeoli/.stmcufinder/plugins/mcufinder//mcu/
2024-04-01 09:10:12,047 [WARN] DbFile:41 - Overriding database path with different value: /home/lpmeoli/.stmcufinder/plugins/mcufinder/ => /home/lpmeoli/.stmcufinder/plugins/mcufinder
2024-04-01 09:10:12,047 [INFO] DbMcusAds:125 - Set database path to: /home/lpmeoli/.stmcufinder/plugins/mcufinder//mcu/
2024-04-01 09:10:12,047 [WARN] DbFile:41 - Overriding database path with different value: /home/lpmeoli/.stmcufinder/plugins/mcufinder/ => /home/lpmeoli/.stmcufinder/plugins/mcufinder
2024-04-01 09:10:12,047 [WARN] DbFile:41 - Overriding database path with different value: /home/lpmeoli/.stmcufinder/plugins/mcufinder/ => /home/lpmeoli/.stmcufinder/plugins/mcufinder
2024-04-01 09:10:12,047 [INFO] CrossReferenceDbSqlite:203 - Set database path to: /home/lpmeoli/.stmcufinder/plugins/mcufinder//mcu/cs/
2024-04-01 09:10:12,057 [INFO] ApplicationProperties:184 - Using Application install path: /opt/st/stm32cubeide_1.14.0/plugins/com.st.stm32cube.common.mx_6.10.0.202311202037
2024-04-01 09:10:12,058 [INFO] PluginManage:196 - Search for loadable plugins [exclusion list=, ]
2024-04-01 09:10:12,059 [INFO] PluginManage:310 - Check plugin analytics
2024-04-01 09:10:12,143 [INFO] AnalyticsPlugin:253 - Accepted Software Licenses: 
2024-04-01 09:10:12,143 [INFO] AnalyticsPlugin:255 - Accepted CMSIS Pack Licenses: 
2024-04-01 09:10:12,143 [INFO] AnalyticsPlugin:257 - Accepted Firmware Licenses: 
2024-04-01 09:10:12,145 [INFO] PluginManage:359 - Loaded plugin analytics (category:tool,tabindex:-1)
2024-04-01 09:10:12,145 [INFO] PluginManage:310 - Check plugin cadmodel
2024-04-01 09:10:12,163 [INFO] CADModel:105 - Init CAD model plugin
2024-04-01 09:10:12,163 [INFO] PluginManage:359 - Loaded plugin cadmodel (category:power,tabindex:5)
2024-04-01 09:10:12,163 [INFO] PluginManage:310 - Check plugin clock
2024-04-01 09:10:12,170 [INFO] PluginManage:359 - Loaded plugin clock (category:base,tabindex:2)
2024-04-01 09:10:12,170 [INFO] PluginManage:310 - Check plugin ddr
2024-04-01 09:10:12,171 [INFO] PluginManage:359 - Loaded plugin ddr (category:tool,tabindex:6)
2024-04-01 09:10:12,171 [INFO] PluginManage:310 - Check plugin filemanager
2024-04-01 09:10:12,249 [INFO] PluginManage:359 - Loaded plugin filemanager (category:base,tabindex:10)
2024-04-01 09:10:12,249 [INFO] PluginManage:310 - Check plugin ipmanager
2024-04-01 09:10:12,252 [INFO] PluginManage:359 - Loaded plugin ipmanager (category:base,tabindex:5)
2024-04-01 09:10:12,253 [INFO] PluginManage:310 - Check plugin lpbam
2024-04-01 09:10:12,259 [INFO] PluginManage:359 - Loaded plugin lpbam (category:base,tabindex:0)
2024-04-01 09:10:12,259 [INFO] PluginManage:310 - Check plugin memorymap
2024-04-01 09:10:12,273 [INFO] PluginManage:359 - Loaded plugin memorymap (category:base,tabindex:4)
2024-04-01 09:10:12,273 [INFO] PluginManage:310 - Check plugin pinoutandconfiguration
2024-04-01 09:10:12,279 [INFO] PluginManage:359 - Loaded plugin pinoutandconfiguration (category:base,tabindex:1)
2024-04-01 09:10:12,279 [INFO] PluginManage:310 - Check plugin pinoutconfig
2024-04-01 09:10:12,331 [WARN] SupportedApi:132 - Cannot load RTOS API schema: s4s-elt-must-match.1: The content of 'definitions' must match (annotation?, (simpleType | complexType)?, (unique | key | keyref)*)). A problem was found starting at: attribute.
2024-04-01 09:10:12,404 [INFO] PluginManage:359 - Loaded plugin pinoutconfig (category:base,tabindex:0)
2024-04-01 09:10:12,404 [INFO] PluginManage:310 - Check plugin power
2024-04-01 09:10:12,410 [INFO] PluginManage:359 - Loaded plugin power (category:power,tabindex:4)
2024-04-01 09:10:12,411 [INFO] PluginManage:310 - Check plugin projectmanager
2024-04-01 09:10:12,419 [INFO] PluginManage:359 - Loaded plugin projectmanager (category:projectmanager,tabindex:3)
2024-04-01 09:10:12,420 [INFO] PluginManage:310 - Check plugin thirdparty
2024-04-01 09:10:12,490 [INFO] PluginManage:359 - Loaded plugin thirdparty (category:base,tabindex:-1)
2024-04-01 09:10:12,490 [WARN] IntegrityCheckThread:84 - waiting for thirdparty lock release [integrity check]
2024-04-01 09:10:12,490 [INFO] IntegrityCheckThread:86 - entering critical section [integrity check]
2024-04-01 09:10:12,490 [INFO] PluginManage:310 - Check plugin tools
2024-04-01 09:10:12,491 [INFO] ThirdPartyUpdaterWithRetryManager:70 - Updater plugin not ready yet. [1/15]
2024-04-01 09:10:12,492 [INFO] PluginManage:359 - Loaded plugin tools (category:base,tabindex:7)
2024-04-01 09:10:12,492 [INFO] PluginManage:310 - Check plugin tutovideos
2024-04-01 09:10:12,589 [INFO] PluginManage:359 - Loaded plugin tutovideos (category:base,tabindex:-1)
2024-04-01 09:10:12,589 [INFO] PluginManage:310 - Check plugin updater
2024-04-01 09:10:12,598 [INFO] PluginManage:359 - Loaded plugin updater (category:base,tabindex:12)
2024-04-01 09:10:12,598 [INFO] PluginManage:310 - Check plugin userauth
2024-04-01 09:10:12,601 [INFO] UserAuth:114 - Init User Auth plugin
2024-04-01 09:10:12,602 [INFO] PluginManage:359 - Loaded plugin userauth (category:base,tabindex:14)
2024-04-01 09:10:12,602 [INFO] PluginManage:283 - PluginManage : Loaded plugins [17]
2024-04-01 09:10:12,706 [INFO] PinOutPanel:1499 - setPackage(No Configuration,No Configuration)
2024-04-01 09:10:12,740 [INFO] CADModel:165 - CPN selected for project level
2024-04-01 09:10:12,740 [INFO] CADModel:114 - Register for checkConnection events
2024-04-01 09:10:12,746 [INFO] IPUIPlugin:80 - create IPUIPlugin
2024-04-01 09:10:12,747 [INFO] PluginManager:220 - loadIPPluginJar : add nvic
2024-04-01 09:10:12,749 [INFO] IPUIPlugin:80 - create IPUIPlugin
2024-04-01 09:10:12,749 [INFO] PluginManager:220 - loadIPPluginJar : add tsc
2024-04-01 09:10:12,750 [INFO] IPUIPlugin:80 - create IPUIPlugin
2024-04-01 09:10:12,750 [INFO] PluginManager:220 - loadIPPluginJar : add dma3
2024-04-01 09:10:12,756 [INFO] IPUIPlugin:80 - create IPUIPlugin
2024-04-01 09:10:12,756 [INFO] PluginManager:220 - loadIPPluginJar : add adc
2024-04-01 09:10:12,757 [INFO] IPUIPlugin:80 - create IPUIPlugin
2024-04-01 09:10:12,757 [INFO] PluginManager:220 - loadIPPluginJar : add i3c
2024-04-01 09:10:12,759 [INFO] IPUIPlugin:80 - create IPUIPlugin
2024-04-01 09:10:12,759 [INFO] PluginManager:220 - loadIPPluginJar : add gtzc
2024-04-01 09:10:12,760 [INFO] IPUIPlugin:80 - create IPUIPlugin
2024-04-01 09:10:12,760 [INFO] PluginManager:220 - loadIPPluginJar : add lorawan
2024-04-01 09:10:12,761 [INFO] IPUIPlugin:80 - create IPUIPlugin
2024-04-01 09:10:12,761 [INFO] PluginManager:220 - loadIPPluginJar : add usart
2024-04-01 09:10:12,765 [INFO] IPUIPlugin:80 - create IPUIPlugin
2024-04-01 09:10:12,766 [INFO] PluginManager:220 - loadIPPluginJar : add plateformsettings
2024-04-01 09:10:12,767 [INFO] IPUIPlugin:80 - create IPUIPlugin
2024-04-01 09:10:12,767 [INFO] PluginManager:220 - loadIPPluginJar : add ltdc
2024-04-01 09:10:12,768 [INFO] IPUIPlugin:80 - create IPUIPlugin
2024-04-01 09:10:12,768 [INFO] PluginManager:220 - loadIPPluginJar : add tracer_emb
2024-04-01 09:10:12,769 [INFO] IPUIPlugin:80 - create IPUIPlugin
2024-04-01 09:10:12,769 [INFO] PluginManager:220 - loadIPPluginJar : add fatfs
2024-04-01 09:10:12,770 [INFO] IPUIPlugin:80 - create IPUIPlugin
2024-04-01 09:10:12,770 [INFO] PluginManager:220 - loadIPPluginJar : add comp
2024-04-01 09:10:12,774 [INFO] IPUIPlugin:80 - create IPUIPlugin
2024-04-01 09:10:12,774 [INFO] PluginManager:220 - loadIPPluginJar : add linkedlist
2024-04-01 09:10:12,777 [INFO] IPUIPlugin:80 - create IPUIPlugin
2024-04-01 09:10:12,777 [INFO] PluginManager:220 - loadIPPluginJar : add gpio
2024-04-01 09:10:12,778 [INFO] IPUIPlugin:80 - create IPUIPlugin
2024-04-01 09:10:12,778 [INFO] PluginManager:220 - loadIPPluginJar : add aes
2024-04-01 09:10:12,779 [INFO] IPUIPlugin:80 - create IPUIPlugin
2024-04-01 09:10:12,779 [INFO] PluginManager:220 - loadIPPluginJar : add hash
2024-04-01 09:10:12,783 [INFO] IPUIPlugin:80 - create IPUIPlugin
2024-04-01 09:10:12,783 [INFO] PluginManager:220 - loadIPPluginJar : add mdma
2024-04-01 09:10:12,784 [INFO] IPUIPlugin:80 - create IPUIPlugin
2024-04-01 09:10:12,784 [INFO] PluginManager:220 - loadIPPluginJar : add dfsdm
2024-04-01 09:10:12,786 [INFO] IPUIPlugin:80 - create IPUIPlugin
2024-04-01 09:10:12,786 [INFO] PluginManager:220 - loadIPPluginJar : add pdm2pcm
2024-04-01 09:10:12,787 [INFO] IPUIPlugin:80 - create IPUIPlugin
2024-04-01 09:10:12,787 [INFO] PluginManager:220 - loadIPPluginJar : add touchsensing
2024-04-01 09:10:12,788 [INFO] IPUIPlugin:80 - create IPUIPlugin
2024-04-01 09:10:12,788 [INFO] PluginManager:220 - loadIPPluginJar : add cryp
2024-04-01 09:10:12,792 [INFO] IPUIPlugin:80 - create IPUIPlugin
2024-04-01 09:10:12,793 [INFO] PluginManager:220 - loadIPPluginJar : add freertos
2024-04-01 09:10:12,794 [INFO] IPUIPlugin:80 - create IPUIPlugin
2024-04-01 09:10:12,794 [INFO] PluginManager:220 - loadIPPluginJar : add usbx
2024-04-01 09:10:12,797 [INFO] IPUIPlugin:80 - create IPUIPlugin
2024-04-01 09:10:12,797 [INFO] PluginManager:220 - loadIPPluginJar : add fmc
2024-04-01 09:10:12,801 [INFO] IPUIPlugin:80 - create IPUIPlugin
2024-04-01 09:10:12,801 [INFO] PluginManager:220 - loadIPPluginJar : add gic
2024-04-01 09:10:12,804 [INFO] IPUIPlugin:80 - create IPUIPlugin
2024-04-01 09:10:12,804 [INFO] PluginManager:220 - loadIPPluginJar : add dma
2024-04-01 09:10:12,805 [INFO] IPUIPlugin:80 - create IPUIPlugin
2024-04-01 09:10:12,805 [INFO] PluginManager:220 - loadIPPluginJar : add genericplugin
2024-04-01 09:10:12,806 [INFO] IPUIPlugin:80 - create IPUIPlugin
2024-04-01 09:10:12,806 [INFO] PluginManager:220 - loadIPPluginJar : add ucpd
2024-04-01 09:10:12,808 [INFO] IPUIPlugin:80 - create IPUIPlugin
2024-04-01 09:10:12,808 [INFO] PluginManager:220 - loadIPPluginJar : add opamp
2024-04-01 09:10:12,811 [INFO] IPUIPlugin:80 - create IPUIPlugin
2024-04-01 09:10:12,811 [INFO] PluginManager:220 - loadIPPluginJar : add stm32_wpan
2024-04-01 09:10:12,812 [INFO] IPUIPlugin:80 - create IPUIPlugin
2024-04-01 09:10:12,812 [INFO] PluginManager:220 - loadIPPluginJar : add ts
2024-04-01 09:10:12,813 [INFO] IPUIPlugin:80 - create IPUIPlugin
2024-04-01 09:10:12,813 [INFO] PluginManager:220 - loadIPPluginJar : add spi
2024-04-01 09:10:12,814 [INFO] IPUIPlugin:80 - create IPUIPlugin
2024-04-01 09:10:12,814 [INFO] PluginManager:220 - loadIPPluginJar : add sai
2024-04-01 09:10:12,816 [INFO] IPUIPlugin:80 - create IPUIPlugin
2024-04-01 09:10:12,816 [INFO] PluginManager:220 - loadIPPluginJar : add ipddr
2024-04-01 09:10:12,818 [INFO] IPUIPlugin:80 - create IPUIPlugin
2024-04-01 09:10:12,818 [INFO] PluginManager:220 - loadIPPluginJar : add resmgrutility
2024-04-01 09:10:12,820 [INFO] IPUIPlugin:80 - create IPUIPlugin
2024-04-01 09:10:12,820 [INFO] PluginManager:220 - loadIPPluginJar : add gfxmmu
2024-04-01 09:10:12,821 [INFO] IPUIPlugin:80 - create IPUIPlugin
2024-04-01 09:10:12,821 [INFO] PluginManager:220 - loadIPPluginJar : add can
2024-04-01 09:10:12,823 [INFO] IPUIPlugin:80 - create IPUIPlugin
2024-04-01 09:10:12,823 [INFO] PluginManager:220 - loadIPPluginJar : add i2c
2024-04-01 09:10:12,824 [INFO] IPUIPlugin:80 - create IPUIPlugin
2024-04-01 09:10:12,824 [INFO] PluginManager:220 - loadIPPluginJar : add i2s
2024-04-01 09:10:12,825 [INFO] IPUIPlugin:80 - create IPUIPlugin
2024-04-01 09:10:12,825 [INFO] PluginManager:220 - loadIPPluginJar : add tim
2024-04-01 09:10:12,826 [INFO] IPUIPlugin:80 - create IPUIPlugin
2024-04-01 09:10:12,826 [INFO] PluginManager:220 - loadIPPluginJar : add openamp
2024-04-01 09:10:12,827 [INFO] IPUIPlugin:80 - create IPUIPlugin
2024-04-01 09:10:12,827 [INFO] PluginManager:220 - loadIPPluginJar : add quadspi
2024-04-01 09:10:12,919 [INFO] CADModel:165 - CPN selected for project level
2024-04-01 09:10:12,920 [INFO] CADModel:114 - Register for checkConnection events
2024-04-01 09:10:12,920 [FATAL] Updater:308 - Updater called before beeing initialized
2024-04-01 09:10:12,920 [ERROR] CADModel:125 - Updater not yet initialized, retry later 
2024-04-01 09:10:12,996 [INFO] CADModel:165 - CPN selected for project level
2024-04-01 09:10:12,996 [INFO] CADModel:114 - Register for checkConnection events
2024-04-01 09:10:12,996 [FATAL] Updater:308 - Updater called before beeing initialized
2024-04-01 09:10:12,996 [ERROR] CADModel:125 - Updater not yet initialized, retry later 
2024-04-01 09:10:12,998 [FATAL] Updater:308 - Updater called before beeing initialized
2024-04-01 09:10:13,039 [FATAL] Updater:308 - Updater called before beeing initialized
2024-04-01 09:10:13,042 [INFO] DbMcusAds:53 - JSON generation date=Wed Nov 29 07:52:27 ART 2023 (1701255147349)
2024-04-01 09:10:13,042 [FATAL] Updater:308 - Updater called before beeing initialized
2024-04-01 09:10:13,063 [WARN] DetailPanel:346 - Failed to get advertising image, set to default
2024-04-01 09:10:13,115 [FATAL] Updater:308 - Updater called before beeing initialized
2024-04-01 09:10:13,116 [FATAL] Updater:308 - Updater called before beeing initialized
2024-04-01 09:10:13,116 [FATAL] Updater:308 - Updater called before beeing initialized
2024-04-01 09:10:13,116 [WARN] DetailPanel:346 - Failed to get advertising image, set to default
2024-04-01 09:10:13,116 [FATAL] Updater:308 - Updater called before beeing initialized
2024-04-01 09:10:13,135 [ERROR] Updater:1120 - MainUpdater not yet initialized. External WinMGr cannot be set.
2024-04-01 09:10:13,136 [INFO] Updater:1056 - Updater Version found : 6.10.0
2024-04-01 09:10:13,148 [INFO] ApplicationProperties:184 - Using Application install path: /opt/st/stm32cubeide_1.14.0/plugins/com.st.stm32cube.common.mx_6.10.0.202311202037
2024-04-01 09:10:13,349 [INFO] MainUpdater:2873 - connection check result : 10
2024-04-01 09:10:13,349 [INFO] MainUpdater:290 - Updater Check For Update Now.
2024-04-01 09:10:13,349 [INFO] MicroXplorer:498 - Change Database Version : DB.6.0.100
2024-04-01 09:10:13,352 [INFO] McuFinderGlobals:63 - Set McuFinder mode to 2 (CubeIDE integrated)
2024-04-01 09:10:13,353 [INFO] UserAuth:180 - activating auth plugin
2024-04-01 09:10:13,354 [INFO] UserAuth:404 - Internet connection configuration mode: 1
2024-04-01 09:10:13,365 [INFO] JxBrowserEngine:152 - Initiate JxBrowser Engine with user profile folder
2024-04-01 09:10:13,491 [INFO] CheckServerUpdateThread:120 - End of CheckServer Thread
2024-04-01 09:10:13,941 [INFO] WebApp:161 - Instantiating new browser for Auth
2024-04-01 09:10:14,302 [INFO] WebApp:780 - Register for checkConnection events
2024-04-01 09:10:14,302 [INFO] WebApp:414 - Apply proxy settings
2024-04-01 09:10:14,302 [INFO] WebApp:499 - Chromium requires no authentication
2024-04-01 09:10:14,305 [INFO] WebApp:442 - Direct internet connection detected
2024-04-01 09:10:14,375 [INFO] WebApp:192 - Starting web application
2024-04-01 09:10:14,375 [INFO] WebApp:544 - Web application path used /opt/st/stm32cubeide_1.14.0/plugins/com.st.stm32cube.common.mx_6.10.0.202311202037/db/plugins/mcufinder/reactClient1/index.html
2024-04-01 09:10:15,563 [WARN] PackLoader:240 - Cannot read IP mode file for STMicroelectronics.X-CUBE-SMBUS.2.1.0
2024-04-01 09:10:15,567 [WARN] PackLoader:240 - Cannot read IP mode file for STMicroelectronics.X-CUBE-TOUCHGFX.4.23.1
2024-04-01 09:10:15,569 [WARN] PackLoader:240 - Cannot read IP mode file for STMicroelectronics.X-CUBE-TOUCHGFX.4.23.0
2024-04-01 09:10:15,587 [WARN] PackLoader:240 - Cannot read IP mode file for STMicroelectronics.X-CUBE-AZRTOS-F7.1.1.0
2024-04-01 09:10:15,598 [WARN] PackLoader:240 - Cannot read IP mode file for STMicroelectronics.FP-SNS-MOTENV1.4.3.2
2024-04-01 09:10:15,604 [WARN] PackLoader:240 - Cannot read IP mode file for STMicroelectronics.FP-SNS-FLIGHT1.5.0.2
2024-04-01 09:10:15,614 [WARN] PackLoader:240 - Cannot read IP mode file for STMicroelectronics.X-CUBE-DISPLAY.3.0.0
2024-04-01 09:10:15,626 [WARN] PackLoader:240 - Cannot read IP mode file for STMicroelectronics.X-CUBE-BLE1.7.0.0
2024-04-01 09:10:15,631 [WARN] PackLoader:240 - Cannot read IP mode file for emotas.I-CUBE-CANOPEN.1.3.0
2024-04-01 09:10:15,643 [WARN] PackLoader:240 - Cannot read IP mode file for STMicroelectronics.X-CUBE-BLEMGR.3.1.0
2024-04-01 09:10:15,649 [WARN] PackLoader:240 - Cannot read IP mode file for STMicroelectronics.FP-SNS-SMARTAG2.1.2.0
2024-04-01 09:10:15,656 [INFO] LogOutputStream:77 - [STDOUT_REDIRECT] 1 : Invalid condition id : UX_CORESTACK_Condition cause : null
2024-04-01 09:10:15,657 [INFO] LogOutputStream:77 - [STDOUT_REDIRECT] 1 : Invalid condition id : UX_CORESTACK_Condition cause : null
2024-04-01 09:10:15,657 [INFO] LogOutputStream:77 - [STDOUT_REDIRECT] 1 : Invalid condition id : UX_CORESTACK_Condition cause : null
2024-04-01 09:10:15,657 [INFO] LogOutputStream:77 - [STDOUT_REDIRECT] 1 : Invalid condition id : UX_CORESTACK_Condition cause : null
2024-04-01 09:10:15,657 [INFO] LogOutputStream:77 - [STDOUT_REDIRECT] 1 : Invalid condition id : UX_CORESTACK_Condition cause : null
2024-04-01 09:10:15,659 [WARN] PackLoader:240 - Cannot read IP mode file for STMicroelectronics.X-CUBE-AZRTOS-WL.2.0.0
2024-04-01 09:10:15,662 [WARN] PackLoader:240 - Cannot read IP mode file for STMicroelectronics.FP-SNS-MOTENV1.5.0.0
2024-04-01 09:10:15,667 [WARN] PackLoader:240 - Cannot read IP mode file for WES.I-CUBE-Cesium.1.3.0
2024-04-01 09:10:15,669 [WARN] PackLoader:240 - Cannot read IP mode file for STMicroelectronics.X-CUBE-BLE2.3.3.0
2024-04-01 09:10:15,673 [WARN] PackLoader:240 - Cannot read IP mode file for STMicroelectronics.X-CUBE-ALGOBUILD.1.3.0
2024-04-01 09:10:15,682 [WARN] PackLoader:240 - Cannot read IP mode file for STMicroelectronics.X-CUBE-AZRTOS-G0.1.1.0
2024-04-01 09:10:15,686 [WARN] PackLoader:240 - Cannot read IP mode file for STMicroelectronics.X-CUBE-SAFEA1.1.2.2
2024-04-01 09:10:15,689 [WARN] PackLoader:240 - Cannot read IP mode file for STMicroelectronics.X-CUBE-NFC4.3.0.0
2024-04-01 09:10:15,691 [WARN] PackLoader:240 - Cannot read IP mode file for STMicroelectronics.FP-ATR-SIGFOX1.3.2.0
2024-04-01 09:10:15,693 [WARN] PackLoader:240 - Cannot read IP mode file for STMicroelectronics.X-CUBE-EEPRMA1.5.1.0
2024-04-01 09:10:15,713 [WARN] PackLoader:240 - Cannot read IP mode file for SEGGER.I-CUBE-embOS.1.3.1
2024-04-01 09:10:15,737 [WARN] PackLoader:240 - Cannot read IP mode file for STMicroelectronics.X-CUBE-GNSS1.6.0.0
2024-04-01 09:10:15,745 [WARN] PackLoader:240 - Cannot read IP mode file for STMicroelectronics.X-CUBE-AZRTOS-F4.1.1.0
2024-04-01 09:10:15,748 [WARN] PackLoader:240 - Cannot read IP mode file for wolfSSL.I-CUBE-wolfSSL.5.6.6
2024-04-01 09:10:15,757 [WARN] PackLoader:240 - Cannot read IP mode file for STMicroelectronics.X-CUBE-AZRTOS-L5.2.0.0
2024-04-01 09:10:15,762 [WARN] PackLoader:240 - Cannot read IP mode file for STMicroelectronics.X-CUBE-NFC6.3.1.0
2024-04-01 09:10:15,766 [WARN] PackLoader:240 - Cannot read IP mode file for ITTIA_DB.I-CUBE-ITTIADB.8.8.0
2024-04-01 09:10:15,768 [WARN] PackLoader:240 - Cannot read IP mode file for STMicroelectronics.X-CUBE-NFC7.1.0.1
2024-04-01 09:10:15,771 [WARN] PackLoader:240 - Cannot read IP mode file for STMicroelectronics.X-CUBE-AI.8.1.0
2024-04-01 09:10:15,779 [WARN] ConditionMgr:438 - getConditionDescription Invalid condition id : LAN8742 Phy interface Condition cause : null
2024-04-01 09:10:15,780 [WARN] PackLoader:240 - Cannot read IP mode file for STMicroelectronics.X-CUBE-AZRTOS-L4.2.0.0
2024-04-01 09:10:15,781 [WARN] ConditionMgr:1039 - genDependencies : Invalid condition id : LAN8742 Phy interface Condition cause : null
2024-04-01 09:10:15,781 [WARN] ConditionMgr:1039 - genDependencies : Invalid condition id : LAN8742 Phy interface Condition cause : null
2024-04-01 09:10:15,781 [WARN] ConditionMgr:1039 - genDependencies : Invalid condition id : LAN8742 Phy interface Condition cause : null
2024-04-01 09:10:15,786 [WARN] PackLoader:240 - Cannot read IP mode file for STMicroelectronics.X-CUBE-SFXS2LP1.4.0.0
2024-04-01 09:10:15,794 [WARN] ConditionMgr:438 - getConditionDescription Invalid condition id : UX DEVICE CLASS RTOS Condition cause : null
2024-04-01 09:10:15,794 [WARN] ConditionMgr:438 - getConditionDescription Invalid condition id : UX DEVICE CLASS RTOS Condition cause : null
2024-04-01 09:10:15,795 [WARN] PackLoader:240 - Cannot read IP mode file for STMicroelectronics.X-CUBE-AZRTOS-WB.2.0.0
2024-04-01 09:10:15,795 [WARN] ConditionMgr:1039 - genDependencies : Invalid condition id : UX DEVICE CLASS RTOS Condition cause : null
2024-04-01 09:10:15,796 [WARN] ConditionMgr:1039 - genDependencies : Invalid condition id : UX DEVICE CLASS RTOS Condition cause : null
2024-04-01 09:10:15,796 [WARN] ConditionMgr:1039 - genDependencies : Invalid condition id : UX DEVICE CLASS RTOS Condition cause : null
2024-04-01 09:10:15,796 [WARN] ConditionMgr:1039 - genDependencies : Invalid condition id : UX DEVICE CLASS RTOS Condition cause : null
2024-04-01 09:10:15,796 [WARN] ConditionMgr:1039 - genDependencies : Invalid condition id : UX DEVICE CLASS RTOS Condition cause : null
2024-04-01 09:10:15,801 [WARN] PackLoader:240 - Cannot read IP mode file for STMicroelectronics.X-CUBE-SUBG2.5.0.0
2024-04-01 09:10:15,812 [WARN] PackLoader:240 - Cannot read IP mode file for STMicroelectronics.X-CUBE-AZRTOS-G4.2.0.0
2024-04-01 09:10:15,818 [WARN] PackLoader:240 - Cannot read IP mode file for Infineon.AIROC-Wi-Fi-Bluetooth-STM32.1.5.1
2024-04-01 09:10:15,825 [WARN] PackLoader:240 - Cannot read IP mode file for STMicroelectronics.X-CUBE-ISPU.2.0.0
2024-04-01 09:10:15,845 [WARN] PackLoader:240 - Cannot read IP mode file for STMicroelectronics.X-CUBE-MEMS1.10.0.0
2024-04-01 09:10:15,912 [WARN] PackLoader:240 - Cannot read IP mode file for STMicroelectronics.X-CUBE-FREERTOS.1.1.0
2024-04-01 09:10:15,915 [WARN] PackLoader:240 - Cannot read IP mode file for portGmbH.I-Cube-SoM-uGOAL.1.1.0
2024-04-01 09:10:15,918 [WARN] PackLoader:240 - Cannot read IP mode file for STMicroelectronics.X-CUBE-ALS.1.0.1
2024-04-01 09:10:15,920 [WARN] PackLoader:240 - Cannot read IP mode file for STMicroelectronics.FP-ATR-ASTRA1.2.0.0
2024-04-01 09:10:15,927 [WARN] PackLoader:240 - Cannot read IP mode file for STMicroelectronics.X-CUBE-TOF1.3.4.1
2024-04-01 09:10:15,942 [WARN] PackLoader:240 - Cannot read IP mode file for STMicroelectronics.X-CUBE-AZRTOS-H7.3.2.0
2024-04-01 09:10:15,945 [INFO] ThirdParty:978 - Integrity check success = true
2024-04-01 09:10:15,945 [INFO] IntegrityCheckThread:100 - exiting critical section [integrity check]
2024-04-01 09:10:15,945 [INFO] IntegrityCheckThread:103 - End integrity checks thread
2024-04-01 09:10:34,597 [ERROR] LogOutputStream:75 - [STDERR_REDIRECT] SLF4J: Failed to load class "org.slf4j.impl.StaticLoggerBinder".
2024-04-01 09:10:34,597 [ERROR] LogOutputStream:75 - [STDERR_REDIRECT] SLF4J: Defaulting to no-operation (NOP) logger implementation
2024-04-01 09:10:34,597 [ERROR] LogOutputStream:75 - [STDERR_REDIRECT] SLF4J: See http://www.slf4j.org/codes.html#StaticLoggerBinder for further details.
2024-04-01 09:13:21,816 [ERROR] LogOutputStream:75 - [STDERR_REDIRECT] 
2024-04-01 09:13:32,706 [INFO] Activator:176 - 


2024-04-01 09:13:32,707 [INFO] Activator:177 - !SESSION log4j initialized
2024-04-01 09:13:34,021 [INFO] LogOutputStream:77 - [STDOUT_REDIRECT] 
2024-04-01 09:13:34,756 [INFO] ApplicationProperties:184 - Using Application install path: /opt/st/stm32cubeide_1.14.0/plugins/com.st.stm32cube.common.mx_6.10.0.202311202037
2024-04-01 09:13:34,765 [INFO] DbMcusXml:78 - Set database path to: /opt/st/stm32cubeide_1.14.0/plugins/com.st.stm32cube.common.mx_6.10.0.202311202037//db//mcu/
2024-04-01 09:13:34,765 [INFO] ApiDb:274 - Set plugin database path to: /opt/st/stm32cubeide_1.14.0/plugins/com.st.stm32cube.common.mx_6.10.0.202311202037//db//plugins/boardmanager/
2024-04-01 09:13:34,765 [WARN] ApiDb:259 - Overriding images path with different value:  => /opt/st/stm32cubeide_1.14.0/plugins/com.st.stm32cube.common.mx_6.10.0.202311202037//db//plugins/mcufinder/images/
2024-04-01 09:13:34,767 [INFO] ApiDb:250 - Set database path to: /home/lpmeoli/.stmcufinder/plugins/mcufinder//mcu/
2024-04-01 09:13:34,767 [INFO] DbMcusAds:125 - Set database path to: /home/lpmeoli/.stmcufinder/plugins/mcufinder//mcu/
2024-04-01 09:13:34,768 [INFO] CrossReferenceDbSqlite:203 - Set database path to: /home/lpmeoli/.stmcufinder/plugins/mcufinder//mcu/cs/
2024-04-01 09:13:34,822 [INFO] RulesReader:64 - Compatibility file has been processed (297 Rules)
2024-04-01 09:13:34,850 [INFO] DbMcusXml:78 - Set database path to: /opt/st/stm32cubeide_1.14.0/plugins/com.st.stm32cube.common.mx_6.10.0.202311202037//db//mcu/
2024-04-01 09:13:34,850 [INFO] ApiDb:274 - Set plugin database path to: /opt/st/stm32cubeide_1.14.0/plugins/com.st.stm32cube.common.mx_6.10.0.202311202037//db//plugins/boardmanager/
2024-04-01 09:13:34,850 [INFO] ApiDb:261 - Set plugin images path to: /opt/st/stm32cubeide_1.14.0/plugins/com.st.stm32cube.common.mx_6.10.0.202311202037//db//plugins/mcufinder/images/
2024-04-01 09:13:34,850 [WARN] DbFile:41 - Overriding database path with different value: /home/lpmeoli/.stmcufinder/plugins/mcufinder/ => /home/lpmeoli/.stmcufinder/plugins/mcufinder
2024-04-01 09:13:34,851 [INFO] ApiDb:250 - Set database path to: /home/lpmeoli/.stmcufinder/plugins/mcufinder//mcu/
2024-04-01 09:13:34,851 [WARN] DbFile:41 - Overriding database path with different value: /home/lpmeoli/.stmcufinder/plugins/mcufinder/ => /home/lpmeoli/.stmcufinder/plugins/mcufinder
2024-04-01 09:13:34,851 [INFO] DbMcusAds:125 - Set database path to: /home/lpmeoli/.stmcufinder/plugins/mcufinder//mcu/
2024-04-01 09:13:34,851 [WARN] DbFile:41 - Overriding database path with different value: /home/lpmeoli/.stmcufinder/plugins/mcufinder/ => /home/lpmeoli/.stmcufinder/plugins/mcufinder
2024-04-01 09:13:34,851 [WARN] DbFile:41 - Overriding database path with different value: /home/lpmeoli/.stmcufinder/plugins/mcufinder/ => /home/lpmeoli/.stmcufinder/plugins/mcufinder
2024-04-01 09:13:34,851 [INFO] CrossReferenceDbSqlite:203 - Set database path to: /home/lpmeoli/.stmcufinder/plugins/mcufinder//mcu/cs/
2024-04-01 09:13:34,886 [INFO] MainPanel:264 - HeapMemory: 268435456
2024-04-01 09:13:34,927 [INFO] DbMcusXml:78 - Set database path to: /opt/st/stm32cubeide_1.14.0/plugins/com.st.stm32cube.common.mx_6.10.0.202311202037//db//mcu/
2024-04-01 09:13:34,927 [INFO] ApiDb:274 - Set plugin database path to: /opt/st/stm32cubeide_1.14.0/plugins/com.st.stm32cube.common.mx_6.10.0.202311202037//db//plugins/boardmanager/
2024-04-01 09:13:34,927 [INFO] ApiDb:261 - Set plugin images path to: /opt/st/stm32cubeide_1.14.0/plugins/com.st.stm32cube.common.mx_6.10.0.202311202037//db//plugins/mcufinder/images/
2024-04-01 09:13:34,927 [WARN] DbFile:41 - Overriding database path with different value: /home/lpmeoli/.stmcufinder/plugins/mcufinder/ => /home/lpmeoli/.stmcufinder/plugins/mcufinder
2024-04-01 09:13:34,928 [INFO] ApiDb:250 - Set database path to: /home/lpmeoli/.stmcufinder/plugins/mcufinder//mcu/
2024-04-01 09:13:34,928 [WARN] DbFile:41 - Overriding database path with different value: /home/lpmeoli/.stmcufinder/plugins/mcufinder/ => /home/lpmeoli/.stmcufinder/plugins/mcufinder
2024-04-01 09:13:34,928 [INFO] DbMcusAds:125 - Set database path to: /home/lpmeoli/.stmcufinder/plugins/mcufinder//mcu/
2024-04-01 09:13:34,928 [WARN] DbFile:41 - Overriding database path with different value: /home/lpmeoli/.stmcufinder/plugins/mcufinder/ => /home/lpmeoli/.stmcufinder/plugins/mcufinder
2024-04-01 09:13:34,928 [WARN] DbFile:41 - Overriding database path with different value: /home/lpmeoli/.stmcufinder/plugins/mcufinder/ => /home/lpmeoli/.stmcufinder/plugins/mcufinder
2024-04-01 09:13:34,928 [INFO] CrossReferenceDbSqlite:203 - Set database path to: /home/lpmeoli/.stmcufinder/plugins/mcufinder//mcu/cs/
2024-04-01 09:13:34,936 [INFO] ApplicationProperties:184 - Using Application install path: /opt/st/stm32cubeide_1.14.0/plugins/com.st.stm32cube.common.mx_6.10.0.202311202037
2024-04-01 09:13:34,936 [INFO] PluginManage:196 - Search for loadable plugins [exclusion list=, ]
2024-04-01 09:13:34,937 [INFO] PluginManage:310 - Check plugin analytics
2024-04-01 09:13:35,008 [INFO] AnalyticsPlugin:253 - Accepted Software Licenses: 
2024-04-01 09:13:35,008 [INFO] AnalyticsPlugin:255 - Accepted CMSIS Pack Licenses: 
2024-04-01 09:13:35,008 [INFO] AnalyticsPlugin:257 - Accepted Firmware Licenses: 
2024-04-01 09:13:35,010 [INFO] PluginManage:359 - Loaded plugin analytics (category:tool,tabindex:-1)
2024-04-01 09:13:35,010 [INFO] PluginManage:310 - Check plugin cadmodel
2024-04-01 09:13:35,021 [INFO] CADModel:105 - Init CAD model plugin
2024-04-01 09:13:35,021 [INFO] PluginManage:359 - Loaded plugin cadmodel (category:power,tabindex:5)
2024-04-01 09:13:35,021 [INFO] PluginManage:310 - Check plugin clock
2024-04-01 09:13:35,025 [INFO] PluginManage:359 - Loaded plugin clock (category:base,tabindex:2)
2024-04-01 09:13:35,025 [INFO] PluginManage:310 - Check plugin ddr
2024-04-01 09:13:35,026 [INFO] PluginManage:359 - Loaded plugin ddr (category:tool,tabindex:6)
2024-04-01 09:13:35,026 [INFO] PluginManage:310 - Check plugin filemanager
2024-04-01 09:13:35,094 [INFO] PluginManage:359 - Loaded plugin filemanager (category:base,tabindex:10)
2024-04-01 09:13:35,094 [INFO] PluginManage:310 - Check plugin ipmanager
2024-04-01 09:13:35,097 [INFO] PluginManage:359 - Loaded plugin ipmanager (category:base,tabindex:5)
2024-04-01 09:13:35,097 [INFO] PluginManage:310 - Check plugin lpbam
2024-04-01 09:13:35,101 [INFO] PluginManage:359 - Loaded plugin lpbam (category:base,tabindex:0)
2024-04-01 09:13:35,101 [INFO] PluginManage:310 - Check plugin memorymap
2024-04-01 09:13:35,106 [INFO] PluginManage:359 - Loaded plugin memorymap (category:base,tabindex:4)
2024-04-01 09:13:35,106 [INFO] PluginManage:310 - Check plugin pinoutandconfiguration
2024-04-01 09:13:35,108 [INFO] PluginManage:359 - Loaded plugin pinoutandconfiguration (category:base,tabindex:1)
2024-04-01 09:13:35,108 [INFO] PluginManage:310 - Check plugin pinoutconfig
2024-04-01 09:13:35,148 [WARN] SupportedApi:132 - Cannot load RTOS API schema: s4s-elt-must-match.1: The content of 'definitions' must match (annotation?, (simpleType | complexType)?, (unique | key | keyref)*)). A problem was found starting at: attribute.
2024-04-01 09:13:35,227 [INFO] PluginManage:359 - Loaded plugin pinoutconfig (category:base,tabindex:0)
2024-04-01 09:13:35,227 [INFO] PluginManage:310 - Check plugin power
2024-04-01 09:13:35,231 [INFO] PluginManage:359 - Loaded plugin power (category:power,tabindex:4)
2024-04-01 09:13:35,231 [INFO] PluginManage:310 - Check plugin projectmanager
2024-04-01 09:13:35,239 [INFO] PluginManage:359 - Loaded plugin projectmanager (category:projectmanager,tabindex:3)
2024-04-01 09:13:35,239 [INFO] PluginManage:310 - Check plugin thirdparty
2024-04-01 09:13:35,287 [INFO] PluginManage:359 - Loaded plugin thirdparty (category:base,tabindex:-1)
2024-04-01 09:13:35,287 [WARN] IntegrityCheckThread:84 - waiting for thirdparty lock release [integrity check]
2024-04-01 09:13:35,288 [INFO] PluginManage:310 - Check plugin tools
2024-04-01 09:13:35,288 [INFO] IntegrityCheckThread:86 - entering critical section [integrity check]
2024-04-01 09:13:35,288 [INFO] ThirdPartyUpdaterWithRetryManager:70 - Updater plugin not ready yet. [1/15]
2024-04-01 09:13:35,289 [INFO] PluginManage:359 - Loaded plugin tools (category:base,tabindex:7)
2024-04-01 09:13:35,289 [INFO] PluginManage:310 - Check plugin tutovideos
2024-04-01 09:13:35,368 [INFO] PluginManage:359 - Loaded plugin tutovideos (category:base,tabindex:-1)
2024-04-01 09:13:35,368 [INFO] PluginManage:310 - Check plugin updater
2024-04-01 09:13:35,373 [INFO] PluginManage:359 - Loaded plugin updater (category:base,tabindex:12)
2024-04-01 09:13:35,373 [INFO] PluginManage:310 - Check plugin userauth
2024-04-01 09:13:35,376 [INFO] UserAuth:114 - Init User Auth plugin
2024-04-01 09:13:35,376 [INFO] PluginManage:359 - Loaded plugin userauth (category:base,tabindex:14)
2024-04-01 09:13:35,376 [INFO] PluginManage:283 - PluginManage : Loaded plugins [17]
2024-04-01 09:13:35,461 [INFO] PinOutPanel:1499 - setPackage(No Configuration,No Configuration)
2024-04-01 09:13:35,490 [INFO] CADModel:165 - CPN selected for project level
2024-04-01 09:13:35,490 [INFO] CADModel:114 - Register for checkConnection events
2024-04-01 09:13:35,495 [INFO] IPUIPlugin:80 - create IPUIPlugin
2024-04-01 09:13:35,495 [INFO] PluginManager:220 - loadIPPluginJar : add nvic
2024-04-01 09:13:35,497 [INFO] IPUIPlugin:80 - create IPUIPlugin
2024-04-01 09:13:35,497 [INFO] PluginManager:220 - loadIPPluginJar : add tsc
2024-04-01 09:13:35,498 [INFO] IPUIPlugin:80 - create IPUIPlugin
2024-04-01 09:13:35,498 [INFO] PluginManager:220 - loadIPPluginJar : add dma3
2024-04-01 09:13:35,502 [INFO] IPUIPlugin:80 - create IPUIPlugin
2024-04-01 09:13:35,503 [INFO] PluginManager:220 - loadIPPluginJar : add adc
2024-04-01 09:13:35,504 [INFO] IPUIPlugin:80 - create IPUIPlugin
2024-04-01 09:13:35,504 [INFO] PluginManager:220 - loadIPPluginJar : add i3c
2024-04-01 09:13:35,505 [INFO] IPUIPlugin:80 - create IPUIPlugin
2024-04-01 09:13:35,505 [INFO] PluginManager:220 - loadIPPluginJar : add gtzc
2024-04-01 09:13:35,506 [INFO] IPUIPlugin:80 - create IPUIPlugin
2024-04-01 09:13:35,506 [INFO] PluginManager:220 - loadIPPluginJar : add lorawan
2024-04-01 09:13:35,507 [INFO] IPUIPlugin:80 - create IPUIPlugin
2024-04-01 09:13:35,507 [INFO] PluginManager:220 - loadIPPluginJar : add usart
2024-04-01 09:13:35,509 [INFO] IPUIPlugin:80 - create IPUIPlugin
2024-04-01 09:13:35,510 [INFO] PluginManager:220 - loadIPPluginJar : add plateformsettings
2024-04-01 09:13:35,511 [INFO] IPUIPlugin:80 - create IPUIPlugin
2024-04-01 09:13:35,511 [INFO] PluginManager:220 - loadIPPluginJar : add ltdc
2024-04-01 09:13:35,512 [INFO] IPUIPlugin:80 - create IPUIPlugin
2024-04-01 09:13:35,512 [INFO] PluginManager:220 - loadIPPluginJar : add tracer_emb
2024-04-01 09:13:35,512 [INFO] IPUIPlugin:80 - create IPUIPlugin
2024-04-01 09:13:35,512 [INFO] PluginManager:220 - loadIPPluginJar : add fatfs
2024-04-01 09:13:35,513 [INFO] IPUIPlugin:80 - create IPUIPlugin
2024-04-01 09:13:35,513 [INFO] PluginManager:220 - loadIPPluginJar : add comp
2024-04-01 09:13:35,517 [INFO] IPUIPlugin:80 - create IPUIPlugin
2024-04-01 09:13:35,517 [INFO] PluginManager:220 - loadIPPluginJar : add linkedlist
2024-04-01 09:13:35,518 [INFO] IPUIPlugin:80 - create IPUIPlugin
2024-04-01 09:13:35,518 [INFO] PluginManager:220 - loadIPPluginJar : add gpio
2024-04-01 09:13:35,519 [INFO] IPUIPlugin:80 - create IPUIPlugin
2024-04-01 09:13:35,519 [INFO] PluginManager:220 - loadIPPluginJar : add aes
2024-04-01 09:13:35,520 [INFO] IPUIPlugin:80 - create IPUIPlugin
2024-04-01 09:13:35,520 [INFO] PluginManager:220 - loadIPPluginJar : add hash
2024-04-01 09:13:35,523 [INFO] IPUIPlugin:80 - create IPUIPlugin
2024-04-01 09:13:35,523 [INFO] PluginManager:220 - loadIPPluginJar : add mdma
2024-04-01 09:13:35,524 [INFO] IPUIPlugin:80 - create IPUIPlugin
2024-04-01 09:13:35,524 [INFO] PluginManager:220 - loadIPPluginJar : add dfsdm
2024-04-01 09:13:35,525 [INFO] IPUIPlugin:80 - create IPUIPlugin
2024-04-01 09:13:35,525 [INFO] PluginManager:220 - loadIPPluginJar : add pdm2pcm
2024-04-01 09:13:35,526 [INFO] IPUIPlugin:80 - create IPUIPlugin
2024-04-01 09:13:35,526 [INFO] PluginManager:220 - loadIPPluginJar : add touchsensing
2024-04-01 09:13:35,527 [INFO] IPUIPlugin:80 - create IPUIPlugin
2024-04-01 09:13:35,527 [INFO] PluginManager:220 - loadIPPluginJar : add cryp
2024-04-01 09:13:35,529 [INFO] IPUIPlugin:80 - create IPUIPlugin
2024-04-01 09:13:35,529 [INFO] PluginManager:220 - loadIPPluginJar : add freertos
2024-04-01 09:13:35,531 [INFO] IPUIPlugin:80 - create IPUIPlugin
2024-04-01 09:13:35,531 [INFO] PluginManager:220 - loadIPPluginJar : add usbx
2024-04-01 09:13:35,533 [INFO] IPUIPlugin:80 - create IPUIPlugin
2024-04-01 09:13:35,533 [INFO] PluginManager:220 - loadIPPluginJar : add fmc
2024-04-01 09:13:35,535 [INFO] IPUIPlugin:80 - create IPUIPlugin
2024-04-01 09:13:35,535 [INFO] PluginManager:220 - loadIPPluginJar : add gic
2024-04-01 09:13:35,538 [INFO] IPUIPlugin:80 - create IPUIPlugin
2024-04-01 09:13:35,539 [INFO] PluginManager:220 - loadIPPluginJar : add dma
2024-04-01 09:13:35,539 [INFO] IPUIPlugin:80 - create IPUIPlugin
2024-04-01 09:13:35,539 [INFO] PluginManager:220 - loadIPPluginJar : add genericplugin
2024-04-01 09:13:35,540 [INFO] IPUIPlugin:80 - create IPUIPlugin
2024-04-01 09:13:35,540 [INFO] PluginManager:220 - loadIPPluginJar : add ucpd
2024-04-01 09:13:35,541 [INFO] IPUIPlugin:80 - create IPUIPlugin
2024-04-01 09:13:35,541 [INFO] PluginManager:220 - loadIPPluginJar : add opamp
2024-04-01 09:13:35,544 [INFO] IPUIPlugin:80 - create IPUIPlugin
2024-04-01 09:13:35,544 [INFO] PluginManager:220 - loadIPPluginJar : add stm32_wpan
2024-04-01 09:13:35,544 [INFO] IPUIPlugin:80 - create IPUIPlugin
2024-04-01 09:13:35,544 [INFO] PluginManager:220 - loadIPPluginJar : add ts
2024-04-01 09:13:35,545 [INFO] IPUIPlugin:80 - create IPUIPlugin
2024-04-01 09:13:35,545 [INFO] PluginManager:220 - loadIPPluginJar : add spi
2024-04-01 09:13:35,546 [INFO] IPUIPlugin:80 - create IPUIPlugin
2024-04-01 09:13:35,546 [INFO] PluginManager:220 - loadIPPluginJar : add sai
2024-04-01 09:13:35,548 [INFO] IPUIPlugin:80 - create IPUIPlugin
2024-04-01 09:13:35,548 [INFO] PluginManager:220 - loadIPPluginJar : add ipddr
2024-04-01 09:13:35,549 [INFO] IPUIPlugin:80 - create IPUIPlugin
2024-04-01 09:13:35,549 [INFO] PluginManager:220 - loadIPPluginJar : add resmgrutility
2024-04-01 09:13:35,550 [INFO] IPUIPlugin:80 - create IPUIPlugin
2024-04-01 09:13:35,550 [INFO] PluginManager:220 - loadIPPluginJar : add gfxmmu
2024-04-01 09:13:35,551 [INFO] IPUIPlugin:80 - create IPUIPlugin
2024-04-01 09:13:35,551 [INFO] PluginManager:220 - loadIPPluginJar : add can
2024-04-01 09:13:35,552 [INFO] IPUIPlugin:80 - create IPUIPlugin
2024-04-01 09:13:35,552 [INFO] PluginManager:220 - loadIPPluginJar : add i2c
2024-04-01 09:13:35,553 [INFO] IPUIPlugin:80 - create IPUIPlugin
2024-04-01 09:13:35,553 [INFO] PluginManager:220 - loadIPPluginJar : add i2s
2024-04-01 09:13:35,553 [INFO] IPUIPlugin:80 - create IPUIPlugin
2024-04-01 09:13:35,553 [INFO] PluginManager:220 - loadIPPluginJar : add tim
2024-04-01 09:13:35,554 [INFO] IPUIPlugin:80 - create IPUIPlugin
2024-04-01 09:13:35,555 [INFO] PluginManager:220 - loadIPPluginJar : add openamp
2024-04-01 09:13:35,555 [INFO] IPUIPlugin:80 - create IPUIPlugin
2024-04-01 09:13:35,555 [INFO] PluginManager:220 - loadIPPluginJar : add quadspi
2024-04-01 09:13:35,646 [INFO] CADModel:165 - CPN selected for project level
2024-04-01 09:13:35,646 [INFO] CADModel:114 - Register for checkConnection events
2024-04-01 09:13:35,647 [FATAL] Updater:308 - Updater called before beeing initialized
2024-04-01 09:13:35,647 [ERROR] CADModel:125 - Updater not yet initialized, retry later 
2024-04-01 09:13:35,717 [INFO] CADModel:165 - CPN selected for project level
2024-04-01 09:13:35,717 [INFO] CADModel:114 - Register for checkConnection events
2024-04-01 09:13:35,717 [FATAL] Updater:308 - Updater called before beeing initialized
2024-04-01 09:13:35,717 [ERROR] CADModel:125 - Updater not yet initialized, retry later 
2024-04-01 09:13:35,719 [FATAL] Updater:308 - Updater called before beeing initialized
2024-04-01 09:13:35,756 [FATAL] Updater:308 - Updater called before beeing initialized
2024-04-01 09:13:35,758 [INFO] DbMcusAds:53 - JSON generation date=Wed Nov 29 07:52:27 ART 2023 (1701255147349)
2024-04-01 09:13:35,758 [FATAL] Updater:308 - Updater called before beeing initialized
2024-04-01 09:13:35,777 [WARN] DetailPanel:346 - Failed to get advertising image, set to default
2024-04-01 09:13:35,828 [FATAL] Updater:308 - Updater called before beeing initialized
2024-04-01 09:13:35,829 [FATAL] Updater:308 - Updater called before beeing initialized
2024-04-01 09:13:35,829 [FATAL] Updater:308 - Updater called before beeing initialized
2024-04-01 09:13:35,829 [WARN] DetailPanel:346 - Failed to get advertising image, set to default
2024-04-01 09:13:35,829 [FATAL] Updater:308 - Updater called before beeing initialized
2024-04-01 09:13:35,844 [ERROR] Updater:1120 - MainUpdater not yet initialized. External WinMGr cannot be set.
2024-04-01 09:13:35,845 [INFO] Updater:1056 - Updater Version found : 6.10.0
2024-04-01 09:13:35,855 [INFO] ApplicationProperties:184 - Using Application install path: /opt/st/stm32cubeide_1.14.0/plugins/com.st.stm32cube.common.mx_6.10.0.202311202037
2024-04-01 09:13:36,038 [INFO] MainUpdater:2873 - connection check result : 10
2024-04-01 09:13:36,039 [INFO] MainUpdater:290 - Updater Check For Update Now.
2024-04-01 09:13:36,039 [INFO] MicroXplorer:498 - Change Database Version : DB.6.0.100
2024-04-01 09:13:36,041 [INFO] McuFinderGlobals:63 - Set McuFinder mode to 2 (CubeIDE integrated)
2024-04-01 09:13:36,041 [INFO] UserAuth:180 - activating auth plugin
2024-04-01 09:13:36,043 [INFO] UserAuth:404 - Internet connection configuration mode: 1
2024-04-01 09:13:36,048 [INFO] JxBrowserEngine:152 - Initiate JxBrowser Engine with user profile folder
2024-04-01 09:13:36,175 [INFO] CheckServerUpdateThread:120 - End of CheckServer Thread
2024-04-01 09:13:36,361 [INFO] WebApp:161 - Instantiating new browser for Auth
2024-04-01 09:13:36,621 [INFO] WebApp:780 - Register for checkConnection events
2024-04-01 09:13:36,621 [INFO] WebApp:414 - Apply proxy settings
2024-04-01 09:13:36,621 [INFO] WebApp:499 - Chromium requires no authentication
2024-04-01 09:13:36,625 [INFO] WebApp:442 - Direct internet connection detected
2024-04-01 09:13:36,692 [INFO] WebApp:192 - Starting web application
2024-04-01 09:13:36,692 [INFO] WebApp:544 - Web application path used /opt/st/stm32cubeide_1.14.0/plugins/com.st.stm32cube.common.mx_6.10.0.202311202037/db/plugins/mcufinder/reactClient1/index.html
2024-04-01 09:13:38,344 [WARN] PackLoader:240 - Cannot read IP mode file for STMicroelectronics.X-CUBE-SMBUS.2.1.0
2024-04-01 09:13:38,347 [WARN] PackLoader:240 - Cannot read IP mode file for STMicroelectronics.X-CUBE-TOUCHGFX.4.23.1
2024-04-01 09:13:38,349 [WARN] PackLoader:240 - Cannot read IP mode file for STMicroelectronics.X-CUBE-TOUCHGFX.4.23.0
2024-04-01 09:13:38,365 [WARN] PackLoader:240 - Cannot read IP mode file for STMicroelectronics.X-CUBE-AZRTOS-F7.1.1.0
2024-04-01 09:13:38,371 [WARN] PackLoader:240 - Cannot read IP mode file for STMicroelectronics.FP-SNS-MOTENV1.4.3.2
2024-04-01 09:13:38,375 [WARN] PackLoader:240 - Cannot read IP mode file for STMicroelectronics.FP-SNS-FLIGHT1.5.0.2
2024-04-01 09:13:38,380 [WARN] PackLoader:240 - Cannot read IP mode file for STMicroelectronics.X-CUBE-DISPLAY.3.0.0
2024-04-01 09:13:38,386 [WARN] PackLoader:240 - Cannot read IP mode file for STMicroelectronics.X-CUBE-BLE1.7.0.0
2024-04-01 09:13:38,388 [WARN] PackLoader:240 - Cannot read IP mode file for emotas.I-CUBE-CANOPEN.1.3.0
2024-04-01 09:13:38,394 [WARN] PackLoader:240 - Cannot read IP mode file for STMicroelectronics.X-CUBE-BLEMGR.3.1.0
2024-04-01 09:13:38,399 [WARN] PackLoader:240 - Cannot read IP mode file for STMicroelectronics.FP-SNS-SMARTAG2.1.2.0
2024-04-01 09:13:38,403 [INFO] LogOutputStream:77 - [STDOUT_REDIRECT] 1 : Invalid condition id : UX_CORESTACK_Condition cause : null
2024-04-01 09:13:38,404 [INFO] LogOutputStream:77 - [STDOUT_REDIRECT] 1 : Invalid condition id : UX_CORESTACK_Condition cause : null
2024-04-01 09:13:38,404 [INFO] LogOutputStream:77 - [STDOUT_REDIRECT] 1 : Invalid condition id : UX_CORESTACK_Condition cause : null
2024-04-01 09:13:38,404 [INFO] LogOutputStream:77 - [STDOUT_REDIRECT] 1 : Invalid condition id : UX_CORESTACK_Condition cause : null
2024-04-01 09:13:38,404 [INFO] LogOutputStream:77 - [STDOUT_REDIRECT] 1 : Invalid condition id : UX_CORESTACK_Condition cause : null
2024-04-01 09:13:38,406 [WARN] PackLoader:240 - Cannot read IP mode file for STMicroelectronics.X-CUBE-AZRTOS-WL.2.0.0
2024-04-01 09:13:38,409 [WARN] PackLoader:240 - Cannot read IP mode file for STMicroelectronics.FP-SNS-MOTENV1.5.0.0
2024-04-01 09:13:38,413 [WARN] PackLoader:240 - Cannot read IP mode file for WES.I-CUBE-Cesium.1.3.0
2024-04-01 09:13:38,417 [WARN] PackLoader:240 - Cannot read IP mode file for STMicroelectronics.X-CUBE-BLE2.3.3.0
2024-04-01 09:13:38,421 [WARN] PackLoader:240 - Cannot read IP mode file for STMicroelectronics.X-CUBE-ALGOBUILD.1.3.0
2024-04-01 09:13:38,432 [WARN] PackLoader:240 - Cannot read IP mode file for STMicroelectronics.X-CUBE-AZRTOS-G0.1.1.0
2024-04-01 09:13:38,436 [WARN] PackLoader:240 - Cannot read IP mode file for STMicroelectronics.X-CUBE-SAFEA1.1.2.2
2024-04-01 09:13:38,440 [WARN] PackLoader:240 - Cannot read IP mode file for STMicroelectronics.X-CUBE-NFC4.3.0.0
2024-04-01 09:13:38,442 [WARN] PackLoader:240 - Cannot read IP mode file for STMicroelectronics.FP-ATR-SIGFOX1.3.2.0
2024-04-01 09:13:38,445 [WARN] PackLoader:240 - Cannot read IP mode file for STMicroelectronics.X-CUBE-EEPRMA1.5.1.0
2024-04-01 09:13:38,469 [WARN] PackLoader:240 - Cannot read IP mode file for SEGGER.I-CUBE-embOS.1.3.1
2024-04-01 09:13:38,501 [WARN] PackLoader:240 - Cannot read IP mode file for STMicroelectronics.X-CUBE-GNSS1.6.0.0
2024-04-01 09:13:38,509 [WARN] PackLoader:240 - Cannot read IP mode file for STMicroelectronics.X-CUBE-AZRTOS-F4.1.1.0
2024-04-01 09:13:38,523 [WARN] PackLoader:240 - Cannot read IP mode file for wolfSSL.I-CUBE-wolfSSL.5.6.6
2024-04-01 09:13:38,530 [WARN] PackLoader:240 - Cannot read IP mode file for STMicroelectronics.X-CUBE-AZRTOS-L5.2.0.0
2024-04-01 09:13:38,534 [WARN] PackLoader:240 - Cannot read IP mode file for STMicroelectronics.X-CUBE-NFC6.3.1.0
2024-04-01 09:13:38,538 [WARN] PackLoader:240 - Cannot read IP mode file for ITTIA_DB.I-CUBE-ITTIADB.8.8.0
2024-04-01 09:13:38,540 [WARN] PackLoader:240 - Cannot read IP mode file for STMicroelectronics.X-CUBE-NFC7.1.0.1
2024-04-01 09:13:38,542 [WARN] PackLoader:240 - Cannot read IP mode file for STMicroelectronics.X-CUBE-AI.8.1.0
2024-04-01 09:13:38,550 [WARN] ConditionMgr:438 - getConditionDescription Invalid condition id : LAN8742 Phy interface Condition cause : null
2024-04-01 09:13:38,550 [WARN] PackLoader:240 - Cannot read IP mode file for STMicroelectronics.X-CUBE-AZRTOS-L4.2.0.0
2024-04-01 09:13:38,551 [WARN] ConditionMgr:1039 - genDependencies : Invalid condition id : LAN8742 Phy interface Condition cause : null
2024-04-01 09:13:38,551 [WARN] ConditionMgr:1039 - genDependencies : Invalid condition id : LAN8742 Phy interface Condition cause : null
2024-04-01 09:13:38,552 [WARN] ConditionMgr:1039 - genDependencies : Invalid condition id : LAN8742 Phy interface Condition cause : null
2024-04-01 09:13:38,555 [WARN] PackLoader:240 - Cannot read IP mode file for STMicroelectronics.X-CUBE-SFXS2LP1.4.0.0
2024-04-01 09:13:38,561 [WARN] ConditionMgr:438 - getConditionDescription Invalid condition id : UX DEVICE CLASS RTOS Condition cause : null
2024-04-01 09:13:38,561 [WARN] ConditionMgr:438 - getConditionDescription Invalid condition id : UX DEVICE CLASS RTOS Condition cause : null
2024-04-01 09:13:38,562 [WARN] PackLoader:240 - Cannot read IP mode file for STMicroelectronics.X-CUBE-AZRTOS-WB.2.0.0
2024-04-01 09:13:38,563 [WARN] ConditionMgr:1039 - genDependencies : Invalid condition id : UX DEVICE CLASS RTOS Condition cause : null
2024-04-01 09:13:38,563 [WARN] ConditionMgr:1039 - genDependencies : Invalid condition id : UX DEVICE CLASS RTOS Condition cause : null
2024-04-01 09:13:38,563 [WARN] ConditionMgr:1039 - genDependencies : Invalid condition id : UX DEVICE CLASS RTOS Condition cause : null
2024-04-01 09:13:38,563 [WARN] ConditionMgr:1039 - genDependencies : Invalid condition id : UX DEVICE CLASS RTOS Condition cause : null
2024-04-01 09:13:38,563 [WARN] ConditionMgr:1039 - genDependencies : Invalid condition id : UX DEVICE CLASS RTOS Condition cause : null
2024-04-01 09:13:38,567 [WARN] PackLoader:240 - Cannot read IP mode file for STMicroelectronics.X-CUBE-SUBG2.5.0.0
2024-04-01 09:13:38,576 [WARN] PackLoader:240 - Cannot read IP mode file for STMicroelectronics.X-CUBE-AZRTOS-G4.2.0.0
2024-04-01 09:13:38,582 [WARN] PackLoader:240 - Cannot read IP mode file for Infineon.AIROC-Wi-Fi-Bluetooth-STM32.1.5.1
2024-04-01 09:13:38,586 [WARN] PackLoader:240 - Cannot read IP mode file for STMicroelectronics.X-CUBE-ISPU.2.0.0
2024-04-01 09:13:38,623 [WARN] PackLoader:240 - Cannot read IP mode file for STMicroelectronics.X-CUBE-MEMS1.10.0.0
2024-04-01 09:13:38,687 [WARN] PackLoader:240 - Cannot read IP mode file for STMicroelectronics.X-CUBE-FREERTOS.1.1.0
2024-04-01 09:13:38,689 [WARN] PackLoader:240 - Cannot read IP mode file for portGmbH.I-Cube-SoM-uGOAL.1.1.0
2024-04-01 09:13:38,691 [WARN] PackLoader:240 - Cannot read IP mode file for STMicroelectronics.X-CUBE-ALS.1.0.1
2024-04-01 09:13:38,693 [WARN] PackLoader:240 - Cannot read IP mode file for STMicroelectronics.FP-ATR-ASTRA1.2.0.0
2024-04-01 09:13:38,697 [WARN] PackLoader:240 - Cannot read IP mode file for STMicroelectronics.X-CUBE-TOF1.3.4.1
2024-04-01 09:13:38,711 [WARN] PackLoader:240 - Cannot read IP mode file for STMicroelectronics.X-CUBE-AZRTOS-H7.3.2.0
2024-04-01 09:13:38,713 [INFO] ThirdParty:978 - Integrity check success = true
2024-04-01 09:13:38,713 [INFO] IntegrityCheckThread:100 - exiting critical section [integrity check]
2024-04-01 09:13:38,714 [INFO] IntegrityCheckThread:103 - End integrity checks thread
2024-04-01 09:13:56,878 [ERROR] LogOutputStream:75 - [STDERR_REDIRECT] SLF4J: Failed to load class "org.slf4j.impl.StaticLoggerBinder".
2024-04-01 09:13:56,878 [ERROR] LogOutputStream:75 - [STDERR_REDIRECT] SLF4J: Defaulting to no-operation (NOP) logger implementation
2024-04-01 09:13:56,878 [ERROR] LogOutputStream:75 - [STDERR_REDIRECT] SLF4J: See http://www.slf4j.org/codes.html#StaticLoggerBinder for further details.
2024-04-01 09:24:45,464 [ERROR] LogOutputStream:75 - [STDERR_REDIRECT] 
