2024-04-10 19:48:15,847 [INFO] Activator:176 - 


2024-04-10 19:48:15,850 [INFO] Activator:177 - !SESSION log4j initialized
2024-04-10 19:48:17,625 [INFO] LogOutputStream:77 - [STDOUT_REDIRECT] 
2024-04-10 19:48:17,862 [ERROR] ConfigurationRetriever:142 - IOException on connection: sw-center.st.com
2024-04-10 19:48:17,863 [ERROR] ConfigurationRetriever:142 - IOException on connection: sw-center.st.com
2024-04-10 19:48:17,863 [ERROR] ConfigurationRetriever:142 - IOException on connection: sw-center.st.com
2024-04-10 19:48:18,278 [INFO] ApplicationProperties:184 - Using Application install path: /opt/st/stm32cubeide_1.14.0/plugins/com.st.stm32cube.common.mx_6.10.0.202311202037
2024-04-10 19:48:18,296 [INFO] DbMcusXml:78 - Set database path to: /opt/st/stm32cubeide_1.14.0/plugins/com.st.stm32cube.common.mx_6.10.0.202311202037//db//mcu/
2024-04-10 19:48:18,296 [INFO] ApiDb:274 - Set plugin database path to: /opt/st/stm32cubeide_1.14.0/plugins/com.st.stm32cube.common.mx_6.10.0.202311202037//db//plugins/boardmanager/
2024-04-10 19:48:18,296 [WARN] ApiDb:259 - Overriding images path with different value:  => /opt/st/stm32cubeide_1.14.0/plugins/com.st.stm32cube.common.mx_6.10.0.202311202037//db//plugins/mcufinder/images/
2024-04-10 19:48:18,303 [INFO] ApiDb:250 - Set database path to: /home/lpmeoli/.stmcufinder/plugins/mcufinder//mcu/
2024-04-10 19:48:18,304 [INFO] DbMcusAds:125 - Set database path to: /home/lpmeoli/.stmcufinder/plugins/mcufinder//mcu/
2024-04-10 19:48:18,306 [INFO] CrossReferenceDbSqlite:203 - Set database path to: /home/lpmeoli/.stmcufinder/plugins/mcufinder//mcu/cs/
2024-04-10 19:48:18,387 [INFO] RulesReader:64 - Compatibility file has been processed (297 Rules)
2024-04-10 19:48:18,432 [INFO] DbMcusXml:78 - Set database path to: /opt/st/stm32cubeide_1.14.0/plugins/com.st.stm32cube.common.mx_6.10.0.202311202037//db//mcu/
2024-04-10 19:48:18,432 [INFO] ApiDb:274 - Set plugin database path to: /opt/st/stm32cubeide_1.14.0/plugins/com.st.stm32cube.common.mx_6.10.0.202311202037//db//plugins/boardmanager/
2024-04-10 19:48:18,433 [INFO] ApiDb:261 - Set plugin images path to: /opt/st/stm32cubeide_1.14.0/plugins/com.st.stm32cube.common.mx_6.10.0.202311202037//db//plugins/mcufinder/images/
2024-04-10 19:48:18,433 [WARN] DbFile:41 - Overriding database path with different value: /home/lpmeoli/.stmcufinder/plugins/mcufinder/ => /home/lpmeoli/.stmcufinder/plugins/mcufinder
2024-04-10 19:48:18,433 [INFO] ApiDb:250 - Set database path to: /home/lpmeoli/.stmcufinder/plugins/mcufinder//mcu/
2024-04-10 19:48:18,433 [WARN] DbFile:41 - Overriding database path with different value: /home/lpmeoli/.stmcufinder/plugins/mcufinder/ => /home/lpmeoli/.stmcufinder/plugins/mcufinder
2024-04-10 19:48:18,433 [INFO] DbMcusAds:125 - Set database path to: /home/lpmeoli/.stmcufinder/plugins/mcufinder//mcu/
2024-04-10 19:48:18,433 [WARN] DbFile:41 - Overriding database path with different value: /home/lpmeoli/.stmcufinder/plugins/mcufinder/ => /home/lpmeoli/.stmcufinder/plugins/mcufinder
2024-04-10 19:48:18,433 [WARN] DbFile:41 - Overriding database path with different value: /home/lpmeoli/.stmcufinder/plugins/mcufinder/ => /home/lpmeoli/.stmcufinder/plugins/mcufinder
2024-04-10 19:48:18,433 [INFO] CrossReferenceDbSqlite:203 - Set database path to: /home/lpmeoli/.stmcufinder/plugins/mcufinder//mcu/cs/
2024-04-10 19:48:18,482 [INFO] MainPanel:264 - HeapMemory: 268435456
2024-04-10 19:48:18,533 [INFO] DbMcusXml:78 - Set database path to: /opt/st/stm32cubeide_1.14.0/plugins/com.st.stm32cube.common.mx_6.10.0.202311202037//db//mcu/
2024-04-10 19:48:18,533 [INFO] ApiDb:274 - Set plugin database path to: /opt/st/stm32cubeide_1.14.0/plugins/com.st.stm32cube.common.mx_6.10.0.202311202037//db//plugins/boardmanager/
2024-04-10 19:48:18,533 [INFO] ApiDb:261 - Set plugin images path to: /opt/st/stm32cubeide_1.14.0/plugins/com.st.stm32cube.common.mx_6.10.0.202311202037//db//plugins/mcufinder/images/
2024-04-10 19:48:18,533 [WARN] DbFile:41 - Overriding database path with different value: /home/lpmeoli/.stmcufinder/plugins/mcufinder/ => /home/lpmeoli/.stmcufinder/plugins/mcufinder
2024-04-10 19:48:18,533 [INFO] ApiDb:250 - Set database path to: /home/lpmeoli/.stmcufinder/plugins/mcufinder//mcu/
2024-04-10 19:48:18,533 [WARN] DbFile:41 - Overriding database path with different value: /home/lpmeoli/.stmcufinder/plugins/mcufinder/ => /home/lpmeoli/.stmcufinder/plugins/mcufinder
2024-04-10 19:48:18,533 [INFO] DbMcusAds:125 - Set database path to: /home/lpmeoli/.stmcufinder/plugins/mcufinder//mcu/
2024-04-10 19:48:18,533 [WARN] DbFile:41 - Overriding database path with different value: /home/lpmeoli/.stmcufinder/plugins/mcufinder/ => /home/lpmeoli/.stmcufinder/plugins/mcufinder
2024-04-10 19:48:18,533 [WARN] DbFile:41 - Overriding database path with different value: /home/lpmeoli/.stmcufinder/plugins/mcufinder/ => /home/lpmeoli/.stmcufinder/plugins/mcufinder
2024-04-10 19:48:18,533 [INFO] CrossReferenceDbSqlite:203 - Set database path to: /home/lpmeoli/.stmcufinder/plugins/mcufinder//mcu/cs/
2024-04-10 19:48:18,542 [INFO] ApplicationProperties:184 - Using Application install path: /opt/st/stm32cubeide_1.14.0/plugins/com.st.stm32cube.common.mx_6.10.0.202311202037
2024-04-10 19:48:18,543 [INFO] PluginManage:196 - Search for loadable plugins [exclusion list=, ]
2024-04-10 19:48:18,544 [INFO] PluginManage:310 - Check plugin analytics
2024-04-10 19:48:18,623 [INFO] AnalyticsPlugin:253 - Accepted Software Licenses: 
2024-04-10 19:48:18,623 [INFO] AnalyticsPlugin:255 - Accepted CMSIS Pack Licenses: 
2024-04-10 19:48:18,623 [INFO] AnalyticsPlugin:257 - Accepted Firmware Licenses: FW.F4.1.28.0
2024-04-10 19:48:18,625 [INFO] PluginManage:359 - Loaded plugin analytics (category:tool,tabindex:-1)
2024-04-10 19:48:18,625 [ERROR] ConfigurationRetriever:142 - IOException on connection: sw-center.st.com
2024-04-10 19:48:18,625 [INFO] PluginManage:310 - Check plugin cadmodel
2024-04-10 19:48:18,625 [ERROR] ConfigurationRetriever:142 - IOException on connection: sw-center.st.com
2024-04-10 19:48:18,625 [ERROR] ConfigurationRetriever:142 - IOException on connection: sw-center.st.com
2024-04-10 19:48:18,643 [INFO] CADModel:105 - Init CAD model plugin
2024-04-10 19:48:18,643 [INFO] PluginManage:359 - Loaded plugin cadmodel (category:power,tabindex:5)
2024-04-10 19:48:18,643 [INFO] PluginManage:310 - Check plugin clock
2024-04-10 19:48:18,649 [INFO] PluginManage:359 - Loaded plugin clock (category:base,tabindex:2)
2024-04-10 19:48:18,649 [INFO] PluginManage:310 - Check plugin ddr
2024-04-10 19:48:18,650 [INFO] PluginManage:359 - Loaded plugin ddr (category:tool,tabindex:6)
2024-04-10 19:48:18,651 [INFO] PluginManage:310 - Check plugin filemanager
2024-04-10 19:48:18,722 [INFO] PluginManage:359 - Loaded plugin filemanager (category:base,tabindex:10)
2024-04-10 19:48:18,723 [INFO] PluginManage:310 - Check plugin ipmanager
2024-04-10 19:48:18,726 [INFO] PluginManage:359 - Loaded plugin ipmanager (category:base,tabindex:5)
2024-04-10 19:48:18,726 [INFO] PluginManage:310 - Check plugin lpbam
2024-04-10 19:48:18,732 [INFO] PluginManage:359 - Loaded plugin lpbam (category:base,tabindex:0)
2024-04-10 19:48:18,732 [INFO] PluginManage:310 - Check plugin memorymap
2024-04-10 19:48:18,737 [INFO] PluginManage:359 - Loaded plugin memorymap (category:base,tabindex:4)
2024-04-10 19:48:18,738 [INFO] PluginManage:310 - Check plugin pinoutandconfiguration
2024-04-10 19:48:18,742 [INFO] PluginManage:359 - Loaded plugin pinoutandconfiguration (category:base,tabindex:1)
2024-04-10 19:48:18,742 [INFO] PluginManage:310 - Check plugin pinoutconfig
2024-04-10 19:48:18,787 [WARN] SupportedApi:132 - Cannot load RTOS API schema: s4s-elt-must-match.1: The content of 'definitions' must match (annotation?, (simpleType | complexType)?, (unique | key | keyref)*)). A problem was found starting at: attribute.
2024-04-10 19:48:18,886 [INFO] PluginManage:359 - Loaded plugin pinoutconfig (category:base,tabindex:0)
2024-04-10 19:48:18,886 [INFO] PluginManage:310 - Check plugin power
2024-04-10 19:48:18,894 [INFO] PluginManage:359 - Loaded plugin power (category:power,tabindex:4)
2024-04-10 19:48:18,894 [INFO] PluginManage:310 - Check plugin projectmanager
2024-04-10 19:48:18,904 [INFO] PluginManage:359 - Loaded plugin projectmanager (category:projectmanager,tabindex:3)
2024-04-10 19:48:18,904 [INFO] PluginManage:310 - Check plugin thirdparty
2024-04-10 19:48:18,976 [INFO] PluginManage:359 - Loaded plugin thirdparty (category:base,tabindex:-1)
2024-04-10 19:48:18,976 [WARN] IntegrityCheckThread:84 - waiting for thirdparty lock release [integrity check]
2024-04-10 19:48:18,976 [INFO] IntegrityCheckThread:86 - entering critical section [integrity check]
2024-04-10 19:48:18,976 [INFO] PluginManage:310 - Check plugin tools
2024-04-10 19:48:18,977 [INFO] ThirdPartyUpdaterWithRetryManager:70 - Updater plugin not ready yet. [1/15]
2024-04-10 19:48:18,978 [INFO] PluginManage:359 - Loaded plugin tools (category:base,tabindex:7)
2024-04-10 19:48:18,978 [INFO] PluginManage:310 - Check plugin tutovideos
2024-04-10 19:48:19,063 [INFO] PluginManage:359 - Loaded plugin tutovideos (category:base,tabindex:-1)
2024-04-10 19:48:19,064 [INFO] PluginManage:310 - Check plugin updater
2024-04-10 19:48:19,071 [INFO] PluginManage:359 - Loaded plugin updater (category:base,tabindex:12)
2024-04-10 19:48:19,071 [INFO] PluginManage:310 - Check plugin userauth
2024-04-10 19:48:19,074 [INFO] UserAuth:114 - Init User Auth plugin
2024-04-10 19:48:19,074 [INFO] PluginManage:359 - Loaded plugin userauth (category:base,tabindex:14)
2024-04-10 19:48:19,074 [INFO] PluginManage:283 - PluginManage : Loaded plugins [17]
2024-04-10 19:48:19,162 [INFO] PinOutPanel:1499 - setPackage(No Configuration,No Configuration)
2024-04-10 19:48:19,193 [INFO] CADModel:165 - CPN selected for project level
2024-04-10 19:48:19,194 [INFO] CADModel:114 - Register for checkConnection events
2024-04-10 19:48:19,200 [INFO] IPUIPlugin:80 - create IPUIPlugin
2024-04-10 19:48:19,201 [INFO] PluginManager:220 - loadIPPluginJar : add nvic
2024-04-10 19:48:19,202 [INFO] IPUIPlugin:80 - create IPUIPlugin
2024-04-10 19:48:19,203 [INFO] PluginManager:220 - loadIPPluginJar : add tsc
2024-04-10 19:48:19,204 [INFO] IPUIPlugin:80 - create IPUIPlugin
2024-04-10 19:48:19,204 [INFO] PluginManager:220 - loadIPPluginJar : add dma3
2024-04-10 19:48:19,210 [INFO] IPUIPlugin:80 - create IPUIPlugin
2024-04-10 19:48:19,210 [INFO] PluginManager:220 - loadIPPluginJar : add adc
2024-04-10 19:48:19,211 [INFO] IPUIPlugin:80 - create IPUIPlugin
2024-04-10 19:48:19,211 [INFO] PluginManager:220 - loadIPPluginJar : add i3c
2024-04-10 19:48:19,213 [INFO] IPUIPlugin:80 - create IPUIPlugin
2024-04-10 19:48:19,213 [INFO] PluginManager:220 - loadIPPluginJar : add gtzc
2024-04-10 19:48:19,214 [INFO] IPUIPlugin:80 - create IPUIPlugin
2024-04-10 19:48:19,214 [INFO] PluginManager:220 - loadIPPluginJar : add lorawan
2024-04-10 19:48:19,215 [INFO] IPUIPlugin:80 - create IPUIPlugin
2024-04-10 19:48:19,215 [INFO] PluginManager:220 - loadIPPluginJar : add usart
2024-04-10 19:48:19,219 [INFO] IPUIPlugin:80 - create IPUIPlugin
2024-04-10 19:48:19,220 [INFO] PluginManager:220 - loadIPPluginJar : add plateformsettings
2024-04-10 19:48:19,220 [INFO] IPUIPlugin:80 - create IPUIPlugin
2024-04-10 19:48:19,221 [INFO] PluginManager:220 - loadIPPluginJar : add ltdc
2024-04-10 19:48:19,222 [INFO] IPUIPlugin:80 - create IPUIPlugin
2024-04-10 19:48:19,222 [INFO] PluginManager:220 - loadIPPluginJar : add tracer_emb
2024-04-10 19:48:19,222 [INFO] IPUIPlugin:80 - create IPUIPlugin
2024-04-10 19:48:19,222 [INFO] PluginManager:220 - loadIPPluginJar : add fatfs
2024-04-10 19:48:19,223 [INFO] IPUIPlugin:80 - create IPUIPlugin
2024-04-10 19:48:19,223 [INFO] PluginManager:220 - loadIPPluginJar : add comp
2024-04-10 19:48:19,227 [INFO] IPUIPlugin:80 - create IPUIPlugin
2024-04-10 19:48:19,227 [INFO] PluginManager:220 - loadIPPluginJar : add linkedlist
2024-04-10 19:48:19,229 [INFO] IPUIPlugin:80 - create IPUIPlugin
2024-04-10 19:48:19,229 [INFO] PluginManager:220 - loadIPPluginJar : add gpio
2024-04-10 19:48:19,230 [INFO] IPUIPlugin:80 - create IPUIPlugin
2024-04-10 19:48:19,231 [INFO] PluginManager:220 - loadIPPluginJar : add aes
2024-04-10 19:48:19,231 [INFO] IPUIPlugin:80 - create IPUIPlugin
2024-04-10 19:48:19,232 [INFO] PluginManager:220 - loadIPPluginJar : add hash
2024-04-10 19:48:19,235 [INFO] IPUIPlugin:80 - create IPUIPlugin
2024-04-10 19:48:19,235 [INFO] PluginManager:220 - loadIPPluginJar : add mdma
2024-04-10 19:48:19,236 [INFO] IPUIPlugin:80 - create IPUIPlugin
2024-04-10 19:48:19,236 [INFO] PluginManager:220 - loadIPPluginJar : add dfsdm
2024-04-10 19:48:19,237 [INFO] IPUIPlugin:80 - create IPUIPlugin
2024-04-10 19:48:19,238 [INFO] PluginManager:220 - loadIPPluginJar : add pdm2pcm
2024-04-10 19:48:19,239 [INFO] IPUIPlugin:80 - create IPUIPlugin
2024-04-10 19:48:19,239 [INFO] PluginManager:220 - loadIPPluginJar : add touchsensing
2024-04-10 19:48:19,240 [INFO] IPUIPlugin:80 - create IPUIPlugin
2024-04-10 19:48:19,240 [INFO] PluginManager:220 - loadIPPluginJar : add cryp
2024-04-10 19:48:19,244 [INFO] IPUIPlugin:80 - create IPUIPlugin
2024-04-10 19:48:19,244 [INFO] PluginManager:220 - loadIPPluginJar : add freertos
2024-04-10 19:48:19,245 [INFO] IPUIPlugin:80 - create IPUIPlugin
2024-04-10 19:48:19,246 [INFO] PluginManager:220 - loadIPPluginJar : add usbx
2024-04-10 19:48:19,248 [INFO] IPUIPlugin:80 - create IPUIPlugin
2024-04-10 19:48:19,248 [INFO] PluginManager:220 - loadIPPluginJar : add fmc
2024-04-10 19:48:19,251 [INFO] IPUIPlugin:80 - create IPUIPlugin
2024-04-10 19:48:19,251 [INFO] PluginManager:220 - loadIPPluginJar : add gic
2024-04-10 19:48:19,254 [INFO] IPUIPlugin:80 - create IPUIPlugin
2024-04-10 19:48:19,254 [INFO] PluginManager:220 - loadIPPluginJar : add dma
2024-04-10 19:48:19,255 [INFO] IPUIPlugin:80 - create IPUIPlugin
2024-04-10 19:48:19,255 [INFO] PluginManager:220 - loadIPPluginJar : add genericplugin
2024-04-10 19:48:19,256 [INFO] IPUIPlugin:80 - create IPUIPlugin
2024-04-10 19:48:19,256 [INFO] PluginManager:220 - loadIPPluginJar : add ucpd
2024-04-10 19:48:19,257 [INFO] IPUIPlugin:80 - create IPUIPlugin
2024-04-10 19:48:19,257 [INFO] PluginManager:220 - loadIPPluginJar : add opamp
2024-04-10 19:48:19,259 [INFO] IPUIPlugin:80 - create IPUIPlugin
2024-04-10 19:48:19,259 [INFO] PluginManager:220 - loadIPPluginJar : add stm32_wpan
2024-04-10 19:48:19,260 [INFO] IPUIPlugin:80 - create IPUIPlugin
2024-04-10 19:48:19,260 [INFO] PluginManager:220 - loadIPPluginJar : add ts
2024-04-10 19:48:19,261 [INFO] IPUIPlugin:80 - create IPUIPlugin
2024-04-10 19:48:19,261 [INFO] PluginManager:220 - loadIPPluginJar : add spi
2024-04-10 19:48:19,262 [INFO] IPUIPlugin:80 - create IPUIPlugin
2024-04-10 19:48:19,263 [INFO] PluginManager:220 - loadIPPluginJar : add sai
2024-04-10 19:48:19,264 [INFO] IPUIPlugin:80 - create IPUIPlugin
2024-04-10 19:48:19,264 [INFO] PluginManager:220 - loadIPPluginJar : add ipddr
2024-04-10 19:48:19,266 [INFO] IPUIPlugin:80 - create IPUIPlugin
2024-04-10 19:48:19,266 [INFO] PluginManager:220 - loadIPPluginJar : add resmgrutility
2024-04-10 19:48:19,267 [INFO] IPUIPlugin:80 - create IPUIPlugin
2024-04-10 19:48:19,267 [INFO] PluginManager:220 - loadIPPluginJar : add gfxmmu
2024-04-10 19:48:19,269 [INFO] IPUIPlugin:80 - create IPUIPlugin
2024-04-10 19:48:19,269 [INFO] PluginManager:220 - loadIPPluginJar : add can
2024-04-10 19:48:19,270 [INFO] IPUIPlugin:80 - create IPUIPlugin
2024-04-10 19:48:19,270 [INFO] PluginManager:220 - loadIPPluginJar : add i2c
2024-04-10 19:48:19,271 [INFO] IPUIPlugin:80 - create IPUIPlugin
2024-04-10 19:48:19,271 [INFO] PluginManager:220 - loadIPPluginJar : add i2s
2024-04-10 19:48:19,272 [INFO] IPUIPlugin:80 - create IPUIPlugin
2024-04-10 19:48:19,272 [INFO] PluginManager:220 - loadIPPluginJar : add tim
2024-04-10 19:48:19,273 [INFO] IPUIPlugin:80 - create IPUIPlugin
2024-04-10 19:48:19,273 [INFO] PluginManager:220 - loadIPPluginJar : add openamp
2024-04-10 19:48:19,274 [INFO] IPUIPlugin:80 - create IPUIPlugin
2024-04-10 19:48:19,274 [INFO] PluginManager:220 - loadIPPluginJar : add quadspi
2024-04-10 19:48:19,362 [INFO] CADModel:165 - CPN selected for project level
2024-04-10 19:48:19,362 [INFO] CADModel:114 - Register for checkConnection events
2024-04-10 19:48:19,363 [FATAL] Updater:308 - Updater called before beeing initialized
2024-04-10 19:48:19,363 [ERROR] CADModel:125 - Updater not yet initialized, retry later 
2024-04-10 19:48:19,430 [INFO] CADModel:165 - CPN selected for project level
2024-04-10 19:48:19,431 [INFO] CADModel:114 - Register for checkConnection events
2024-04-10 19:48:19,431 [FATAL] Updater:308 - Updater called before beeing initialized
2024-04-10 19:48:19,431 [ERROR] CADModel:125 - Updater not yet initialized, retry later 
2024-04-10 19:48:19,435 [FATAL] Updater:308 - Updater called before beeing initialized
2024-04-10 19:48:19,477 [FATAL] Updater:308 - Updater called before beeing initialized
2024-04-10 19:48:19,480 [INFO] DbMcusAds:53 - JSON generation date=Wed Nov 29 07:52:27 ART 2023 (1701255147349)
2024-04-10 19:48:19,480 [FATAL] Updater:308 - Updater called before beeing initialized
2024-04-10 19:48:19,503 [WARN] DetailPanel:346 - Failed to get advertising image, set to default
2024-04-10 19:48:19,567 [FATAL] Updater:308 - Updater called before beeing initialized
2024-04-10 19:48:19,568 [FATAL] Updater:308 - Updater called before beeing initialized
2024-04-10 19:48:19,568 [FATAL] Updater:308 - Updater called before beeing initialized
2024-04-10 19:48:19,569 [WARN] DetailPanel:346 - Failed to get advertising image, set to default
2024-04-10 19:48:19,569 [FATAL] Updater:308 - Updater called before beeing initialized
2024-04-10 19:48:19,595 [ERROR] Updater:1120 - MainUpdater not yet initialized. External WinMGr cannot be set.
2024-04-10 19:48:19,596 [INFO] Updater:1056 - Updater Version found : 6.10.0
2024-04-10 19:48:19,608 [INFO] ApplicationProperties:184 - Using Application install path: /opt/st/stm32cubeide_1.14.0/plugins/com.st.stm32cube.common.mx_6.10.0.202311202037
2024-04-10 19:48:19,740 [INFO] MainUpdater:2873 - connection check result : 22
2024-04-10 19:48:19,740 [INFO] MainUpdater:290 - Updater Check For Update Now.
2024-04-10 19:48:19,740 [INFO] MicroXplorer:498 - Change Database Version : DB.6.0.100
2024-04-10 19:48:19,743 [INFO] McuFinderGlobals:63 - Set McuFinder mode to 2 (CubeIDE integrated)
2024-04-10 19:48:19,743 [INFO] UserAuth:180 - activating auth plugin
2024-04-10 19:48:19,745 [INFO] UserAuth:404 - Internet connection configuration mode: 2
2024-04-10 19:48:19,751 [INFO] UserAuth:404 - Internet connection configuration mode: 2
2024-04-10 19:48:19,889 [INFO] CheckServerUpdateThread:120 - End of CheckServer Thread
2024-04-10 19:48:22,043 [WARN] PackLoader:240 - Cannot read IP mode file for STMicroelectronics.X-CUBE-SMBUS.2.1.0
2024-04-10 19:48:22,046 [WARN] PackLoader:240 - Cannot read IP mode file for STMicroelectronics.X-CUBE-TOUCHGFX.4.23.1
2024-04-10 19:48:22,047 [WARN] PackLoader:240 - Cannot read IP mode file for STMicroelectronics.X-CUBE-TOUCHGFX.4.23.0
2024-04-10 19:48:22,048 [WARN] PackLoader:240 - Cannot read IP mode file for STMicroelectronics.X-CUBE-TOUCHGFX.4.23.2
2024-04-10 19:48:22,064 [WARN] PackLoader:240 - Cannot read IP mode file for STMicroelectronics.X-CUBE-AZRTOS-F7.1.1.0
2024-04-10 19:48:22,071 [WARN] PackLoader:240 - Cannot read IP mode file for STMicroelectronics.FP-SNS-MOTENV1.4.3.2
2024-04-10 19:48:22,076 [WARN] PackLoader:240 - Cannot read IP mode file for STMicroelectronics.FP-SNS-FLIGHT1.5.0.2
2024-04-10 19:48:22,083 [WARN] PackLoader:240 - Cannot read IP mode file for STMicroelectronics.X-CUBE-DISPLAY.3.0.0
2024-04-10 19:48:22,093 [WARN] PackLoader:240 - Cannot read IP mode file for STMicroelectronics.X-CUBE-BLE1.7.0.0
2024-04-10 19:48:22,097 [WARN] PackLoader:240 - Cannot read IP mode file for emotas.I-CUBE-CANOPEN.1.3.0
2024-04-10 19:48:22,115 [WARN] PackLoader:240 - Cannot read IP mode file for STMicroelectronics.X-CUBE-BLEMGR.3.1.0
2024-04-10 19:48:22,120 [WARN] PackLoader:240 - Cannot read IP mode file for STMicroelectronics.FP-SNS-SMARTAG2.1.2.0
2024-04-10 19:48:22,127 [INFO] LogOutputStream:77 - [STDOUT_REDIRECT] 1 : Invalid condition id : UX_CORESTACK_Condition cause : null
2024-04-10 19:48:22,127 [INFO] LogOutputStream:77 - [STDOUT_REDIRECT] 1 : Invalid condition id : UX_CORESTACK_Condition cause : null
2024-04-10 19:48:22,127 [INFO] LogOutputStream:77 - [STDOUT_REDIRECT] 1 : Invalid condition id : UX_CORESTACK_Condition cause : null
2024-04-10 19:48:22,127 [INFO] LogOutputStream:77 - [STDOUT_REDIRECT] 1 : Invalid condition id : UX_CORESTACK_Condition cause : null
2024-04-10 19:48:22,128 [INFO] LogOutputStream:77 - [STDOUT_REDIRECT] 1 : Invalid condition id : UX_CORESTACK_Condition cause : null
2024-04-10 19:48:22,135 [WARN] PackLoader:240 - Cannot read IP mode file for STMicroelectronics.X-CUBE-AZRTOS-WL.2.0.0
2024-04-10 19:48:22,138 [WARN] PackLoader:240 - Cannot read IP mode file for STMicroelectronics.FP-SNS-MOTENV1.5.0.0
2024-04-10 19:48:22,144 [WARN] PackLoader:240 - Cannot read IP mode file for WES.I-CUBE-Cesium.1.3.0
2024-04-10 19:48:22,148 [WARN] PackLoader:240 - Cannot read IP mode file for STMicroelectronics.X-CUBE-BLE2.3.3.0
2024-04-10 19:48:22,152 [WARN] PackLoader:240 - Cannot read IP mode file for STMicroelectronics.X-CUBE-TCPP.4.1.0
2024-04-10 19:48:22,157 [WARN] PackLoader:240 - Cannot read IP mode file for STMicroelectronics.X-CUBE-ALGOBUILD.1.3.0
2024-04-10 19:48:22,170 [WARN] PackLoader:240 - Cannot read IP mode file for STMicroelectronics.X-CUBE-AZRTOS-G0.1.1.0
2024-04-10 19:48:22,176 [WARN] PackLoader:240 - Cannot read IP mode file for STMicroelectronics.X-CUBE-SAFEA1.1.2.2
2024-04-10 19:48:22,180 [WARN] PackLoader:240 - Cannot read IP mode file for STMicroelectronics.X-CUBE-NFC4.3.0.0
2024-04-10 19:48:22,182 [WARN] PackLoader:240 - Cannot read IP mode file for STMicroelectronics.FP-ATR-SIGFOX1.3.2.0
2024-04-10 19:48:22,185 [WARN] PackLoader:240 - Cannot read IP mode file for STMicroelectronics.X-CUBE-EEPRMA1.5.1.0
2024-04-10 19:48:22,215 [WARN] PackLoader:240 - Cannot read IP mode file for SEGGER.I-CUBE-embOS.1.3.1
2024-04-10 19:48:22,247 [WARN] PackLoader:240 - Cannot read IP mode file for STMicroelectronics.X-CUBE-GNSS1.6.0.0
2024-04-10 19:48:22,261 [WARN] PackLoader:240 - Cannot read IP mode file for STMicroelectronics.X-CUBE-AZRTOS-F4.1.1.0
2024-04-10 19:48:22,268 [WARN] PackLoader:240 - Cannot read IP mode file for wolfSSL.I-CUBE-wolfSSL.5.6.6
2024-04-10 19:48:22,287 [WARN] PackLoader:240 - Cannot read IP mode file for STMicroelectronics.X-CUBE-AZRTOS-L5.2.0.0
2024-04-10 19:48:22,297 [WARN] PackLoader:240 - Cannot read IP mode file for STMicroelectronics.X-CUBE-NFC6.3.1.0
2024-04-10 19:48:22,305 [WARN] PackLoader:240 - Cannot read IP mode file for ITTIA_DB.I-CUBE-ITTIADB.8.8.0
2024-04-10 19:48:22,309 [WARN] PackLoader:240 - Cannot read IP mode file for STMicroelectronics.X-CUBE-NFC7.1.0.1
2024-04-10 19:48:22,314 [WARN] PackLoader:240 - Cannot read IP mode file for STMicroelectronics.X-CUBE-AI.8.1.0
2024-04-10 19:48:22,344 [WARN] ConditionMgr:438 - getConditionDescription Invalid condition id : LAN8742 Phy interface Condition cause : null
2024-04-10 19:48:22,344 [WARN] PackLoader:240 - Cannot read IP mode file for STMicroelectronics.X-CUBE-AZRTOS-L4.2.0.0
2024-04-10 19:48:22,346 [WARN] ConditionMgr:1039 - genDependencies : Invalid condition id : LAN8742 Phy interface Condition cause : null
2024-04-10 19:48:22,346 [WARN] ConditionMgr:1039 - genDependencies : Invalid condition id : LAN8742 Phy interface Condition cause : null
2024-04-10 19:48:22,347 [WARN] ConditionMgr:1039 - genDependencies : Invalid condition id : LAN8742 Phy interface Condition cause : null
2024-04-10 19:48:22,355 [WARN] PackLoader:240 - Cannot read IP mode file for STMicroelectronics.X-CUBE-SFXS2LP1.4.0.0
2024-04-10 19:48:22,369 [WARN] ConditionMgr:438 - getConditionDescription Invalid condition id : UX DEVICE CLASS RTOS Condition cause : null
2024-04-10 19:48:22,369 [WARN] ConditionMgr:438 - getConditionDescription Invalid condition id : UX DEVICE CLASS RTOS Condition cause : null
2024-04-10 19:48:22,371 [WARN] PackLoader:240 - Cannot read IP mode file for STMicroelectronics.X-CUBE-AZRTOS-WB.2.0.0
2024-04-10 19:48:22,372 [WARN] ConditionMgr:1039 - genDependencies : Invalid condition id : UX DEVICE CLASS RTOS Condition cause : null
2024-04-10 19:48:22,372 [WARN] ConditionMgr:1039 - genDependencies : Invalid condition id : UX DEVICE CLASS RTOS Condition cause : null
2024-04-10 19:48:22,373 [WARN] ConditionMgr:1039 - genDependencies : Invalid condition id : UX DEVICE CLASS RTOS Condition cause : null
2024-04-10 19:48:22,373 [WARN] ConditionMgr:1039 - genDependencies : Invalid condition id : UX DEVICE CLASS RTOS Condition cause : null
2024-04-10 19:48:22,373 [WARN] ConditionMgr:1039 - genDependencies : Invalid condition id : UX DEVICE CLASS RTOS Condition cause : null
2024-04-10 19:48:22,383 [WARN] PackLoader:240 - Cannot read IP mode file for STMicroelectronics.X-CUBE-SUBG2.5.0.0
2024-04-10 19:48:22,400 [WARN] PackLoader:240 - Cannot read IP mode file for STMicroelectronics.X-CUBE-AZRTOS-G4.2.0.0
2024-04-10 19:48:22,413 [WARN] PackLoader:240 - Cannot read IP mode file for Infineon.AIROC-Wi-Fi-Bluetooth-STM32.1.5.1
2024-04-10 19:48:22,420 [WARN] PackLoader:240 - Cannot read IP mode file for STMicroelectronics.X-CUBE-ISPU.2.0.0
2024-04-10 19:48:22,462 [WARN] PackLoader:240 - Cannot read IP mode file for STMicroelectronics.X-CUBE-MEMS1.10.0.0
2024-04-10 19:48:22,563 [WARN] PackLoader:240 - Cannot read IP mode file for STMicroelectronics.X-CUBE-FREERTOS.1.1.0
2024-04-10 19:48:22,567 [WARN] PackLoader:240 - Cannot read IP mode file for portGmbH.I-Cube-SoM-uGOAL.1.1.0
2024-04-10 19:48:22,569 [WARN] PackLoader:240 - Cannot read IP mode file for STMicroelectronics.X-CUBE-ALS.1.0.1
2024-04-10 19:48:22,573 [WARN] PackLoader:240 - Cannot read IP mode file for STMicroelectronics.FP-ATR-ASTRA1.2.0.0
2024-04-10 19:48:22,579 [WARN] PackLoader:240 - Cannot read IP mode file for STMicroelectronics.X-CUBE-TOF1.3.4.1
2024-04-10 19:48:22,596 [WARN] PackLoader:240 - Cannot read IP mode file for STMicroelectronics.X-CUBE-AZRTOS-H7.3.2.0
2024-04-10 19:48:22,598 [INFO] ThirdParty:978 - Integrity check success = true
2024-04-10 19:48:22,599 [INFO] IntegrityCheckThread:100 - exiting critical section [integrity check]
2024-04-10 19:48:22,599 [INFO] IntegrityCheckThread:103 - End integrity checks thread
2024-04-10 19:48:39,927 [ERROR] LogOutputStream:75 - [STDERR_REDIRECT] SLF4J: Failed to load class "org.slf4j.impl.StaticLoggerBinder".
2024-04-10 19:48:39,928 [ERROR] LogOutputStream:75 - [STDERR_REDIRECT] SLF4J: Defaulting to no-operation (NOP) logger implementation
2024-04-10 19:48:39,928 [ERROR] LogOutputStream:75 - [STDERR_REDIRECT] SLF4J: See http://www.slf4j.org/codes.html#StaticLoggerBinder for further details.
