2024-04-17 17:28:18,219 [INFO] Activator:176 - 


2024-04-17 17:28:18,222 [INFO] Activator:177 - !SESSION log4j initialized
2024-04-17 17:28:20,393 [INFO] LogOutputStream:77 - [STDOUT_REDIRECT] 
2024-04-17 17:28:20,962 [INFO] ApplicationProperties:184 - Using Application install path: /opt/st/stm32cubeide_1.14.0/plugins/com.st.stm32cube.common.mx_6.10.0.202311202037
2024-04-17 17:28:20,970 [INFO] DbMcusXml:78 - Set database path to: /opt/st/stm32cubeide_1.14.0/plugins/com.st.stm32cube.common.mx_6.10.0.202311202037//db//mcu/
2024-04-17 17:28:20,971 [INFO] ApiDb:274 - Set plugin database path to: /opt/st/stm32cubeide_1.14.0/plugins/com.st.stm32cube.common.mx_6.10.0.202311202037//db//plugins/boardmanager/
2024-04-17 17:28:20,971 [WARN] ApiDb:259 - Overriding images path with different value:  => /opt/st/stm32cubeide_1.14.0/plugins/com.st.stm32cube.common.mx_6.10.0.202311202037//db//plugins/mcufinder/images/
2024-04-17 17:28:20,973 [INFO] ApiDb:250 - Set database path to: /home/lpmeoli/.stmcufinder/plugins/mcufinder//mcu/
2024-04-17 17:28:20,973 [INFO] DbMcusAds:125 - Set database path to: /home/lpmeoli/.stmcufinder/plugins/mcufinder//mcu/
2024-04-17 17:28:20,976 [INFO] CrossReferenceDbSqlite:203 - Set database path to: /home/lpmeoli/.stmcufinder/plugins/mcufinder//mcu/cs/
2024-04-17 17:28:21,046 [INFO] RulesReader:64 - Compatibility file has been processed (297 Rules)
2024-04-17 17:28:21,081 [INFO] DbMcusXml:78 - Set database path to: /opt/st/stm32cubeide_1.14.0/plugins/com.st.stm32cube.common.mx_6.10.0.202311202037//db//mcu/
2024-04-17 17:28:21,081 [INFO] ApiDb:274 - Set plugin database path to: /opt/st/stm32cubeide_1.14.0/plugins/com.st.stm32cube.common.mx_6.10.0.202311202037//db//plugins/boardmanager/
2024-04-17 17:28:21,081 [INFO] ApiDb:261 - Set plugin images path to: /opt/st/stm32cubeide_1.14.0/plugins/com.st.stm32cube.common.mx_6.10.0.202311202037//db//plugins/mcufinder/images/
2024-04-17 17:28:21,081 [WARN] DbFile:41 - Overriding database path with different value: /home/lpmeoli/.stmcufinder/plugins/mcufinder/ => /home/lpmeoli/.stmcufinder/plugins/mcufinder
2024-04-17 17:28:21,081 [INFO] ApiDb:250 - Set database path to: /home/lpmeoli/.stmcufinder/plugins/mcufinder//mcu/
2024-04-17 17:28:21,081 [WARN] DbFile:41 - Overriding database path with different value: /home/lpmeoli/.stmcufinder/plugins/mcufinder/ => /home/lpmeoli/.stmcufinder/plugins/mcufinder
2024-04-17 17:28:21,081 [INFO] DbMcusAds:125 - Set database path to: /home/lpmeoli/.stmcufinder/plugins/mcufinder//mcu/
2024-04-17 17:28:21,081 [WARN] DbFile:41 - Overriding database path with different value: /home/lpmeoli/.stmcufinder/plugins/mcufinder/ => /home/lpmeoli/.stmcufinder/plugins/mcufinder
2024-04-17 17:28:21,081 [WARN] DbFile:41 - Overriding database path with different value: /home/lpmeoli/.stmcufinder/plugins/mcufinder/ => /home/lpmeoli/.stmcufinder/plugins/mcufinder
2024-04-17 17:28:21,082 [INFO] CrossReferenceDbSqlite:203 - Set database path to: /home/lpmeoli/.stmcufinder/plugins/mcufinder//mcu/cs/
2024-04-17 17:28:21,116 [INFO] MainPanel:264 - HeapMemory: 268435456
2024-04-17 17:28:21,167 [INFO] DbMcusXml:78 - Set database path to: /opt/st/stm32cubeide_1.14.0/plugins/com.st.stm32cube.common.mx_6.10.0.202311202037//db//mcu/
2024-04-17 17:28:21,167 [INFO] ApiDb:274 - Set plugin database path to: /opt/st/stm32cubeide_1.14.0/plugins/com.st.stm32cube.common.mx_6.10.0.202311202037//db//plugins/boardmanager/
2024-04-17 17:28:21,167 [INFO] ApiDb:261 - Set plugin images path to: /opt/st/stm32cubeide_1.14.0/plugins/com.st.stm32cube.common.mx_6.10.0.202311202037//db//plugins/mcufinder/images/
2024-04-17 17:28:21,168 [WARN] DbFile:41 - Overriding database path with different value: /home/lpmeoli/.stmcufinder/plugins/mcufinder/ => /home/lpmeoli/.stmcufinder/plugins/mcufinder
2024-04-17 17:28:21,168 [INFO] ApiDb:250 - Set database path to: /home/lpmeoli/.stmcufinder/plugins/mcufinder//mcu/
2024-04-17 17:28:21,168 [WARN] DbFile:41 - Overriding database path with different value: /home/lpmeoli/.stmcufinder/plugins/mcufinder/ => /home/lpmeoli/.stmcufinder/plugins/mcufinder
2024-04-17 17:28:21,168 [INFO] DbMcusAds:125 - Set database path to: /home/lpmeoli/.stmcufinder/plugins/mcufinder//mcu/
2024-04-17 17:28:21,168 [WARN] DbFile:41 - Overriding database path with different value: /home/lpmeoli/.stmcufinder/plugins/mcufinder/ => /home/lpmeoli/.stmcufinder/plugins/mcufinder
2024-04-17 17:28:21,168 [WARN] DbFile:41 - Overriding database path with different value: /home/lpmeoli/.stmcufinder/plugins/mcufinder/ => /home/lpmeoli/.stmcufinder/plugins/mcufinder
2024-04-17 17:28:21,168 [INFO] CrossReferenceDbSqlite:203 - Set database path to: /home/lpmeoli/.stmcufinder/plugins/mcufinder//mcu/cs/
2024-04-17 17:28:21,179 [INFO] ApplicationProperties:184 - Using Application install path: /opt/st/stm32cubeide_1.14.0/plugins/com.st.stm32cube.common.mx_6.10.0.202311202037
2024-04-17 17:28:21,180 [INFO] PluginManage:196 - Search for loadable plugins [exclusion list=, ]
2024-04-17 17:28:21,181 [INFO] PluginManage:310 - Check plugin analytics
2024-04-17 17:28:21,280 [INFO] AnalyticsPlugin:253 - Accepted Software Licenses: 
2024-04-17 17:28:21,280 [INFO] AnalyticsPlugin:255 - Accepted CMSIS Pack Licenses: 
2024-04-17 17:28:21,280 [INFO] AnalyticsPlugin:257 - Accepted Firmware Licenses: FW.F4.1.28.0
2024-04-17 17:28:21,282 [INFO] PluginManage:359 - Loaded plugin analytics (category:tool,tabindex:-1)
2024-04-17 17:28:21,282 [INFO] PluginManage:310 - Check plugin cadmodel
2024-04-17 17:28:21,295 [INFO] CADModel:105 - Init CAD model plugin
2024-04-17 17:28:21,295 [INFO] PluginManage:359 - Loaded plugin cadmodel (category:power,tabindex:5)
2024-04-17 17:28:21,295 [INFO] PluginManage:310 - Check plugin clock
2024-04-17 17:28:21,299 [INFO] PluginManage:359 - Loaded plugin clock (category:base,tabindex:2)
2024-04-17 17:28:21,299 [INFO] PluginManage:310 - Check plugin ddr
2024-04-17 17:28:21,300 [INFO] PluginManage:359 - Loaded plugin ddr (category:tool,tabindex:6)
2024-04-17 17:28:21,300 [INFO] PluginManage:310 - Check plugin filemanager
2024-04-17 17:28:21,372 [INFO] PluginManage:359 - Loaded plugin filemanager (category:base,tabindex:10)
2024-04-17 17:28:21,372 [INFO] PluginManage:310 - Check plugin ipmanager
2024-04-17 17:28:21,376 [INFO] PluginManage:359 - Loaded plugin ipmanager (category:base,tabindex:5)
2024-04-17 17:28:21,376 [INFO] PluginManage:310 - Check plugin lpbam
2024-04-17 17:28:21,380 [INFO] PluginManage:359 - Loaded plugin lpbam (category:base,tabindex:0)
2024-04-17 17:28:21,380 [INFO] PluginManage:310 - Check plugin memorymap
2024-04-17 17:28:21,386 [INFO] PluginManage:359 - Loaded plugin memorymap (category:base,tabindex:4)
2024-04-17 17:28:21,386 [INFO] PluginManage:310 - Check plugin pinoutandconfiguration
2024-04-17 17:28:21,389 [INFO] PluginManage:359 - Loaded plugin pinoutandconfiguration (category:base,tabindex:1)
2024-04-17 17:28:21,389 [INFO] PluginManage:310 - Check plugin pinoutconfig
2024-04-17 17:28:21,429 [WARN] SupportedApi:132 - Cannot load RTOS API schema: s4s-elt-must-match.1: The content of 'definitions' must match (annotation?, (simpleType | complexType)?, (unique | key | keyref)*)). A problem was found starting at: attribute.
2024-04-17 17:28:21,491 [INFO] PluginManage:359 - Loaded plugin pinoutconfig (category:base,tabindex:0)
2024-04-17 17:28:21,491 [INFO] PluginManage:310 - Check plugin power
2024-04-17 17:28:21,495 [INFO] PluginManage:359 - Loaded plugin power (category:power,tabindex:4)
2024-04-17 17:28:21,495 [INFO] PluginManage:310 - Check plugin projectmanager
2024-04-17 17:28:21,504 [INFO] PluginManage:359 - Loaded plugin projectmanager (category:projectmanager,tabindex:3)
2024-04-17 17:28:21,505 [INFO] PluginManage:310 - Check plugin thirdparty
2024-04-17 17:28:21,566 [INFO] PluginManage:359 - Loaded plugin thirdparty (category:base,tabindex:-1)
2024-04-17 17:28:21,566 [WARN] IntegrityCheckThread:84 - waiting for thirdparty lock release [integrity check]
2024-04-17 17:28:21,566 [INFO] IntegrityCheckThread:86 - entering critical section [integrity check]
2024-04-17 17:28:21,566 [INFO] PluginManage:310 - Check plugin tools
2024-04-17 17:28:21,567 [INFO] ThirdPartyUpdaterWithRetryManager:70 - Updater plugin not ready yet. [1/15]
2024-04-17 17:28:21,568 [INFO] PluginManage:359 - Loaded plugin tools (category:base,tabindex:7)
2024-04-17 17:28:21,568 [INFO] PluginManage:310 - Check plugin tutovideos
2024-04-17 17:28:21,645 [INFO] PluginManage:359 - Loaded plugin tutovideos (category:base,tabindex:-1)
2024-04-17 17:28:21,645 [INFO] PluginManage:310 - Check plugin updater
2024-04-17 17:28:21,650 [INFO] PluginManage:359 - Loaded plugin updater (category:base,tabindex:12)
2024-04-17 17:28:21,650 [INFO] PluginManage:310 - Check plugin userauth
2024-04-17 17:28:21,653 [INFO] UserAuth:114 - Init User Auth plugin
2024-04-17 17:28:21,653 [INFO] PluginManage:359 - Loaded plugin userauth (category:base,tabindex:14)
2024-04-17 17:28:21,653 [INFO] PluginManage:283 - PluginManage : Loaded plugins [17]
2024-04-17 17:28:21,741 [INFO] PinOutPanel:1499 - setPackage(No Configuration,No Configuration)
2024-04-17 17:28:21,775 [INFO] CADModel:165 - CPN selected for project level
2024-04-17 17:28:21,775 [INFO] CADModel:114 - Register for checkConnection events
2024-04-17 17:28:21,780 [INFO] IPUIPlugin:80 - create IPUIPlugin
2024-04-17 17:28:21,780 [INFO] PluginManager:220 - loadIPPluginJar : add nvic
2024-04-17 17:28:21,782 [INFO] IPUIPlugin:80 - create IPUIPlugin
2024-04-17 17:28:21,782 [INFO] PluginManager:220 - loadIPPluginJar : add tsc
2024-04-17 17:28:21,783 [INFO] IPUIPlugin:80 - create IPUIPlugin
2024-04-17 17:28:21,783 [INFO] PluginManager:220 - loadIPPluginJar : add dma3
2024-04-17 17:28:21,794 [INFO] IPUIPlugin:80 - create IPUIPlugin
2024-04-17 17:28:21,794 [INFO] PluginManager:220 - loadIPPluginJar : add adc
2024-04-17 17:28:21,795 [INFO] IPUIPlugin:80 - create IPUIPlugin
2024-04-17 17:28:21,795 [INFO] PluginManager:220 - loadIPPluginJar : add i3c
2024-04-17 17:28:21,796 [INFO] IPUIPlugin:80 - create IPUIPlugin
2024-04-17 17:28:21,796 [INFO] PluginManager:220 - loadIPPluginJar : add gtzc
2024-04-17 17:28:21,797 [INFO] IPUIPlugin:80 - create IPUIPlugin
2024-04-17 17:28:21,797 [INFO] PluginManager:220 - loadIPPluginJar : add lorawan
2024-04-17 17:28:21,798 [INFO] IPUIPlugin:80 - create IPUIPlugin
2024-04-17 17:28:21,798 [INFO] PluginManager:220 - loadIPPluginJar : add usart
2024-04-17 17:28:21,805 [INFO] IPUIPlugin:80 - create IPUIPlugin
2024-04-17 17:28:21,807 [INFO] PluginManager:220 - loadIPPluginJar : add plateformsettings
2024-04-17 17:28:21,807 [INFO] IPUIPlugin:80 - create IPUIPlugin
2024-04-17 17:28:21,807 [INFO] PluginManager:220 - loadIPPluginJar : add ltdc
2024-04-17 17:28:21,808 [INFO] IPUIPlugin:80 - create IPUIPlugin
2024-04-17 17:28:21,808 [INFO] PluginManager:220 - loadIPPluginJar : add tracer_emb
2024-04-17 17:28:21,809 [INFO] IPUIPlugin:80 - create IPUIPlugin
2024-04-17 17:28:21,809 [INFO] PluginManager:220 - loadIPPluginJar : add fatfs
2024-04-17 17:28:21,809 [INFO] IPUIPlugin:80 - create IPUIPlugin
2024-04-17 17:28:21,809 [INFO] PluginManager:220 - loadIPPluginJar : add comp
2024-04-17 17:28:21,813 [INFO] IPUIPlugin:80 - create IPUIPlugin
2024-04-17 17:28:21,814 [INFO] PluginManager:220 - loadIPPluginJar : add linkedlist
2024-04-17 17:28:21,815 [INFO] IPUIPlugin:80 - create IPUIPlugin
2024-04-17 17:28:21,815 [INFO] PluginManager:220 - loadIPPluginJar : add gpio
2024-04-17 17:28:21,816 [INFO] IPUIPlugin:80 - create IPUIPlugin
2024-04-17 17:28:21,816 [INFO] PluginManager:220 - loadIPPluginJar : add aes
2024-04-17 17:28:21,817 [INFO] IPUIPlugin:80 - create IPUIPlugin
2024-04-17 17:28:21,817 [INFO] PluginManager:220 - loadIPPluginJar : add hash
2024-04-17 17:28:21,820 [INFO] IPUIPlugin:80 - create IPUIPlugin
2024-04-17 17:28:21,820 [INFO] PluginManager:220 - loadIPPluginJar : add mdma
2024-04-17 17:28:21,821 [INFO] IPUIPlugin:80 - create IPUIPlugin
2024-04-17 17:28:21,821 [INFO] PluginManager:220 - loadIPPluginJar : add dfsdm
2024-04-17 17:28:21,822 [INFO] IPUIPlugin:80 - create IPUIPlugin
2024-04-17 17:28:21,822 [INFO] PluginManager:220 - loadIPPluginJar : add pdm2pcm
2024-04-17 17:28:21,823 [INFO] IPUIPlugin:80 - create IPUIPlugin
2024-04-17 17:28:21,823 [INFO] PluginManager:220 - loadIPPluginJar : add touchsensing
2024-04-17 17:28:21,824 [INFO] IPUIPlugin:80 - create IPUIPlugin
2024-04-17 17:28:21,824 [INFO] PluginManager:220 - loadIPPluginJar : add cryp
2024-04-17 17:28:21,826 [INFO] IPUIPlugin:80 - create IPUIPlugin
2024-04-17 17:28:21,827 [INFO] PluginManager:220 - loadIPPluginJar : add freertos
2024-04-17 17:28:21,828 [INFO] IPUIPlugin:80 - create IPUIPlugin
2024-04-17 17:28:21,828 [INFO] PluginManager:220 - loadIPPluginJar : add usbx
2024-04-17 17:28:21,831 [INFO] IPUIPlugin:80 - create IPUIPlugin
2024-04-17 17:28:21,831 [INFO] PluginManager:220 - loadIPPluginJar : add fmc
2024-04-17 17:28:21,834 [INFO] IPUIPlugin:80 - create IPUIPlugin
2024-04-17 17:28:21,834 [INFO] PluginManager:220 - loadIPPluginJar : add gic
2024-04-17 17:28:21,836 [INFO] IPUIPlugin:80 - create IPUIPlugin
2024-04-17 17:28:21,836 [INFO] PluginManager:220 - loadIPPluginJar : add dma
2024-04-17 17:28:21,837 [INFO] IPUIPlugin:80 - create IPUIPlugin
2024-04-17 17:28:21,837 [INFO] PluginManager:220 - loadIPPluginJar : add genericplugin
2024-04-17 17:28:21,838 [INFO] IPUIPlugin:80 - create IPUIPlugin
2024-04-17 17:28:21,838 [INFO] PluginManager:220 - loadIPPluginJar : add ucpd
2024-04-17 17:28:21,839 [INFO] IPUIPlugin:80 - create IPUIPlugin
2024-04-17 17:28:21,839 [INFO] PluginManager:220 - loadIPPluginJar : add opamp
2024-04-17 17:28:21,841 [INFO] IPUIPlugin:80 - create IPUIPlugin
2024-04-17 17:28:21,841 [INFO] PluginManager:220 - loadIPPluginJar : add stm32_wpan
2024-04-17 17:28:21,842 [INFO] IPUIPlugin:80 - create IPUIPlugin
2024-04-17 17:28:21,842 [INFO] PluginManager:220 - loadIPPluginJar : add ts
2024-04-17 17:28:21,843 [INFO] IPUIPlugin:80 - create IPUIPlugin
2024-04-17 17:28:21,843 [INFO] PluginManager:220 - loadIPPluginJar : add spi
2024-04-17 17:28:21,844 [INFO] IPUIPlugin:80 - create IPUIPlugin
2024-04-17 17:28:21,844 [INFO] PluginManager:220 - loadIPPluginJar : add sai
2024-04-17 17:28:21,846 [INFO] IPUIPlugin:80 - create IPUIPlugin
2024-04-17 17:28:21,846 [INFO] PluginManager:220 - loadIPPluginJar : add ipddr
2024-04-17 17:28:21,847 [INFO] IPUIPlugin:80 - create IPUIPlugin
2024-04-17 17:28:21,847 [INFO] PluginManager:220 - loadIPPluginJar : add resmgrutility
2024-04-17 17:28:21,847 [INFO] IPUIPlugin:80 - create IPUIPlugin
2024-04-17 17:28:21,847 [INFO] PluginManager:220 - loadIPPluginJar : add gfxmmu
2024-04-17 17:28:21,848 [INFO] IPUIPlugin:80 - create IPUIPlugin
2024-04-17 17:28:21,848 [INFO] PluginManager:220 - loadIPPluginJar : add can
2024-04-17 17:28:21,849 [INFO] IPUIPlugin:80 - create IPUIPlugin
2024-04-17 17:28:21,849 [INFO] PluginManager:220 - loadIPPluginJar : add i2c
2024-04-17 17:28:21,850 [INFO] IPUIPlugin:80 - create IPUIPlugin
2024-04-17 17:28:21,850 [INFO] PluginManager:220 - loadIPPluginJar : add i2s
2024-04-17 17:28:21,850 [INFO] IPUIPlugin:80 - create IPUIPlugin
2024-04-17 17:28:21,851 [INFO] PluginManager:220 - loadIPPluginJar : add tim
2024-04-17 17:28:21,851 [INFO] IPUIPlugin:80 - create IPUIPlugin
2024-04-17 17:28:21,852 [INFO] PluginManager:220 - loadIPPluginJar : add openamp
2024-04-17 17:28:21,852 [INFO] IPUIPlugin:80 - create IPUIPlugin
2024-04-17 17:28:21,852 [INFO] PluginManager:220 - loadIPPluginJar : add quadspi
2024-04-17 17:28:21,943 [INFO] CADModel:165 - CPN selected for project level
2024-04-17 17:28:21,943 [INFO] CADModel:114 - Register for checkConnection events
2024-04-17 17:28:21,943 [FATAL] Updater:308 - Updater called before beeing initialized
2024-04-17 17:28:21,943 [ERROR] CADModel:125 - Updater not yet initialized, retry later 
2024-04-17 17:28:22,020 [INFO] CADModel:165 - CPN selected for project level
2024-04-17 17:28:22,020 [INFO] CADModel:114 - Register for checkConnection events
2024-04-17 17:28:22,020 [FATAL] Updater:308 - Updater called before beeing initialized
2024-04-17 17:28:22,020 [ERROR] CADModel:125 - Updater not yet initialized, retry later 
2024-04-17 17:28:22,022 [FATAL] Updater:308 - Updater called before beeing initialized
2024-04-17 17:28:22,068 [FATAL] Updater:308 - Updater called before beeing initialized
2024-04-17 17:28:22,070 [INFO] DbMcusAds:53 - JSON generation date=Wed Nov 29 07:52:27 ART 2023 (1701255147349)
2024-04-17 17:28:22,070 [FATAL] Updater:308 - Updater called before beeing initialized
2024-04-17 17:28:22,090 [WARN] DetailPanel:346 - Failed to get advertising image, set to default
2024-04-17 17:28:22,142 [FATAL] Updater:308 - Updater called before beeing initialized
2024-04-17 17:28:22,144 [FATAL] Updater:308 - Updater called before beeing initialized
2024-04-17 17:28:22,144 [FATAL] Updater:308 - Updater called before beeing initialized
2024-04-17 17:28:22,144 [WARN] DetailPanel:346 - Failed to get advertising image, set to default
2024-04-17 17:28:22,144 [FATAL] Updater:308 - Updater called before beeing initialized
2024-04-17 17:28:22,172 [ERROR] Updater:1120 - MainUpdater not yet initialized. External WinMGr cannot be set.
2024-04-17 17:28:22,173 [INFO] Updater:1056 - Updater Version found : 6.10.0
2024-04-17 17:28:22,185 [INFO] ApplicationProperties:184 - Using Application install path: /opt/st/stm32cubeide_1.14.0/plugins/com.st.stm32cube.common.mx_6.10.0.202311202037
2024-04-17 17:28:22,367 [INFO] MainUpdater:2873 - connection check result : 10
2024-04-17 17:28:22,367 [INFO] MainUpdater:290 - Updater Check For Update Now.
2024-04-17 17:28:22,368 [INFO] MicroXplorer:498 - Change Database Version : DB.6.0.100
2024-04-17 17:28:22,371 [INFO] McuFinderGlobals:63 - Set McuFinder mode to 2 (CubeIDE integrated)
2024-04-17 17:28:22,371 [INFO] UserAuth:180 - activating auth plugin
2024-04-17 17:28:22,373 [INFO] UserAuth:404 - Internet connection configuration mode: 1
2024-04-17 17:28:22,378 [INFO] JxBrowserEngine:152 - Initiate JxBrowser Engine with user profile folder
2024-04-17 17:28:22,519 [INFO] CheckServerUpdateThread:120 - End of CheckServer Thread
2024-04-17 17:28:22,684 [INFO] WebApp:161 - Instantiating new browser for Auth
2024-04-17 17:28:22,923 [INFO] WebApp:780 - Register for checkConnection events
2024-04-17 17:28:22,923 [INFO] WebApp:414 - Apply proxy settings
2024-04-17 17:28:22,923 [INFO] WebApp:499 - Chromium requires no authentication
2024-04-17 17:28:22,926 [INFO] WebApp:442 - Direct internet connection detected
2024-04-17 17:28:22,993 [INFO] WebApp:192 - Starting web application
2024-04-17 17:28:22,993 [INFO] WebApp:544 - Web application path used /opt/st/stm32cubeide_1.14.0/plugins/com.st.stm32cube.common.mx_6.10.0.202311202037/db/plugins/mcufinder/reactClient1/index.html
2024-04-17 17:28:24,622 [WARN] PackLoader:240 - Cannot read IP mode file for STMicroelectronics.X-CUBE-SMBUS.2.1.0
2024-04-17 17:28:24,624 [WARN] PackLoader:240 - Cannot read IP mode file for STMicroelectronics.X-CUBE-TOUCHGFX.4.23.1
2024-04-17 17:28:24,626 [WARN] PackLoader:240 - Cannot read IP mode file for STMicroelectronics.X-CUBE-TOUCHGFX.4.23.0
2024-04-17 17:28:24,627 [WARN] PackLoader:240 - Cannot read IP mode file for STMicroelectronics.X-CUBE-TOUCHGFX.4.23.2
2024-04-17 17:28:24,644 [WARN] PackLoader:240 - Cannot read IP mode file for STMicroelectronics.X-CUBE-AZRTOS-F7.1.1.0
2024-04-17 17:28:24,653 [WARN] PackLoader:240 - Cannot read IP mode file for STMicroelectronics.FP-SNS-MOTENV1.4.3.2
2024-04-17 17:28:24,658 [WARN] PackLoader:240 - Cannot read IP mode file for STMicroelectronics.FP-SNS-FLIGHT1.5.0.2
2024-04-17 17:28:24,664 [WARN] PackLoader:240 - Cannot read IP mode file for STMicroelectronics.X-CUBE-DISPLAY.3.0.0
2024-04-17 17:28:24,674 [WARN] PackLoader:240 - Cannot read IP mode file for STMicroelectronics.X-CUBE-BLE1.7.0.0
2024-04-17 17:28:24,678 [WARN] PackLoader:240 - Cannot read IP mode file for emotas.I-CUBE-CANOPEN.1.3.0
2024-04-17 17:28:24,689 [WARN] PackLoader:240 - Cannot read IP mode file for STMicroelectronics.X-CUBE-BLEMGR.3.1.0
2024-04-17 17:28:24,694 [WARN] PackLoader:240 - Cannot read IP mode file for STMicroelectronics.FP-SNS-SMARTAG2.1.2.0
2024-04-17 17:28:24,701 [INFO] LogOutputStream:77 - [STDOUT_REDIRECT] 1 : Invalid condition id : UX_CORESTACK_Condition cause : null
2024-04-17 17:28:24,701 [INFO] LogOutputStream:77 - [STDOUT_REDIRECT] 1 : Invalid condition id : UX_CORESTACK_Condition cause : null
2024-04-17 17:28:24,701 [INFO] LogOutputStream:77 - [STDOUT_REDIRECT] 1 : Invalid condition id : UX_CORESTACK_Condition cause : null
2024-04-17 17:28:24,701 [INFO] LogOutputStream:77 - [STDOUT_REDIRECT] 1 : Invalid condition id : UX_CORESTACK_Condition cause : null
2024-04-17 17:28:24,702 [INFO] LogOutputStream:77 - [STDOUT_REDIRECT] 1 : Invalid condition id : UX_CORESTACK_Condition cause : null
2024-04-17 17:28:24,704 [WARN] PackLoader:240 - Cannot read IP mode file for STMicroelectronics.X-CUBE-AZRTOS-WL.2.0.0
2024-04-17 17:28:24,708 [WARN] PackLoader:240 - Cannot read IP mode file for STMicroelectronics.FP-SNS-MOTENV1.5.0.0
2024-04-17 17:28:24,714 [WARN] PackLoader:240 - Cannot read IP mode file for WES.I-CUBE-Cesium.1.3.0
2024-04-17 17:28:24,718 [WARN] PackLoader:240 - Cannot read IP mode file for STMicroelectronics.X-CUBE-BLE2.3.3.0
2024-04-17 17:28:24,721 [WARN] PackLoader:240 - Cannot read IP mode file for STMicroelectronics.X-CUBE-TCPP.4.1.0
2024-04-17 17:28:24,728 [WARN] PackLoader:240 - Cannot read IP mode file for STMicroelectronics.X-CUBE-ALGOBUILD.1.3.0
2024-04-17 17:28:24,743 [WARN] PackLoader:240 - Cannot read IP mode file for STMicroelectronics.X-CUBE-AZRTOS-G0.1.1.0
2024-04-17 17:28:24,749 [WARN] PackLoader:240 - Cannot read IP mode file for STMicroelectronics.X-CUBE-SAFEA1.1.2.2
2024-04-17 17:28:24,753 [WARN] PackLoader:240 - Cannot read IP mode file for STMicroelectronics.X-CUBE-NFC4.3.0.0
2024-04-17 17:28:24,756 [WARN] PackLoader:240 - Cannot read IP mode file for STMicroelectronics.FP-ATR-SIGFOX1.3.2.0
2024-04-17 17:28:24,759 [WARN] PackLoader:240 - Cannot read IP mode file for STMicroelectronics.X-CUBE-EEPRMA1.5.1.0
2024-04-17 17:28:24,791 [WARN] PackLoader:240 - Cannot read IP mode file for SEGGER.I-CUBE-embOS.1.3.1
2024-04-17 17:28:24,828 [WARN] PackLoader:240 - Cannot read IP mode file for STMicroelectronics.X-CUBE-GNSS1.6.0.0
2024-04-17 17:28:24,841 [WARN] PackLoader:240 - Cannot read IP mode file for STMicroelectronics.X-CUBE-AZRTOS-F4.1.1.0
2024-04-17 17:28:24,844 [WARN] PackLoader:240 - Cannot read IP mode file for wolfSSL.I-CUBE-wolfSSL.5.6.6
2024-04-17 17:28:24,867 [WARN] PackLoader:240 - Cannot read IP mode file for STMicroelectronics.X-CUBE-AZRTOS-L5.2.0.0
2024-04-17 17:28:24,874 [WARN] PackLoader:240 - Cannot read IP mode file for STMicroelectronics.X-CUBE-NFC6.3.1.0
2024-04-17 17:28:24,880 [WARN] PackLoader:240 - Cannot read IP mode file for ITTIA_DB.I-CUBE-ITTIADB.8.8.0
2024-04-17 17:28:24,884 [WARN] PackLoader:240 - Cannot read IP mode file for STMicroelectronics.X-CUBE-NFC7.1.0.1
2024-04-17 17:28:24,887 [WARN] PackLoader:240 - Cannot read IP mode file for STMicroelectronics.X-CUBE-AI.8.1.0
2024-04-17 17:28:24,900 [WARN] ConditionMgr:438 - getConditionDescription Invalid condition id : LAN8742 Phy interface Condition cause : null
2024-04-17 17:28:24,901 [WARN] PackLoader:240 - Cannot read IP mode file for STMicroelectronics.X-CUBE-AZRTOS-L4.2.0.0
2024-04-17 17:28:24,903 [WARN] ConditionMgr:1039 - genDependencies : Invalid condition id : LAN8742 Phy interface Condition cause : null
2024-04-17 17:28:24,903 [WARN] ConditionMgr:1039 - genDependencies : Invalid condition id : LAN8742 Phy interface Condition cause : null
2024-04-17 17:28:24,903 [WARN] ConditionMgr:1039 - genDependencies : Invalid condition id : LAN8742 Phy interface Condition cause : null
2024-04-17 17:28:24,908 [WARN] PackLoader:240 - Cannot read IP mode file for STMicroelectronics.X-CUBE-SFXS2LP1.4.0.0
2024-04-17 17:28:24,918 [WARN] ConditionMgr:438 - getConditionDescription Invalid condition id : UX DEVICE CLASS RTOS Condition cause : null
2024-04-17 17:28:24,919 [WARN] ConditionMgr:438 - getConditionDescription Invalid condition id : UX DEVICE CLASS RTOS Condition cause : null
2024-04-17 17:28:24,921 [WARN] PackLoader:240 - Cannot read IP mode file for STMicroelectronics.X-CUBE-AZRTOS-WB.2.0.0
2024-04-17 17:28:24,921 [WARN] ConditionMgr:1039 - genDependencies : Invalid condition id : UX DEVICE CLASS RTOS Condition cause : null
2024-04-17 17:28:24,921 [WARN] ConditionMgr:1039 - genDependencies : Invalid condition id : UX DEVICE CLASS RTOS Condition cause : null
2024-04-17 17:28:24,922 [WARN] ConditionMgr:1039 - genDependencies : Invalid condition id : UX DEVICE CLASS RTOS Condition cause : null
2024-04-17 17:28:24,922 [WARN] ConditionMgr:1039 - genDependencies : Invalid condition id : UX DEVICE CLASS RTOS Condition cause : null
2024-04-17 17:28:24,922 [WARN] ConditionMgr:1039 - genDependencies : Invalid condition id : UX DEVICE CLASS RTOS Condition cause : null
2024-04-17 17:28:24,928 [WARN] PackLoader:240 - Cannot read IP mode file for STMicroelectronics.X-CUBE-SUBG2.5.0.0
2024-04-17 17:28:24,940 [WARN] PackLoader:240 - Cannot read IP mode file for STMicroelectronics.X-CUBE-AZRTOS-G4.2.0.0
2024-04-17 17:28:24,951 [WARN] PackLoader:240 - Cannot read IP mode file for Infineon.AIROC-Wi-Fi-Bluetooth-STM32.1.5.1
2024-04-17 17:28:24,955 [WARN] PackLoader:240 - Cannot read IP mode file for STMicroelectronics.X-CUBE-ISPU.2.0.0
2024-04-17 17:28:24,987 [WARN] PackLoader:240 - Cannot read IP mode file for STMicroelectronics.X-CUBE-MEMS1.10.0.0
2024-04-17 17:28:25,065 [WARN] PackLoader:240 - Cannot read IP mode file for STMicroelectronics.X-CUBE-FREERTOS.1.1.0
2024-04-17 17:28:25,068 [WARN] PackLoader:240 - Cannot read IP mode file for portGmbH.I-Cube-SoM-uGOAL.1.1.0
2024-04-17 17:28:25,071 [WARN] PackLoader:240 - Cannot read IP mode file for STMicroelectronics.X-CUBE-ALS.1.0.1
2024-04-17 17:28:25,073 [WARN] PackLoader:240 - Cannot read IP mode file for STMicroelectronics.FP-ATR-ASTRA1.2.0.0
2024-04-17 17:28:25,080 [WARN] PackLoader:240 - Cannot read IP mode file for STMicroelectronics.X-CUBE-TOF1.3.4.1
2024-04-17 17:28:25,100 [WARN] PackLoader:240 - Cannot read IP mode file for STMicroelectronics.X-CUBE-AZRTOS-H7.3.2.0
2024-04-17 17:28:25,102 [INFO] ThirdParty:978 - Integrity check success = true
2024-04-17 17:28:25,103 [INFO] IntegrityCheckThread:100 - exiting critical section [integrity check]
2024-04-17 17:28:25,103 [INFO] IntegrityCheckThread:103 - End integrity checks thread
2024-04-17 17:28:43,270 [ERROR] LogOutputStream:75 - [STDERR_REDIRECT] SLF4J: Failed to load class "org.slf4j.impl.StaticLoggerBinder".
2024-04-17 17:28:43,270 [ERROR] LogOutputStream:75 - [STDERR_REDIRECT] SLF4J: Defaulting to no-operation (NOP) logger implementation
2024-04-17 17:28:43,271 [ERROR] LogOutputStream:75 - [STDERR_REDIRECT] SLF4J: See http://www.slf4j.org/codes.html#StaticLoggerBinder for further details.
2024-04-17 23:35:24,364 [ERROR] LogOutputStream:75 - [STDERR_REDIRECT] 
