2024-04-02 12:34:39,035 [INFO] Activator:176 - 


2024-04-02 12:34:39,037 [INFO] Activator:177 - !SESSION log4j initialized
2024-04-02 12:34:41,682 [INFO] LogOutputStream:77 - [STDOUT_REDIRECT] 
2024-04-02 12:34:42,094 [INFO] ApplicationProperties:184 - Using Application install path: /opt/st/stm32cubeide_1.14.0/plugins/com.st.stm32cube.common.mx_6.10.0.202311202037
2024-04-02 12:34:42,105 [INFO] DbMcusXml:78 - Set database path to: /opt/st/stm32cubeide_1.14.0/plugins/com.st.stm32cube.common.mx_6.10.0.202311202037//db//mcu/
2024-04-02 12:34:42,105 [INFO] ApiDb:274 - Set plugin database path to: /opt/st/stm32cubeide_1.14.0/plugins/com.st.stm32cube.common.mx_6.10.0.202311202037//db//plugins/boardmanager/
2024-04-02 12:34:42,106 [WARN] ApiDb:259 - Overriding images path with different value:  => /opt/st/stm32cubeide_1.14.0/plugins/com.st.stm32cube.common.mx_6.10.0.202311202037//db//plugins/mcufinder/images/
2024-04-02 12:34:42,112 [INFO] ApiDb:250 - Set database path to: /home/lpmeoli/.stmcufinder/plugins/mcufinder//mcu/
2024-04-02 12:34:42,112 [INFO] DbMcusAds:125 - Set database path to: /home/lpmeoli/.stmcufinder/plugins/mcufinder//mcu/
2024-04-02 12:34:42,113 [INFO] CrossReferenceDbSqlite:203 - Set database path to: /home/lpmeoli/.stmcufinder/plugins/mcufinder//mcu/cs/
2024-04-02 12:34:42,189 [INFO] RulesReader:64 - Compatibility file has been processed (297 Rules)
2024-04-02 12:34:42,232 [INFO] DbMcusXml:78 - Set database path to: /opt/st/stm32cubeide_1.14.0/plugins/com.st.stm32cube.common.mx_6.10.0.202311202037//db//mcu/
2024-04-02 12:34:42,232 [INFO] ApiDb:274 - Set plugin database path to: /opt/st/stm32cubeide_1.14.0/plugins/com.st.stm32cube.common.mx_6.10.0.202311202037//db//plugins/boardmanager/
2024-04-02 12:34:42,232 [INFO] ApiDb:261 - Set plugin images path to: /opt/st/stm32cubeide_1.14.0/plugins/com.st.stm32cube.common.mx_6.10.0.202311202037//db//plugins/mcufinder/images/
2024-04-02 12:34:42,232 [WARN] DbFile:41 - Overriding database path with different value: /home/lpmeoli/.stmcufinder/plugins/mcufinder/ => /home/lpmeoli/.stmcufinder/plugins/mcufinder
2024-04-02 12:34:42,232 [INFO] ApiDb:250 - Set database path to: /home/lpmeoli/.stmcufinder/plugins/mcufinder//mcu/
2024-04-02 12:34:42,232 [WARN] DbFile:41 - Overriding database path with different value: /home/lpmeoli/.stmcufinder/plugins/mcufinder/ => /home/lpmeoli/.stmcufinder/plugins/mcufinder
2024-04-02 12:34:42,232 [INFO] DbMcusAds:125 - Set database path to: /home/lpmeoli/.stmcufinder/plugins/mcufinder//mcu/
2024-04-02 12:34:42,232 [WARN] DbFile:41 - Overriding database path with different value: /home/lpmeoli/.stmcufinder/plugins/mcufinder/ => /home/lpmeoli/.stmcufinder/plugins/mcufinder
2024-04-02 12:34:42,232 [WARN] DbFile:41 - Overriding database path with different value: /home/lpmeoli/.stmcufinder/plugins/mcufinder/ => /home/lpmeoli/.stmcufinder/plugins/mcufinder
2024-04-02 12:34:42,232 [INFO] CrossReferenceDbSqlite:203 - Set database path to: /home/lpmeoli/.stmcufinder/plugins/mcufinder//mcu/cs/
2024-04-02 12:34:42,284 [INFO] MainPanel:264 - HeapMemory: 268435456
2024-04-02 12:34:42,347 [INFO] DbMcusXml:78 - Set database path to: /opt/st/stm32cubeide_1.14.0/plugins/com.st.stm32cube.common.mx_6.10.0.202311202037//db//mcu/
2024-04-02 12:34:42,347 [INFO] ApiDb:274 - Set plugin database path to: /opt/st/stm32cubeide_1.14.0/plugins/com.st.stm32cube.common.mx_6.10.0.202311202037//db//plugins/boardmanager/
2024-04-02 12:34:42,348 [INFO] ApiDb:261 - Set plugin images path to: /opt/st/stm32cubeide_1.14.0/plugins/com.st.stm32cube.common.mx_6.10.0.202311202037//db//plugins/mcufinder/images/
2024-04-02 12:34:42,348 [WARN] DbFile:41 - Overriding database path with different value: /home/lpmeoli/.stmcufinder/plugins/mcufinder/ => /home/lpmeoli/.stmcufinder/plugins/mcufinder
2024-04-02 12:34:42,348 [INFO] ApiDb:250 - Set database path to: /home/lpmeoli/.stmcufinder/plugins/mcufinder//mcu/
2024-04-02 12:34:42,348 [WARN] DbFile:41 - Overriding database path with different value: /home/lpmeoli/.stmcufinder/plugins/mcufinder/ => /home/lpmeoli/.stmcufinder/plugins/mcufinder
2024-04-02 12:34:42,348 [INFO] DbMcusAds:125 - Set database path to: /home/lpmeoli/.stmcufinder/plugins/mcufinder//mcu/
2024-04-02 12:34:42,348 [WARN] DbFile:41 - Overriding database path with different value: /home/lpmeoli/.stmcufinder/plugins/mcufinder/ => /home/lpmeoli/.stmcufinder/plugins/mcufinder
2024-04-02 12:34:42,348 [WARN] DbFile:41 - Overriding database path with different value: /home/lpmeoli/.stmcufinder/plugins/mcufinder/ => /home/lpmeoli/.stmcufinder/plugins/mcufinder
2024-04-02 12:34:42,348 [INFO] CrossReferenceDbSqlite:203 - Set database path to: /home/lpmeoli/.stmcufinder/plugins/mcufinder//mcu/cs/
2024-04-02 12:34:42,359 [INFO] ApplicationProperties:184 - Using Application install path: /opt/st/stm32cubeide_1.14.0/plugins/com.st.stm32cube.common.mx_6.10.0.202311202037
2024-04-02 12:34:42,360 [INFO] PluginManage:196 - Search for loadable plugins [exclusion list=, ]
2024-04-02 12:34:42,360 [INFO] PluginManage:310 - Check plugin analytics
2024-04-02 12:34:42,447 [INFO] AnalyticsPlugin:253 - Accepted Software Licenses: 
2024-04-02 12:34:42,447 [INFO] AnalyticsPlugin:255 - Accepted CMSIS Pack Licenses: 
2024-04-02 12:34:42,447 [INFO] AnalyticsPlugin:257 - Accepted Firmware Licenses: 
2024-04-02 12:34:42,448 [INFO] PluginManage:359 - Loaded plugin analytics (category:tool,tabindex:-1)
2024-04-02 12:34:42,449 [INFO] PluginManage:310 - Check plugin cadmodel
2024-04-02 12:34:42,467 [INFO] CADModel:105 - Init CAD model plugin
2024-04-02 12:34:42,467 [INFO] PluginManage:359 - Loaded plugin cadmodel (category:power,tabindex:5)
2024-04-02 12:34:42,467 [INFO] PluginManage:310 - Check plugin clock
2024-04-02 12:34:42,474 [INFO] PluginManage:359 - Loaded plugin clock (category:base,tabindex:2)
2024-04-02 12:34:42,474 [INFO] PluginManage:310 - Check plugin ddr
2024-04-02 12:34:42,476 [INFO] PluginManage:359 - Loaded plugin ddr (category:tool,tabindex:6)
2024-04-02 12:34:42,476 [INFO] PluginManage:310 - Check plugin filemanager
2024-04-02 12:34:42,555 [INFO] PluginManage:359 - Loaded plugin filemanager (category:base,tabindex:10)
2024-04-02 12:34:42,555 [INFO] PluginManage:310 - Check plugin ipmanager
2024-04-02 12:34:42,559 [INFO] PluginManage:359 - Loaded plugin ipmanager (category:base,tabindex:5)
2024-04-02 12:34:42,559 [INFO] PluginManage:310 - Check plugin lpbam
2024-04-02 12:34:42,566 [INFO] PluginManage:359 - Loaded plugin lpbam (category:base,tabindex:0)
2024-04-02 12:34:42,566 [INFO] PluginManage:310 - Check plugin memorymap
2024-04-02 12:34:42,573 [INFO] PluginManage:359 - Loaded plugin memorymap (category:base,tabindex:4)
2024-04-02 12:34:42,573 [INFO] PluginManage:310 - Check plugin pinoutandconfiguration
2024-04-02 12:34:42,578 [INFO] PluginManage:359 - Loaded plugin pinoutandconfiguration (category:base,tabindex:1)
2024-04-02 12:34:42,578 [INFO] PluginManage:310 - Check plugin pinoutconfig
2024-04-02 12:34:42,631 [WARN] SupportedApi:132 - Cannot load RTOS API schema: s4s-elt-must-match.1: The content of 'definitions' must match (annotation?, (simpleType | complexType)?, (unique | key | keyref)*)). A problem was found starting at: attribute.
2024-04-02 12:34:42,712 [INFO] PluginManage:359 - Loaded plugin pinoutconfig (category:base,tabindex:0)
2024-04-02 12:34:42,712 [INFO] PluginManage:310 - Check plugin power
2024-04-02 12:34:42,720 [INFO] PluginManage:359 - Loaded plugin power (category:power,tabindex:4)
2024-04-02 12:34:42,720 [INFO] PluginManage:310 - Check plugin projectmanager
2024-04-02 12:34:42,735 [INFO] PluginManage:359 - Loaded plugin projectmanager (category:projectmanager,tabindex:3)
2024-04-02 12:34:42,735 [INFO] PluginManage:310 - Check plugin thirdparty
2024-04-02 12:34:42,796 [INFO] PluginManage:359 - Loaded plugin thirdparty (category:base,tabindex:-1)
2024-04-02 12:34:42,796 [WARN] IntegrityCheckThread:84 - waiting for thirdparty lock release [integrity check]
2024-04-02 12:34:42,796 [INFO] PluginManage:310 - Check plugin tools
2024-04-02 12:34:42,796 [INFO] IntegrityCheckThread:86 - entering critical section [integrity check]
2024-04-02 12:34:42,797 [INFO] ThirdPartyUpdaterWithRetryManager:70 - Updater plugin not ready yet. [1/15]
2024-04-02 12:34:42,798 [INFO] PluginManage:359 - Loaded plugin tools (category:base,tabindex:7)
2024-04-02 12:34:42,798 [INFO] PluginManage:310 - Check plugin tutovideos
2024-04-02 12:34:42,893 [INFO] PluginManage:359 - Loaded plugin tutovideos (category:base,tabindex:-1)
2024-04-02 12:34:42,893 [INFO] PluginManage:310 - Check plugin updater
2024-04-02 12:34:42,902 [INFO] PluginManage:359 - Loaded plugin updater (category:base,tabindex:12)
2024-04-02 12:34:42,902 [INFO] PluginManage:310 - Check plugin userauth
2024-04-02 12:34:42,905 [INFO] UserAuth:114 - Init User Auth plugin
2024-04-02 12:34:42,906 [INFO] PluginManage:359 - Loaded plugin userauth (category:base,tabindex:14)
2024-04-02 12:34:42,906 [INFO] PluginManage:283 - PluginManage : Loaded plugins [17]
2024-04-02 12:34:43,008 [INFO] PinOutPanel:1499 - setPackage(No Configuration,No Configuration)
2024-04-02 12:34:43,043 [INFO] CADModel:165 - CPN selected for project level
2024-04-02 12:34:43,043 [INFO] CADModel:114 - Register for checkConnection events
2024-04-02 12:34:43,050 [INFO] IPUIPlugin:80 - create IPUIPlugin
2024-04-02 12:34:43,050 [INFO] PluginManager:220 - loadIPPluginJar : add nvic
2024-04-02 12:34:43,052 [INFO] IPUIPlugin:80 - create IPUIPlugin
2024-04-02 12:34:43,052 [INFO] PluginManager:220 - loadIPPluginJar : add tsc
2024-04-02 12:34:43,054 [INFO] IPUIPlugin:80 - create IPUIPlugin
2024-04-02 12:34:43,054 [INFO] PluginManager:220 - loadIPPluginJar : add dma3
2024-04-02 12:34:43,060 [INFO] IPUIPlugin:80 - create IPUIPlugin
2024-04-02 12:34:43,061 [INFO] PluginManager:220 - loadIPPluginJar : add adc
2024-04-02 12:34:43,063 [INFO] IPUIPlugin:80 - create IPUIPlugin
2024-04-02 12:34:43,063 [INFO] PluginManager:220 - loadIPPluginJar : add i3c
2024-04-02 12:34:43,065 [INFO] IPUIPlugin:80 - create IPUIPlugin
2024-04-02 12:34:43,065 [INFO] PluginManager:220 - loadIPPluginJar : add gtzc
2024-04-02 12:34:43,066 [INFO] IPUIPlugin:80 - create IPUIPlugin
2024-04-02 12:34:43,066 [INFO] PluginManager:220 - loadIPPluginJar : add lorawan
2024-04-02 12:34:43,067 [INFO] IPUIPlugin:80 - create IPUIPlugin
2024-04-02 12:34:43,068 [INFO] PluginManager:220 - loadIPPluginJar : add usart
2024-04-02 12:34:43,072 [INFO] IPUIPlugin:80 - create IPUIPlugin
2024-04-02 12:34:43,073 [INFO] PluginManager:220 - loadIPPluginJar : add plateformsettings
2024-04-02 12:34:43,074 [INFO] IPUIPlugin:80 - create IPUIPlugin
2024-04-02 12:34:43,074 [INFO] PluginManager:220 - loadIPPluginJar : add ltdc
2024-04-02 12:34:43,075 [INFO] IPUIPlugin:80 - create IPUIPlugin
2024-04-02 12:34:43,075 [INFO] PluginManager:220 - loadIPPluginJar : add tracer_emb
2024-04-02 12:34:43,075 [INFO] IPUIPlugin:80 - create IPUIPlugin
2024-04-02 12:34:43,075 [INFO] PluginManager:220 - loadIPPluginJar : add fatfs
2024-04-02 12:34:43,076 [INFO] IPUIPlugin:80 - create IPUIPlugin
2024-04-02 12:34:43,076 [INFO] PluginManager:220 - loadIPPluginJar : add comp
2024-04-02 12:34:43,081 [INFO] IPUIPlugin:80 - create IPUIPlugin
2024-04-02 12:34:43,081 [INFO] PluginManager:220 - loadIPPluginJar : add linkedlist
2024-04-02 12:34:43,084 [INFO] IPUIPlugin:80 - create IPUIPlugin
2024-04-02 12:34:43,084 [INFO] PluginManager:220 - loadIPPluginJar : add gpio
2024-04-02 12:34:43,085 [INFO] IPUIPlugin:80 - create IPUIPlugin
2024-04-02 12:34:43,085 [INFO] PluginManager:220 - loadIPPluginJar : add aes
2024-04-02 12:34:43,086 [INFO] IPUIPlugin:80 - create IPUIPlugin
2024-04-02 12:34:43,086 [INFO] PluginManager:220 - loadIPPluginJar : add hash
2024-04-02 12:34:43,090 [INFO] IPUIPlugin:80 - create IPUIPlugin
2024-04-02 12:34:43,090 [INFO] PluginManager:220 - loadIPPluginJar : add mdma
2024-04-02 12:34:43,091 [INFO] IPUIPlugin:80 - create IPUIPlugin
2024-04-02 12:34:43,091 [INFO] PluginManager:220 - loadIPPluginJar : add dfsdm
2024-04-02 12:34:43,092 [INFO] IPUIPlugin:80 - create IPUIPlugin
2024-04-02 12:34:43,093 [INFO] PluginManager:220 - loadIPPluginJar : add pdm2pcm
2024-04-02 12:34:43,094 [INFO] IPUIPlugin:80 - create IPUIPlugin
2024-04-02 12:34:43,094 [INFO] PluginManager:220 - loadIPPluginJar : add touchsensing
2024-04-02 12:34:43,095 [INFO] IPUIPlugin:80 - create IPUIPlugin
2024-04-02 12:34:43,095 [INFO] PluginManager:220 - loadIPPluginJar : add cryp
2024-04-02 12:34:43,099 [INFO] IPUIPlugin:80 - create IPUIPlugin
2024-04-02 12:34:43,100 [INFO] PluginManager:220 - loadIPPluginJar : add freertos
2024-04-02 12:34:43,101 [INFO] IPUIPlugin:80 - create IPUIPlugin
2024-04-02 12:34:43,102 [INFO] PluginManager:220 - loadIPPluginJar : add usbx
2024-04-02 12:34:43,104 [INFO] IPUIPlugin:80 - create IPUIPlugin
2024-04-02 12:34:43,105 [INFO] PluginManager:220 - loadIPPluginJar : add fmc
2024-04-02 12:34:43,108 [INFO] IPUIPlugin:80 - create IPUIPlugin
2024-04-02 12:34:43,108 [INFO] PluginManager:220 - loadIPPluginJar : add gic
2024-04-02 12:34:43,112 [INFO] IPUIPlugin:80 - create IPUIPlugin
2024-04-02 12:34:43,112 [INFO] PluginManager:220 - loadIPPluginJar : add dma
2024-04-02 12:34:43,112 [INFO] IPUIPlugin:80 - create IPUIPlugin
2024-04-02 12:34:43,112 [INFO] PluginManager:220 - loadIPPluginJar : add genericplugin
2024-04-02 12:34:43,113 [INFO] IPUIPlugin:80 - create IPUIPlugin
2024-04-02 12:34:43,113 [INFO] PluginManager:220 - loadIPPluginJar : add ucpd
2024-04-02 12:34:43,114 [INFO] IPUIPlugin:80 - create IPUIPlugin
2024-04-02 12:34:43,114 [INFO] PluginManager:220 - loadIPPluginJar : add opamp
2024-04-02 12:34:43,117 [INFO] IPUIPlugin:80 - create IPUIPlugin
2024-04-02 12:34:43,117 [INFO] PluginManager:220 - loadIPPluginJar : add stm32_wpan
2024-04-02 12:34:43,118 [INFO] IPUIPlugin:80 - create IPUIPlugin
2024-04-02 12:34:43,118 [INFO] PluginManager:220 - loadIPPluginJar : add ts
2024-04-02 12:34:43,119 [INFO] IPUIPlugin:80 - create IPUIPlugin
2024-04-02 12:34:43,119 [INFO] PluginManager:220 - loadIPPluginJar : add spi
2024-04-02 12:34:43,121 [INFO] IPUIPlugin:80 - create IPUIPlugin
2024-04-02 12:34:43,121 [INFO] PluginManager:220 - loadIPPluginJar : add sai
2024-04-02 12:34:43,122 [INFO] IPUIPlugin:80 - create IPUIPlugin
2024-04-02 12:34:43,122 [INFO] PluginManager:220 - loadIPPluginJar : add ipddr
2024-04-02 12:34:43,124 [INFO] IPUIPlugin:80 - create IPUIPlugin
2024-04-02 12:34:43,124 [INFO] PluginManager:220 - loadIPPluginJar : add resmgrutility
2024-04-02 12:34:43,126 [INFO] IPUIPlugin:80 - create IPUIPlugin
2024-04-02 12:34:43,126 [INFO] PluginManager:220 - loadIPPluginJar : add gfxmmu
2024-04-02 12:34:43,127 [INFO] IPUIPlugin:80 - create IPUIPlugin
2024-04-02 12:34:43,127 [INFO] PluginManager:220 - loadIPPluginJar : add can
2024-04-02 12:34:43,128 [INFO] IPUIPlugin:80 - create IPUIPlugin
2024-04-02 12:34:43,128 [INFO] PluginManager:220 - loadIPPluginJar : add i2c
2024-04-02 12:34:43,129 [INFO] IPUIPlugin:80 - create IPUIPlugin
2024-04-02 12:34:43,129 [INFO] PluginManager:220 - loadIPPluginJar : add i2s
2024-04-02 12:34:43,130 [INFO] IPUIPlugin:80 - create IPUIPlugin
2024-04-02 12:34:43,130 [INFO] PluginManager:220 - loadIPPluginJar : add tim
2024-04-02 12:34:43,131 [INFO] IPUIPlugin:80 - create IPUIPlugin
2024-04-02 12:34:43,131 [INFO] PluginManager:220 - loadIPPluginJar : add openamp
2024-04-02 12:34:43,132 [INFO] IPUIPlugin:80 - create IPUIPlugin
2024-04-02 12:34:43,132 [INFO] PluginManager:220 - loadIPPluginJar : add quadspi
2024-04-02 12:34:43,222 [INFO] CADModel:165 - CPN selected for project level
2024-04-02 12:34:43,222 [INFO] CADModel:114 - Register for checkConnection events
2024-04-02 12:34:43,223 [FATAL] Updater:308 - Updater called before beeing initialized
2024-04-02 12:34:43,223 [ERROR] CADModel:125 - Updater not yet initialized, retry later 
2024-04-02 12:34:43,340 [INFO] CADModel:165 - CPN selected for project level
2024-04-02 12:34:43,340 [INFO] CADModel:114 - Register for checkConnection events
2024-04-02 12:34:43,341 [FATAL] Updater:308 - Updater called before beeing initialized
2024-04-02 12:34:43,341 [ERROR] CADModel:125 - Updater not yet initialized, retry later 
2024-04-02 12:34:43,345 [FATAL] Updater:308 - Updater called before beeing initialized
2024-04-02 12:34:43,451 [FATAL] Updater:308 - Updater called before beeing initialized
2024-04-02 12:34:43,454 [INFO] DbMcusAds:53 - JSON generation date=Wed Nov 29 07:52:27 ART 2023 (1701255147349)
2024-04-02 12:34:43,455 [FATAL] Updater:308 - Updater called before beeing initialized
2024-04-02 12:34:43,477 [WARN] DetailPanel:346 - Failed to get advertising image, set to default
2024-04-02 12:34:43,553 [FATAL] Updater:308 - Updater called before beeing initialized
2024-04-02 12:34:43,555 [FATAL] Updater:308 - Updater called before beeing initialized
2024-04-02 12:34:43,555 [FATAL] Updater:308 - Updater called before beeing initialized
2024-04-02 12:34:43,555 [WARN] DetailPanel:346 - Failed to get advertising image, set to default
2024-04-02 12:34:43,556 [FATAL] Updater:308 - Updater called before beeing initialized
2024-04-02 12:34:43,581 [ERROR] Updater:1120 - MainUpdater not yet initialized. External WinMGr cannot be set.
2024-04-02 12:34:43,583 [INFO] Updater:1056 - Updater Version found : 6.10.0
2024-04-02 12:34:43,598 [INFO] ApplicationProperties:184 - Using Application install path: /opt/st/stm32cubeide_1.14.0/plugins/com.st.stm32cube.common.mx_6.10.0.202311202037
2024-04-02 12:34:43,842 [INFO] MainUpdater:2873 - connection check result : 10
2024-04-02 12:34:43,842 [INFO] MainUpdater:3567 - Updater definition file requires update
2024-04-02 12:34:43,843 [INFO] MainUpdater:290 - Updater Check For Update Now.
2024-04-02 12:34:43,843 [INFO] MicroXplorer:498 - Change Database Version : DB.6.0.100
2024-04-02 12:34:43,845 [INFO] McuFinderGlobals:63 - Set McuFinder mode to 2 (CubeIDE integrated)
2024-04-02 12:34:43,845 [INFO] UserAuth:180 - activating auth plugin
2024-04-02 12:34:43,848 [INFO] UserAuth:404 - Internet connection configuration mode: 1
2024-04-02 12:34:43,857 [INFO] JxBrowserEngine:152 - Initiate JxBrowser Engine with user profile folder
2024-04-02 12:34:43,911 [INFO] ServerAccessManage:473 - Download File updaters.zip
2024-04-02 12:34:43,968 [INFO] FileExtend:240 - Unzip File : updaters.zip
2024-04-02 12:34:43,969 [INFO] FileExtend:255 - Standard Zip Deflate
2024-04-02 12:34:44,067 [INFO] ServerAccessManage:473 - Download File PacksControlFlags.xml
2024-04-02 12:34:44,106 [INFO] ServerAccessManage:473 - Download File cubemx.pidx
2024-04-02 12:34:44,497 [INFO] WebApp:161 - Instantiating new browser for Auth
2024-04-02 12:34:44,517 [INFO] ServerAccessManage:473 - Download File STMicroelectronics.X-CUBE-TOUCHGFX.pdsc
2024-04-02 12:34:44,807 [INFO] WebApp:780 - Register for checkConnection events
2024-04-02 12:34:44,807 [INFO] WebApp:414 - Apply proxy settings
2024-04-02 12:34:44,807 [INFO] WebApp:499 - Chromium requires no authentication
2024-04-02 12:34:44,810 [INFO] WebApp:442 - Direct internet connection detected
2024-04-02 12:34:44,880 [INFO] WebApp:192 - Starting web application
2024-04-02 12:34:44,880 [INFO] WebApp:544 - Web application path used /opt/st/stm32cubeide_1.14.0/plugins/com.st.stm32cube.common.mx_6.10.0.202311202037/db/plugins/mcufinder/reactClient1/index.html
2024-04-02 12:34:45,420 [WARN] PackLoader:240 - Cannot read IP mode file for STMicroelectronics.X-CUBE-TOUCHGFX.4.23.2
2024-04-02 12:34:45,421 [INFO] PopulateThirdPartyThread:66 - Ending populate Thread
2024-04-02 12:34:45,423 [INFO] ThirdParty:1030 - CMSIS Pack Vendor :STMicroelectronics X-CUBE-TOUCHGFX 4.23.2
2024-04-02 12:34:45,423 [INFO] LoadServerUpdatesThread:375 - End of LoadServerUpdate Thread
2024-04-02 12:34:45,536 [INFO] CheckServerUpdateThread:120 - End of CheckServer Thread
2024-04-02 12:34:45,864 [WARN] PackLoader:240 - Cannot read IP mode file for STMicroelectronics.X-CUBE-SMBUS.2.1.0
2024-04-02 12:34:45,866 [WARN] PackLoader:240 - Cannot read IP mode file for STMicroelectronics.X-CUBE-TOUCHGFX.4.23.1
2024-04-02 12:34:45,867 [WARN] PackLoader:240 - Cannot read IP mode file for STMicroelectronics.X-CUBE-TOUCHGFX.4.23.0
2024-04-02 12:34:45,868 [WARN] PackLoader:240 - Cannot read IP mode file for STMicroelectronics.X-CUBE-TOUCHGFX.4.23.2
2024-04-02 12:34:45,882 [WARN] PackLoader:240 - Cannot read IP mode file for STMicroelectronics.X-CUBE-AZRTOS-F7.1.1.0
2024-04-02 12:34:45,888 [WARN] PackLoader:240 - Cannot read IP mode file for STMicroelectronics.FP-SNS-MOTENV1.4.3.2
2024-04-02 12:34:45,891 [WARN] PackLoader:240 - Cannot read IP mode file for STMicroelectronics.FP-SNS-FLIGHT1.5.0.2
2024-04-02 12:34:45,895 [WARN] PackLoader:240 - Cannot read IP mode file for STMicroelectronics.X-CUBE-DISPLAY.3.0.0
2024-04-02 12:34:45,901 [WARN] PackLoader:240 - Cannot read IP mode file for STMicroelectronics.X-CUBE-BLE1.7.0.0
2024-04-02 12:34:45,904 [WARN] PackLoader:240 - Cannot read IP mode file for emotas.I-CUBE-CANOPEN.1.3.0
2024-04-02 12:34:45,910 [WARN] PackLoader:240 - Cannot read IP mode file for STMicroelectronics.X-CUBE-BLEMGR.3.1.0
2024-04-02 12:34:45,914 [WARN] PackLoader:240 - Cannot read IP mode file for STMicroelectronics.FP-SNS-SMARTAG2.1.2.0
2024-04-02 12:34:45,919 [INFO] LogOutputStream:77 - [STDOUT_REDIRECT] 1 : Invalid condition id : UX_CORESTACK_Condition cause : null
2024-04-02 12:34:45,919 [INFO] LogOutputStream:77 - [STDOUT_REDIRECT] 1 : Invalid condition id : UX_CORESTACK_Condition cause : null
2024-04-02 12:34:45,919 [INFO] LogOutputStream:77 - [STDOUT_REDIRECT] 1 : Invalid condition id : UX_CORESTACK_Condition cause : null
2024-04-02 12:34:45,920 [INFO] LogOutputStream:77 - [STDOUT_REDIRECT] 1 : Invalid condition id : UX_CORESTACK_Condition cause : null
2024-04-02 12:34:45,920 [INFO] LogOutputStream:77 - [STDOUT_REDIRECT] 1 : Invalid condition id : UX_CORESTACK_Condition cause : null
2024-04-02 12:34:45,922 [WARN] PackLoader:240 - Cannot read IP mode file for STMicroelectronics.X-CUBE-AZRTOS-WL.2.0.0
2024-04-02 12:34:45,925 [WARN] PackLoader:240 - Cannot read IP mode file for STMicroelectronics.FP-SNS-MOTENV1.5.0.0
2024-04-02 12:34:45,929 [WARN] PackLoader:240 - Cannot read IP mode file for WES.I-CUBE-Cesium.1.3.0
2024-04-02 12:34:45,931 [WARN] PackLoader:240 - Cannot read IP mode file for STMicroelectronics.X-CUBE-BLE2.3.3.0
2024-04-02 12:34:45,934 [WARN] PackLoader:240 - Cannot read IP mode file for STMicroelectronics.X-CUBE-ALGOBUILD.1.3.0
2024-04-02 12:34:45,943 [WARN] PackLoader:240 - Cannot read IP mode file for STMicroelectronics.X-CUBE-AZRTOS-G0.1.1.0
2024-04-02 12:34:45,948 [WARN] PackLoader:240 - Cannot read IP mode file for STMicroelectronics.X-CUBE-SAFEA1.1.2.2
2024-04-02 12:34:45,951 [WARN] PackLoader:240 - Cannot read IP mode file for STMicroelectronics.X-CUBE-NFC4.3.0.0
2024-04-02 12:34:45,954 [WARN] PackLoader:240 - Cannot read IP mode file for STMicroelectronics.FP-ATR-SIGFOX1.3.2.0
2024-04-02 12:34:45,957 [WARN] PackLoader:240 - Cannot read IP mode file for STMicroelectronics.X-CUBE-EEPRMA1.5.1.0
2024-04-02 12:34:45,977 [WARN] PackLoader:240 - Cannot read IP mode file for SEGGER.I-CUBE-embOS.1.3.1
2024-04-02 12:34:46,004 [WARN] PackLoader:240 - Cannot read IP mode file for STMicroelectronics.X-CUBE-GNSS1.6.0.0
2024-04-02 12:34:46,015 [WARN] PackLoader:240 - Cannot read IP mode file for STMicroelectronics.X-CUBE-AZRTOS-F4.1.1.0
2024-04-02 12:34:46,018 [WARN] PackLoader:240 - Cannot read IP mode file for wolfSSL.I-CUBE-wolfSSL.5.6.6
2024-04-02 12:34:46,029 [WARN] PackLoader:240 - Cannot read IP mode file for STMicroelectronics.X-CUBE-AZRTOS-L5.2.0.0
2024-04-02 12:34:46,035 [WARN] PackLoader:240 - Cannot read IP mode file for STMicroelectronics.X-CUBE-NFC6.3.1.0
2024-04-02 12:34:46,040 [WARN] PackLoader:240 - Cannot read IP mode file for ITTIA_DB.I-CUBE-ITTIADB.8.8.0
2024-04-02 12:34:46,043 [WARN] PackLoader:240 - Cannot read IP mode file for STMicroelectronics.X-CUBE-NFC7.1.0.1
2024-04-02 12:34:46,045 [WARN] PackLoader:240 - Cannot read IP mode file for STMicroelectronics.X-CUBE-AI.8.1.0
2024-04-02 12:34:46,056 [WARN] ConditionMgr:438 - getConditionDescription Invalid condition id : LAN8742 Phy interface Condition cause : null
2024-04-02 12:34:46,056 [WARN] PackLoader:240 - Cannot read IP mode file for STMicroelectronics.X-CUBE-AZRTOS-L4.2.0.0
2024-04-02 12:34:46,057 [WARN] ConditionMgr:1039 - genDependencies : Invalid condition id : LAN8742 Phy interface Condition cause : null
2024-04-02 12:34:46,057 [WARN] ConditionMgr:1039 - genDependencies : Invalid condition id : LAN8742 Phy interface Condition cause : null
2024-04-02 12:34:46,058 [WARN] ConditionMgr:1039 - genDependencies : Invalid condition id : LAN8742 Phy interface Condition cause : null
2024-04-02 12:34:46,062 [WARN] PackLoader:240 - Cannot read IP mode file for STMicroelectronics.X-CUBE-SFXS2LP1.4.0.0
2024-04-02 12:34:46,074 [WARN] ConditionMgr:438 - getConditionDescription Invalid condition id : UX DEVICE CLASS RTOS Condition cause : null
2024-04-02 12:34:46,074 [WARN] ConditionMgr:438 - getConditionDescription Invalid condition id : UX DEVICE CLASS RTOS Condition cause : null
2024-04-02 12:34:46,076 [WARN] PackLoader:240 - Cannot read IP mode file for STMicroelectronics.X-CUBE-AZRTOS-WB.2.0.0
2024-04-02 12:34:46,077 [WARN] ConditionMgr:1039 - genDependencies : Invalid condition id : UX DEVICE CLASS RTOS Condition cause : null
2024-04-02 12:34:46,077 [WARN] ConditionMgr:1039 - genDependencies : Invalid condition id : UX DEVICE CLASS RTOS Condition cause : null
2024-04-02 12:34:46,077 [WARN] ConditionMgr:1039 - genDependencies : Invalid condition id : UX DEVICE CLASS RTOS Condition cause : null
2024-04-02 12:34:46,078 [WARN] ConditionMgr:1039 - genDependencies : Invalid condition id : UX DEVICE CLASS RTOS Condition cause : null
2024-04-02 12:34:46,078 [WARN] ConditionMgr:1039 - genDependencies : Invalid condition id : UX DEVICE CLASS RTOS Condition cause : null
2024-04-02 12:34:46,087 [WARN] PackLoader:240 - Cannot read IP mode file for STMicroelectronics.X-CUBE-SUBG2.5.0.0
2024-04-02 12:34:46,105 [WARN] PackLoader:240 - Cannot read IP mode file for STMicroelectronics.X-CUBE-AZRTOS-G4.2.0.0
2024-04-02 12:34:46,117 [WARN] PackLoader:240 - Cannot read IP mode file for Infineon.AIROC-Wi-Fi-Bluetooth-STM32.1.5.1
2024-04-02 12:34:46,124 [WARN] PackLoader:240 - Cannot read IP mode file for STMicroelectronics.X-CUBE-ISPU.2.0.0
2024-04-02 12:34:46,150 [WARN] PackLoader:240 - Cannot read IP mode file for STMicroelectronics.X-CUBE-MEMS1.10.0.0
2024-04-02 12:34:46,227 [WARN] PackLoader:240 - Cannot read IP mode file for STMicroelectronics.X-CUBE-FREERTOS.1.1.0
2024-04-02 12:34:46,229 [WARN] PackLoader:240 - Cannot read IP mode file for portGmbH.I-Cube-SoM-uGOAL.1.1.0
2024-04-02 12:34:46,232 [WARN] PackLoader:240 - Cannot read IP mode file for STMicroelectronics.X-CUBE-ALS.1.0.1
2024-04-02 12:34:46,233 [WARN] PackLoader:240 - Cannot read IP mode file for STMicroelectronics.FP-ATR-ASTRA1.2.0.0
2024-04-02 12:34:46,239 [WARN] PackLoader:240 - Cannot read IP mode file for STMicroelectronics.X-CUBE-TOF1.3.4.1
2024-04-02 12:34:46,253 [WARN] PackLoader:240 - Cannot read IP mode file for STMicroelectronics.X-CUBE-AZRTOS-H7.3.2.0
2024-04-02 12:34:46,255 [INFO] ThirdParty:978 - Integrity check success = true
2024-04-02 12:34:46,255 [INFO] IntegrityCheckThread:100 - exiting critical section [integrity check]
2024-04-02 12:34:46,255 [INFO] IntegrityCheckThread:103 - End integrity checks thread
2024-04-02 12:35:05,144 [ERROR] LogOutputStream:75 - [STDERR_REDIRECT] SLF4J: Failed to load class "org.slf4j.impl.StaticLoggerBinder".
2024-04-02 12:35:05,144 [ERROR] LogOutputStream:75 - [STDERR_REDIRECT] SLF4J: Defaulting to no-operation (NOP) logger implementation
2024-04-02 12:35:05,144 [ERROR] LogOutputStream:75 - [STDERR_REDIRECT] SLF4J: See http://www.slf4j.org/codes.html#StaticLoggerBinder for further details.
2024-04-02 15:07:58,070 [ERROR] LogOutputStream:75 - [STDERR_REDIRECT] 
