2024-04-03 19:20:50,850 [INFO] Activator:176 - 


2024-04-03 19:20:50,853 [INFO] Activator:177 - !SESSION log4j initialized
2024-04-03 19:20:53,749 [INFO] LogOutputStream:77 - [STDOUT_REDIRECT] 
2024-04-03 19:20:54,610 [INFO] ApplicationProperties:184 - Using Application install path: /opt/st/stm32cubeide_1.14.0/plugins/com.st.stm32cube.common.mx_6.10.0.202311202037
2024-04-03 19:20:54,622 [INFO] DbMcusXml:78 - Set database path to: /opt/st/stm32cubeide_1.14.0/plugins/com.st.stm32cube.common.mx_6.10.0.202311202037//db//mcu/
2024-04-03 19:20:54,623 [INFO] ApiDb:274 - Set plugin database path to: /opt/st/stm32cubeide_1.14.0/plugins/com.st.stm32cube.common.mx_6.10.0.202311202037//db//plugins/boardmanager/
2024-04-03 19:20:54,623 [WARN] ApiDb:259 - Overriding images path with different value:  => /opt/st/stm32cubeide_1.14.0/plugins/com.st.stm32cube.common.mx_6.10.0.202311202037//db//plugins/mcufinder/images/
2024-04-03 19:20:54,629 [INFO] ApiDb:250 - Set database path to: /home/lpmeoli/.stmcufinder/plugins/mcufinder//mcu/
2024-04-03 19:20:54,630 [INFO] DbMcusAds:125 - Set database path to: /home/lpmeoli/.stmcufinder/plugins/mcufinder//mcu/
2024-04-03 19:20:54,631 [INFO] CrossReferenceDbSqlite:203 - Set database path to: /home/lpmeoli/.stmcufinder/plugins/mcufinder//mcu/cs/
2024-04-03 19:20:54,697 [INFO] RulesReader:64 - Compatibility file has been processed (297 Rules)
2024-04-03 19:20:54,731 [INFO] DbMcusXml:78 - Set database path to: /opt/st/stm32cubeide_1.14.0/plugins/com.st.stm32cube.common.mx_6.10.0.202311202037//db//mcu/
2024-04-03 19:20:54,731 [INFO] ApiDb:274 - Set plugin database path to: /opt/st/stm32cubeide_1.14.0/plugins/com.st.stm32cube.common.mx_6.10.0.202311202037//db//plugins/boardmanager/
2024-04-03 19:20:54,732 [INFO] ApiDb:261 - Set plugin images path to: /opt/st/stm32cubeide_1.14.0/plugins/com.st.stm32cube.common.mx_6.10.0.202311202037//db//plugins/mcufinder/images/
2024-04-03 19:20:54,732 [WARN] DbFile:41 - Overriding database path with different value: /home/lpmeoli/.stmcufinder/plugins/mcufinder/ => /home/lpmeoli/.stmcufinder/plugins/mcufinder
2024-04-03 19:20:54,732 [INFO] ApiDb:250 - Set database path to: /home/lpmeoli/.stmcufinder/plugins/mcufinder//mcu/
2024-04-03 19:20:54,732 [WARN] DbFile:41 - Overriding database path with different value: /home/lpmeoli/.stmcufinder/plugins/mcufinder/ => /home/lpmeoli/.stmcufinder/plugins/mcufinder
2024-04-03 19:20:54,732 [INFO] DbMcusAds:125 - Set database path to: /home/lpmeoli/.stmcufinder/plugins/mcufinder//mcu/
2024-04-03 19:20:54,732 [WARN] DbFile:41 - Overriding database path with different value: /home/lpmeoli/.stmcufinder/plugins/mcufinder/ => /home/lpmeoli/.stmcufinder/plugins/mcufinder
2024-04-03 19:20:54,732 [WARN] DbFile:41 - Overriding database path with different value: /home/lpmeoli/.stmcufinder/plugins/mcufinder/ => /home/lpmeoli/.stmcufinder/plugins/mcufinder
2024-04-03 19:20:54,732 [INFO] CrossReferenceDbSqlite:203 - Set database path to: /home/lpmeoli/.stmcufinder/plugins/mcufinder//mcu/cs/
2024-04-03 19:20:54,778 [INFO] MainPanel:264 - HeapMemory: 268435456
2024-04-03 19:20:54,835 [INFO] DbMcusXml:78 - Set database path to: /opt/st/stm32cubeide_1.14.0/plugins/com.st.stm32cube.common.mx_6.10.0.202311202037//db//mcu/
2024-04-03 19:20:54,835 [INFO] ApiDb:274 - Set plugin database path to: /opt/st/stm32cubeide_1.14.0/plugins/com.st.stm32cube.common.mx_6.10.0.202311202037//db//plugins/boardmanager/
2024-04-03 19:20:54,835 [INFO] ApiDb:261 - Set plugin images path to: /opt/st/stm32cubeide_1.14.0/plugins/com.st.stm32cube.common.mx_6.10.0.202311202037//db//plugins/mcufinder/images/
2024-04-03 19:20:54,835 [WARN] DbFile:41 - Overriding database path with different value: /home/lpmeoli/.stmcufinder/plugins/mcufinder/ => /home/lpmeoli/.stmcufinder/plugins/mcufinder
2024-04-03 19:20:54,835 [INFO] ApiDb:250 - Set database path to: /home/lpmeoli/.stmcufinder/plugins/mcufinder//mcu/
2024-04-03 19:20:54,835 [WARN] DbFile:41 - Overriding database path with different value: /home/lpmeoli/.stmcufinder/plugins/mcufinder/ => /home/lpmeoli/.stmcufinder/plugins/mcufinder
2024-04-03 19:20:54,835 [INFO] DbMcusAds:125 - Set database path to: /home/lpmeoli/.stmcufinder/plugins/mcufinder//mcu/
2024-04-03 19:20:54,836 [WARN] DbFile:41 - Overriding database path with different value: /home/lpmeoli/.stmcufinder/plugins/mcufinder/ => /home/lpmeoli/.stmcufinder/plugins/mcufinder
2024-04-03 19:20:54,836 [WARN] DbFile:41 - Overriding database path with different value: /home/lpmeoli/.stmcufinder/plugins/mcufinder/ => /home/lpmeoli/.stmcufinder/plugins/mcufinder
2024-04-03 19:20:54,836 [INFO] CrossReferenceDbSqlite:203 - Set database path to: /home/lpmeoli/.stmcufinder/plugins/mcufinder//mcu/cs/
2024-04-03 19:20:54,846 [INFO] ApplicationProperties:184 - Using Application install path: /opt/st/stm32cubeide_1.14.0/plugins/com.st.stm32cube.common.mx_6.10.0.202311202037
2024-04-03 19:20:54,847 [INFO] PluginManage:196 - Search for loadable plugins [exclusion list=, ]
2024-04-03 19:20:54,848 [INFO] PluginManage:310 - Check plugin analytics
2024-04-03 19:20:54,933 [INFO] AnalyticsPlugin:253 - Accepted Software Licenses: 
2024-04-03 19:20:54,933 [INFO] AnalyticsPlugin:255 - Accepted CMSIS Pack Licenses: 
2024-04-03 19:20:54,934 [INFO] AnalyticsPlugin:257 - Accepted Firmware Licenses: 
2024-04-03 19:20:54,935 [INFO] PluginManage:359 - Loaded plugin analytics (category:tool,tabindex:-1)
2024-04-03 19:20:54,936 [INFO] PluginManage:310 - Check plugin cadmodel
2024-04-03 19:20:54,987 [INFO] CADModel:105 - Init CAD model plugin
2024-04-03 19:20:54,988 [INFO] PluginManage:359 - Loaded plugin cadmodel (category:power,tabindex:5)
2024-04-03 19:20:54,988 [INFO] PluginManage:310 - Check plugin clock
2024-04-03 19:20:54,996 [INFO] PluginManage:359 - Loaded plugin clock (category:base,tabindex:2)
2024-04-03 19:20:54,996 [INFO] PluginManage:310 - Check plugin ddr
2024-04-03 19:20:54,997 [INFO] PluginManage:359 - Loaded plugin ddr (category:tool,tabindex:6)
2024-04-03 19:20:54,998 [INFO] PluginManage:310 - Check plugin filemanager
2024-04-03 19:20:55,076 [INFO] PluginManage:359 - Loaded plugin filemanager (category:base,tabindex:10)
2024-04-03 19:20:55,076 [INFO] PluginManage:310 - Check plugin ipmanager
2024-04-03 19:20:55,079 [INFO] PluginManage:359 - Loaded plugin ipmanager (category:base,tabindex:5)
2024-04-03 19:20:55,079 [INFO] PluginManage:310 - Check plugin lpbam
2024-04-03 19:20:55,085 [INFO] PluginManage:359 - Loaded plugin lpbam (category:base,tabindex:0)
2024-04-03 19:20:55,085 [INFO] PluginManage:310 - Check plugin memorymap
2024-04-03 19:20:55,091 [INFO] PluginManage:359 - Loaded plugin memorymap (category:base,tabindex:4)
2024-04-03 19:20:55,091 [INFO] PluginManage:310 - Check plugin pinoutandconfiguration
2024-04-03 19:20:55,095 [INFO] PluginManage:359 - Loaded plugin pinoutandconfiguration (category:base,tabindex:1)
2024-04-03 19:20:55,095 [INFO] PluginManage:310 - Check plugin pinoutconfig
2024-04-03 19:20:55,141 [WARN] SupportedApi:132 - Cannot load RTOS API schema: s4s-elt-must-match.1: The content of 'definitions' must match (annotation?, (simpleType | complexType)?, (unique | key | keyref)*)). A problem was found starting at: attribute.
2024-04-03 19:20:55,212 [INFO] PluginManage:359 - Loaded plugin pinoutconfig (category:base,tabindex:0)
2024-04-03 19:20:55,212 [INFO] PluginManage:310 - Check plugin power
2024-04-03 19:20:55,218 [INFO] PluginManage:359 - Loaded plugin power (category:power,tabindex:4)
2024-04-03 19:20:55,218 [INFO] PluginManage:310 - Check plugin projectmanager
2024-04-03 19:20:55,227 [INFO] PluginManage:359 - Loaded plugin projectmanager (category:projectmanager,tabindex:3)
2024-04-03 19:20:55,227 [INFO] PluginManage:310 - Check plugin thirdparty
2024-04-03 19:20:55,306 [INFO] PluginManage:359 - Loaded plugin thirdparty (category:base,tabindex:-1)
2024-04-03 19:20:55,306 [WARN] IntegrityCheckThread:84 - waiting for thirdparty lock release [integrity check]
2024-04-03 19:20:55,306 [INFO] PluginManage:310 - Check plugin tools
2024-04-03 19:20:55,306 [INFO] IntegrityCheckThread:86 - entering critical section [integrity check]
2024-04-03 19:20:55,306 [INFO] ThirdPartyUpdaterWithRetryManager:70 - Updater plugin not ready yet. [1/15]
2024-04-03 19:20:55,307 [INFO] PluginManage:359 - Loaded plugin tools (category:base,tabindex:7)
2024-04-03 19:20:55,308 [INFO] PluginManage:310 - Check plugin tutovideos
2024-04-03 19:20:55,399 [INFO] PluginManage:359 - Loaded plugin tutovideos (category:base,tabindex:-1)
2024-04-03 19:20:55,399 [INFO] PluginManage:310 - Check plugin updater
2024-04-03 19:20:55,407 [INFO] PluginManage:359 - Loaded plugin updater (category:base,tabindex:12)
2024-04-03 19:20:55,407 [INFO] PluginManage:310 - Check plugin userauth
2024-04-03 19:20:55,410 [INFO] UserAuth:114 - Init User Auth plugin
2024-04-03 19:20:55,411 [INFO] PluginManage:359 - Loaded plugin userauth (category:base,tabindex:14)
2024-04-03 19:20:55,411 [INFO] PluginManage:283 - PluginManage : Loaded plugins [17]
2024-04-03 19:20:55,514 [INFO] PinOutPanel:1499 - setPackage(No Configuration,No Configuration)
2024-04-03 19:20:55,559 [INFO] CADModel:165 - CPN selected for project level
2024-04-03 19:20:55,559 [INFO] CADModel:114 - Register for checkConnection events
2024-04-03 19:20:55,567 [INFO] IPUIPlugin:80 - create IPUIPlugin
2024-04-03 19:20:55,567 [INFO] PluginManager:220 - loadIPPluginJar : add nvic
2024-04-03 19:20:55,569 [INFO] IPUIPlugin:80 - create IPUIPlugin
2024-04-03 19:20:55,569 [INFO] PluginManager:220 - loadIPPluginJar : add tsc
2024-04-03 19:20:55,570 [INFO] IPUIPlugin:80 - create IPUIPlugin
2024-04-03 19:20:55,570 [INFO] PluginManager:220 - loadIPPluginJar : add dma3
2024-04-03 19:20:55,576 [INFO] IPUIPlugin:80 - create IPUIPlugin
2024-04-03 19:20:55,576 [INFO] PluginManager:220 - loadIPPluginJar : add adc
2024-04-03 19:20:55,578 [INFO] IPUIPlugin:80 - create IPUIPlugin
2024-04-03 19:20:55,578 [INFO] PluginManager:220 - loadIPPluginJar : add i3c
2024-04-03 19:20:55,579 [INFO] IPUIPlugin:80 - create IPUIPlugin
2024-04-03 19:20:55,579 [INFO] PluginManager:220 - loadIPPluginJar : add gtzc
2024-04-03 19:20:55,580 [INFO] IPUIPlugin:80 - create IPUIPlugin
2024-04-03 19:20:55,580 [INFO] PluginManager:220 - loadIPPluginJar : add lorawan
2024-04-03 19:20:55,581 [INFO] IPUIPlugin:80 - create IPUIPlugin
2024-04-03 19:20:55,582 [INFO] PluginManager:220 - loadIPPluginJar : add usart
2024-04-03 19:20:55,585 [INFO] IPUIPlugin:80 - create IPUIPlugin
2024-04-03 19:20:55,586 [INFO] PluginManager:220 - loadIPPluginJar : add plateformsettings
2024-04-03 19:20:55,587 [INFO] IPUIPlugin:80 - create IPUIPlugin
2024-04-03 19:20:55,587 [INFO] PluginManager:220 - loadIPPluginJar : add ltdc
2024-04-03 19:20:55,588 [INFO] IPUIPlugin:80 - create IPUIPlugin
2024-04-03 19:20:55,588 [INFO] PluginManager:220 - loadIPPluginJar : add tracer_emb
2024-04-03 19:20:55,589 [INFO] IPUIPlugin:80 - create IPUIPlugin
2024-04-03 19:20:55,589 [INFO] PluginManager:220 - loadIPPluginJar : add fatfs
2024-04-03 19:20:55,589 [INFO] IPUIPlugin:80 - create IPUIPlugin
2024-04-03 19:20:55,589 [INFO] PluginManager:220 - loadIPPluginJar : add comp
2024-04-03 19:20:55,593 [INFO] IPUIPlugin:80 - create IPUIPlugin
2024-04-03 19:20:55,594 [INFO] PluginManager:220 - loadIPPluginJar : add linkedlist
2024-04-03 19:20:55,597 [INFO] IPUIPlugin:80 - create IPUIPlugin
2024-04-03 19:20:55,597 [INFO] PluginManager:220 - loadIPPluginJar : add gpio
2024-04-03 19:20:55,598 [INFO] IPUIPlugin:80 - create IPUIPlugin
2024-04-03 19:20:55,598 [INFO] PluginManager:220 - loadIPPluginJar : add aes
2024-04-03 19:20:55,599 [INFO] IPUIPlugin:80 - create IPUIPlugin
2024-04-03 19:20:55,599 [INFO] PluginManager:220 - loadIPPluginJar : add hash
2024-04-03 19:20:55,603 [INFO] IPUIPlugin:80 - create IPUIPlugin
2024-04-03 19:20:55,603 [INFO] PluginManager:220 - loadIPPluginJar : add mdma
2024-04-03 19:20:55,605 [INFO] IPUIPlugin:80 - create IPUIPlugin
2024-04-03 19:20:55,605 [INFO] PluginManager:220 - loadIPPluginJar : add dfsdm
2024-04-03 19:20:55,606 [INFO] IPUIPlugin:80 - create IPUIPlugin
2024-04-03 19:20:55,606 [INFO] PluginManager:220 - loadIPPluginJar : add pdm2pcm
2024-04-03 19:20:55,608 [INFO] IPUIPlugin:80 - create IPUIPlugin
2024-04-03 19:20:55,608 [INFO] PluginManager:220 - loadIPPluginJar : add touchsensing
2024-04-03 19:20:55,609 [INFO] IPUIPlugin:80 - create IPUIPlugin
2024-04-03 19:20:55,609 [INFO] PluginManager:220 - loadIPPluginJar : add cryp
2024-04-03 19:20:55,613 [INFO] IPUIPlugin:80 - create IPUIPlugin
2024-04-03 19:20:55,613 [INFO] PluginManager:220 - loadIPPluginJar : add freertos
2024-04-03 19:20:55,615 [INFO] IPUIPlugin:80 - create IPUIPlugin
2024-04-03 19:20:55,615 [INFO] PluginManager:220 - loadIPPluginJar : add usbx
2024-04-03 19:20:55,617 [INFO] IPUIPlugin:80 - create IPUIPlugin
2024-04-03 19:20:55,617 [INFO] PluginManager:220 - loadIPPluginJar : add fmc
2024-04-03 19:20:55,621 [INFO] IPUIPlugin:80 - create IPUIPlugin
2024-04-03 19:20:55,621 [INFO] PluginManager:220 - loadIPPluginJar : add gic
2024-04-03 19:20:55,624 [INFO] IPUIPlugin:80 - create IPUIPlugin
2024-04-03 19:20:55,625 [INFO] PluginManager:220 - loadIPPluginJar : add dma
2024-04-03 19:20:55,625 [INFO] IPUIPlugin:80 - create IPUIPlugin
2024-04-03 19:20:55,625 [INFO] PluginManager:220 - loadIPPluginJar : add genericplugin
2024-04-03 19:20:55,626 [INFO] IPUIPlugin:80 - create IPUIPlugin
2024-04-03 19:20:55,626 [INFO] PluginManager:220 - loadIPPluginJar : add ucpd
2024-04-03 19:20:55,627 [INFO] IPUIPlugin:80 - create IPUIPlugin
2024-04-03 19:20:55,628 [INFO] PluginManager:220 - loadIPPluginJar : add opamp
2024-04-03 19:20:55,630 [INFO] IPUIPlugin:80 - create IPUIPlugin
2024-04-03 19:20:55,630 [INFO] PluginManager:220 - loadIPPluginJar : add stm32_wpan
2024-04-03 19:20:55,631 [INFO] IPUIPlugin:80 - create IPUIPlugin
2024-04-03 19:20:55,631 [INFO] PluginManager:220 - loadIPPluginJar : add ts
2024-04-03 19:20:55,632 [INFO] IPUIPlugin:80 - create IPUIPlugin
2024-04-03 19:20:55,632 [INFO] PluginManager:220 - loadIPPluginJar : add spi
2024-04-03 19:20:55,633 [INFO] IPUIPlugin:80 - create IPUIPlugin
2024-04-03 19:20:55,633 [INFO] PluginManager:220 - loadIPPluginJar : add sai
2024-04-03 19:20:55,635 [INFO] IPUIPlugin:80 - create IPUIPlugin
2024-04-03 19:20:55,635 [INFO] PluginManager:220 - loadIPPluginJar : add ipddr
2024-04-03 19:20:55,637 [INFO] IPUIPlugin:80 - create IPUIPlugin
2024-04-03 19:20:55,637 [INFO] PluginManager:220 - loadIPPluginJar : add resmgrutility
2024-04-03 19:20:55,638 [INFO] IPUIPlugin:80 - create IPUIPlugin
2024-04-03 19:20:55,638 [INFO] PluginManager:220 - loadIPPluginJar : add gfxmmu
2024-04-03 19:20:55,639 [INFO] IPUIPlugin:80 - create IPUIPlugin
2024-04-03 19:20:55,639 [INFO] PluginManager:220 - loadIPPluginJar : add can
2024-04-03 19:20:55,640 [INFO] IPUIPlugin:80 - create IPUIPlugin
2024-04-03 19:20:55,640 [INFO] PluginManager:220 - loadIPPluginJar : add i2c
2024-04-03 19:20:55,642 [INFO] IPUIPlugin:80 - create IPUIPlugin
2024-04-03 19:20:55,642 [INFO] PluginManager:220 - loadIPPluginJar : add i2s
2024-04-03 19:20:55,643 [INFO] IPUIPlugin:80 - create IPUIPlugin
2024-04-03 19:20:55,643 [INFO] PluginManager:220 - loadIPPluginJar : add tim
2024-04-03 19:20:55,644 [INFO] IPUIPlugin:80 - create IPUIPlugin
2024-04-03 19:20:55,644 [INFO] PluginManager:220 - loadIPPluginJar : add openamp
2024-04-03 19:20:55,645 [INFO] IPUIPlugin:80 - create IPUIPlugin
2024-04-03 19:20:55,645 [INFO] PluginManager:220 - loadIPPluginJar : add quadspi
2024-04-03 19:20:55,734 [INFO] CADModel:165 - CPN selected for project level
2024-04-03 19:20:55,735 [INFO] CADModel:114 - Register for checkConnection events
2024-04-03 19:20:55,735 [FATAL] Updater:308 - Updater called before beeing initialized
2024-04-03 19:20:55,735 [ERROR] CADModel:125 - Updater not yet initialized, retry later 
2024-04-03 19:20:55,821 [INFO] CADModel:165 - CPN selected for project level
2024-04-03 19:20:55,821 [INFO] CADModel:114 - Register for checkConnection events
2024-04-03 19:20:55,821 [FATAL] Updater:308 - Updater called before beeing initialized
2024-04-03 19:20:55,821 [ERROR] CADModel:125 - Updater not yet initialized, retry later 
2024-04-03 19:20:55,822 [FATAL] Updater:308 - Updater called before beeing initialized
2024-04-03 19:20:55,872 [FATAL] Updater:308 - Updater called before beeing initialized
2024-04-03 19:20:55,876 [INFO] DbMcusAds:53 - JSON generation date=Wed Nov 29 07:52:27 ART 2023 (1701255147349)
2024-04-03 19:20:55,876 [FATAL] Updater:308 - Updater called before beeing initialized
2024-04-03 19:20:55,900 [WARN] DetailPanel:346 - Failed to get advertising image, set to default
2024-04-03 19:20:55,969 [FATAL] Updater:308 - Updater called before beeing initialized
2024-04-03 19:20:55,977 [FATAL] Updater:308 - Updater called before beeing initialized
2024-04-03 19:20:55,977 [FATAL] Updater:308 - Updater called before beeing initialized
2024-04-03 19:20:55,977 [WARN] DetailPanel:346 - Failed to get advertising image, set to default
2024-04-03 19:20:55,978 [FATAL] Updater:308 - Updater called before beeing initialized
2024-04-03 19:20:56,000 [ERROR] Updater:1120 - MainUpdater not yet initialized. External WinMGr cannot be set.
2024-04-03 19:20:56,001 [INFO] Updater:1056 - Updater Version found : 6.10.0
2024-04-03 19:20:56,013 [INFO] ApplicationProperties:184 - Using Application install path: /opt/st/stm32cubeide_1.14.0/plugins/com.st.stm32cube.common.mx_6.10.0.202311202037
2024-04-03 19:20:56,214 [INFO] MainUpdater:2873 - connection check result : 10
2024-04-03 19:20:56,216 [INFO] MainUpdater:290 - Updater Check For Update Now.
2024-04-03 19:20:56,216 [INFO] MicroXplorer:498 - Change Database Version : DB.6.0.100
2024-04-03 19:20:56,220 [INFO] McuFinderGlobals:63 - Set McuFinder mode to 2 (CubeIDE integrated)
2024-04-03 19:20:56,220 [INFO] UserAuth:180 - activating auth plugin
2024-04-03 19:20:56,222 [INFO] UserAuth:404 - Internet connection configuration mode: 1
2024-04-03 19:20:56,232 [INFO] JxBrowserEngine:152 - Initiate JxBrowser Engine with user profile folder
2024-04-03 19:20:56,377 [INFO] CheckServerUpdateThread:120 - End of CheckServer Thread
2024-04-03 19:20:56,892 [INFO] WebApp:161 - Instantiating new browser for Auth
2024-04-03 19:20:57,209 [INFO] WebApp:780 - Register for checkConnection events
2024-04-03 19:20:57,210 [INFO] WebApp:414 - Apply proxy settings
2024-04-03 19:20:57,210 [INFO] WebApp:499 - Chromium requires no authentication
2024-04-03 19:20:57,214 [INFO] WebApp:442 - Direct internet connection detected
2024-04-03 19:20:57,283 [INFO] WebApp:192 - Starting web application
2024-04-03 19:20:57,284 [INFO] WebApp:544 - Web application path used /opt/st/stm32cubeide_1.14.0/plugins/com.st.stm32cube.common.mx_6.10.0.202311202037/db/plugins/mcufinder/reactClient1/index.html
2024-04-03 19:20:58,375 [WARN] PackLoader:240 - Cannot read IP mode file for STMicroelectronics.X-CUBE-SMBUS.2.1.0
2024-04-03 19:20:58,379 [WARN] PackLoader:240 - Cannot read IP mode file for STMicroelectronics.X-CUBE-TOUCHGFX.4.23.1
2024-04-03 19:20:58,381 [WARN] PackLoader:240 - Cannot read IP mode file for STMicroelectronics.X-CUBE-TOUCHGFX.4.23.0
2024-04-03 19:20:58,382 [WARN] PackLoader:240 - Cannot read IP mode file for STMicroelectronics.X-CUBE-TOUCHGFX.4.23.2
2024-04-03 19:20:58,399 [WARN] PackLoader:240 - Cannot read IP mode file for STMicroelectronics.X-CUBE-AZRTOS-F7.1.1.0
2024-04-03 19:20:58,405 [WARN] PackLoader:240 - Cannot read IP mode file for STMicroelectronics.FP-SNS-MOTENV1.4.3.2
2024-04-03 19:20:58,411 [WARN] PackLoader:240 - Cannot read IP mode file for STMicroelectronics.FP-SNS-FLIGHT1.5.0.2
2024-04-03 19:20:58,417 [WARN] PackLoader:240 - Cannot read IP mode file for STMicroelectronics.X-CUBE-DISPLAY.3.0.0
2024-04-03 19:20:58,427 [WARN] PackLoader:240 - Cannot read IP mode file for STMicroelectronics.X-CUBE-BLE1.7.0.0
2024-04-03 19:20:58,431 [WARN] PackLoader:240 - Cannot read IP mode file for emotas.I-CUBE-CANOPEN.1.3.0
2024-04-03 19:20:58,440 [WARN] PackLoader:240 - Cannot read IP mode file for STMicroelectronics.X-CUBE-BLEMGR.3.1.0
2024-04-03 19:20:58,449 [WARN] PackLoader:240 - Cannot read IP mode file for STMicroelectronics.FP-SNS-SMARTAG2.1.2.0
2024-04-03 19:20:58,458 [INFO] LogOutputStream:77 - [STDOUT_REDIRECT] 1 : Invalid condition id : UX_CORESTACK_Condition cause : null
2024-04-03 19:20:58,458 [INFO] LogOutputStream:77 - [STDOUT_REDIRECT] 1 : Invalid condition id : UX_CORESTACK_Condition cause : null
2024-04-03 19:20:58,458 [INFO] LogOutputStream:77 - [STDOUT_REDIRECT] 1 : Invalid condition id : UX_CORESTACK_Condition cause : null
2024-04-03 19:20:58,458 [INFO] LogOutputStream:77 - [STDOUT_REDIRECT] 1 : Invalid condition id : UX_CORESTACK_Condition cause : null
2024-04-03 19:20:58,459 [INFO] LogOutputStream:77 - [STDOUT_REDIRECT] 1 : Invalid condition id : UX_CORESTACK_Condition cause : null
2024-04-03 19:20:58,462 [WARN] PackLoader:240 - Cannot read IP mode file for STMicroelectronics.X-CUBE-AZRTOS-WL.2.0.0
2024-04-03 19:20:58,466 [WARN] PackLoader:240 - Cannot read IP mode file for STMicroelectronics.FP-SNS-MOTENV1.5.0.0
2024-04-03 19:20:58,473 [WARN] PackLoader:240 - Cannot read IP mode file for WES.I-CUBE-Cesium.1.3.0
2024-04-03 19:20:58,476 [WARN] PackLoader:240 - Cannot read IP mode file for STMicroelectronics.X-CUBE-BLE2.3.3.0
2024-04-03 19:20:58,481 [WARN] PackLoader:240 - Cannot read IP mode file for STMicroelectronics.X-CUBE-ALGOBUILD.1.3.0
2024-04-03 19:20:58,493 [WARN] PackLoader:240 - Cannot read IP mode file for STMicroelectronics.X-CUBE-AZRTOS-G0.1.1.0
2024-04-03 19:20:58,500 [WARN] PackLoader:240 - Cannot read IP mode file for STMicroelectronics.X-CUBE-SAFEA1.1.2.2
2024-04-03 19:20:58,505 [WARN] PackLoader:240 - Cannot read IP mode file for STMicroelectronics.X-CUBE-NFC4.3.0.0
2024-04-03 19:20:58,508 [WARN] PackLoader:240 - Cannot read IP mode file for STMicroelectronics.FP-ATR-SIGFOX1.3.2.0
2024-04-03 19:20:58,511 [WARN] PackLoader:240 - Cannot read IP mode file for STMicroelectronics.X-CUBE-EEPRMA1.5.1.0
2024-04-03 19:20:58,539 [WARN] PackLoader:240 - Cannot read IP mode file for SEGGER.I-CUBE-embOS.1.3.1
2024-04-03 19:20:58,573 [WARN] PackLoader:240 - Cannot read IP mode file for STMicroelectronics.X-CUBE-GNSS1.6.0.0
2024-04-03 19:20:58,587 [WARN] PackLoader:240 - Cannot read IP mode file for STMicroelectronics.X-CUBE-AZRTOS-F4.1.1.0
2024-04-03 19:20:58,590 [WARN] PackLoader:240 - Cannot read IP mode file for wolfSSL.I-CUBE-wolfSSL.5.6.6
2024-04-03 19:20:58,610 [WARN] PackLoader:240 - Cannot read IP mode file for STMicroelectronics.X-CUBE-AZRTOS-L5.2.0.0
2024-04-03 19:20:58,619 [WARN] PackLoader:240 - Cannot read IP mode file for STMicroelectronics.X-CUBE-NFC6.3.1.0
2024-04-03 19:20:58,625 [WARN] PackLoader:240 - Cannot read IP mode file for ITTIA_DB.I-CUBE-ITTIADB.8.8.0
2024-04-03 19:20:58,629 [WARN] PackLoader:240 - Cannot read IP mode file for STMicroelectronics.X-CUBE-NFC7.1.0.1
2024-04-03 19:20:58,633 [WARN] PackLoader:240 - Cannot read IP mode file for STMicroelectronics.X-CUBE-AI.8.1.0
2024-04-03 19:20:58,649 [WARN] ConditionMgr:438 - getConditionDescription Invalid condition id : LAN8742 Phy interface Condition cause : null
2024-04-03 19:20:58,650 [WARN] PackLoader:240 - Cannot read IP mode file for STMicroelectronics.X-CUBE-AZRTOS-L4.2.0.0
2024-04-03 19:20:58,651 [WARN] ConditionMgr:1039 - genDependencies : Invalid condition id : LAN8742 Phy interface Condition cause : null
2024-04-03 19:20:58,652 [WARN] ConditionMgr:1039 - genDependencies : Invalid condition id : LAN8742 Phy interface Condition cause : null
2024-04-03 19:20:58,652 [WARN] ConditionMgr:1039 - genDependencies : Invalid condition id : LAN8742 Phy interface Condition cause : null
2024-04-03 19:20:58,658 [WARN] PackLoader:240 - Cannot read IP mode file for STMicroelectronics.X-CUBE-SFXS2LP1.4.0.0
2024-04-03 19:20:58,666 [WARN] ConditionMgr:438 - getConditionDescription Invalid condition id : UX DEVICE CLASS RTOS Condition cause : null
2024-04-03 19:20:58,666 [WARN] ConditionMgr:438 - getConditionDescription Invalid condition id : UX DEVICE CLASS RTOS Condition cause : null
2024-04-03 19:20:58,668 [WARN] PackLoader:240 - Cannot read IP mode file for STMicroelectronics.X-CUBE-AZRTOS-WB.2.0.0
2024-04-03 19:20:58,669 [WARN] ConditionMgr:1039 - genDependencies : Invalid condition id : UX DEVICE CLASS RTOS Condition cause : null
2024-04-03 19:20:58,669 [WARN] ConditionMgr:1039 - genDependencies : Invalid condition id : UX DEVICE CLASS RTOS Condition cause : null
2024-04-03 19:20:58,669 [WARN] ConditionMgr:1039 - genDependencies : Invalid condition id : UX DEVICE CLASS RTOS Condition cause : null
2024-04-03 19:20:58,669 [WARN] ConditionMgr:1039 - genDependencies : Invalid condition id : UX DEVICE CLASS RTOS Condition cause : null
2024-04-03 19:20:58,669 [WARN] ConditionMgr:1039 - genDependencies : Invalid condition id : UX DEVICE CLASS RTOS Condition cause : null
2024-04-03 19:20:58,675 [WARN] PackLoader:240 - Cannot read IP mode file for STMicroelectronics.X-CUBE-SUBG2.5.0.0
2024-04-03 19:20:58,687 [WARN] PackLoader:240 - Cannot read IP mode file for STMicroelectronics.X-CUBE-AZRTOS-G4.2.0.0
2024-04-03 19:20:58,696 [WARN] PackLoader:240 - Cannot read IP mode file for Infineon.AIROC-Wi-Fi-Bluetooth-STM32.1.5.1
2024-04-03 19:20:58,702 [WARN] PackLoader:240 - Cannot read IP mode file for STMicroelectronics.X-CUBE-ISPU.2.0.0
2024-04-03 19:20:58,727 [WARN] PackLoader:240 - Cannot read IP mode file for STMicroelectronics.X-CUBE-MEMS1.10.0.0
2024-04-03 19:20:58,804 [WARN] PackLoader:240 - Cannot read IP mode file for STMicroelectronics.X-CUBE-FREERTOS.1.1.0
2024-04-03 19:20:58,808 [WARN] PackLoader:240 - Cannot read IP mode file for portGmbH.I-Cube-SoM-uGOAL.1.1.0
2024-04-03 19:20:58,811 [WARN] PackLoader:240 - Cannot read IP mode file for STMicroelectronics.X-CUBE-ALS.1.0.1
2024-04-03 19:20:58,813 [WARN] PackLoader:240 - Cannot read IP mode file for STMicroelectronics.FP-ATR-ASTRA1.2.0.0
2024-04-03 19:20:58,820 [WARN] PackLoader:240 - Cannot read IP mode file for STMicroelectronics.X-CUBE-TOF1.3.4.1
2024-04-03 19:20:58,843 [WARN] PackLoader:240 - Cannot read IP mode file for STMicroelectronics.X-CUBE-AZRTOS-H7.3.2.0
2024-04-03 19:20:58,845 [INFO] ThirdParty:978 - Integrity check success = true
2024-04-03 19:20:58,845 [INFO] IntegrityCheckThread:100 - exiting critical section [integrity check]
2024-04-03 19:20:58,845 [INFO] IntegrityCheckThread:103 - End integrity checks thread
2024-04-03 19:21:17,532 [ERROR] LogOutputStream:75 - [STDERR_REDIRECT] SLF4J: Failed to load class "org.slf4j.impl.StaticLoggerBinder".
2024-04-03 19:21:17,532 [ERROR] LogOutputStream:75 - [STDERR_REDIRECT] SLF4J: Defaulting to no-operation (NOP) logger implementation
2024-04-03 19:21:17,533 [ERROR] LogOutputStream:75 - [STDERR_REDIRECT] SLF4J: See http://www.slf4j.org/codes.html#StaticLoggerBinder for further details.
