2024-04-12 18:11:47,711 [INFO] Activator:176 - 


2024-04-12 18:11:47,713 [INFO] Activator:177 - !SESSION log4j initialized
2024-04-12 18:11:50,678 [INFO] LogOutputStream:77 - [STDOUT_REDIRECT] 
2024-04-12 18:11:51,670 [INFO] ApplicationProperties:184 - Using Application install path: /opt/st/stm32cubeide_1.14.0/plugins/com.st.stm32cube.common.mx_6.10.0.202311202037
2024-04-12 18:11:51,681 [INFO] DbMcusXml:78 - Set database path to: /opt/st/stm32cubeide_1.14.0/plugins/com.st.stm32cube.common.mx_6.10.0.202311202037//db//mcu/
2024-04-12 18:11:51,681 [INFO] ApiDb:274 - Set plugin database path to: /opt/st/stm32cubeide_1.14.0/plugins/com.st.stm32cube.common.mx_6.10.0.202311202037//db//plugins/boardmanager/
2024-04-12 18:11:51,681 [WARN] ApiDb:259 - Overriding images path with different value:  => /opt/st/stm32cubeide_1.14.0/plugins/com.st.stm32cube.common.mx_6.10.0.202311202037//db//plugins/mcufinder/images/
2024-04-12 18:11:51,686 [INFO] ApiDb:250 - Set database path to: /home/lpmeoli/.stmcufinder/plugins/mcufinder//mcu/
2024-04-12 18:11:51,687 [INFO] DbMcusAds:125 - Set database path to: /home/lpmeoli/.stmcufinder/plugins/mcufinder//mcu/
2024-04-12 18:11:51,688 [INFO] CrossReferenceDbSqlite:203 - Set database path to: /home/lpmeoli/.stmcufinder/plugins/mcufinder//mcu/cs/
2024-04-12 18:11:51,743 [INFO] RulesReader:64 - Compatibility file has been processed (297 Rules)
2024-04-12 18:11:51,777 [INFO] DbMcusXml:78 - Set database path to: /opt/st/stm32cubeide_1.14.0/plugins/com.st.stm32cube.common.mx_6.10.0.202311202037//db//mcu/
2024-04-12 18:11:51,777 [INFO] ApiDb:274 - Set plugin database path to: /opt/st/stm32cubeide_1.14.0/plugins/com.st.stm32cube.common.mx_6.10.0.202311202037//db//plugins/boardmanager/
2024-04-12 18:11:51,777 [INFO] ApiDb:261 - Set plugin images path to: /opt/st/stm32cubeide_1.14.0/plugins/com.st.stm32cube.common.mx_6.10.0.202311202037//db//plugins/mcufinder/images/
2024-04-12 18:11:51,777 [WARN] DbFile:41 - Overriding database path with different value: /home/lpmeoli/.stmcufinder/plugins/mcufinder/ => /home/lpmeoli/.stmcufinder/plugins/mcufinder
2024-04-12 18:11:51,777 [INFO] ApiDb:250 - Set database path to: /home/lpmeoli/.stmcufinder/plugins/mcufinder//mcu/
2024-04-12 18:11:51,777 [WARN] DbFile:41 - Overriding database path with different value: /home/lpmeoli/.stmcufinder/plugins/mcufinder/ => /home/lpmeoli/.stmcufinder/plugins/mcufinder
2024-04-12 18:11:51,777 [INFO] DbMcusAds:125 - Set database path to: /home/lpmeoli/.stmcufinder/plugins/mcufinder//mcu/
2024-04-12 18:11:51,777 [WARN] DbFile:41 - Overriding database path with different value: /home/lpmeoli/.stmcufinder/plugins/mcufinder/ => /home/lpmeoli/.stmcufinder/plugins/mcufinder
2024-04-12 18:11:51,777 [WARN] DbFile:41 - Overriding database path with different value: /home/lpmeoli/.stmcufinder/plugins/mcufinder/ => /home/lpmeoli/.stmcufinder/plugins/mcufinder
2024-04-12 18:11:51,778 [INFO] CrossReferenceDbSqlite:203 - Set database path to: /home/lpmeoli/.stmcufinder/plugins/mcufinder//mcu/cs/
2024-04-12 18:11:51,830 [INFO] MainPanel:264 - HeapMemory: 268435456
2024-04-12 18:11:51,897 [INFO] DbMcusXml:78 - Set database path to: /opt/st/stm32cubeide_1.14.0/plugins/com.st.stm32cube.common.mx_6.10.0.202311202037//db//mcu/
2024-04-12 18:11:51,898 [INFO] ApiDb:274 - Set plugin database path to: /opt/st/stm32cubeide_1.14.0/plugins/com.st.stm32cube.common.mx_6.10.0.202311202037//db//plugins/boardmanager/
2024-04-12 18:11:51,898 [INFO] ApiDb:261 - Set plugin images path to: /opt/st/stm32cubeide_1.14.0/plugins/com.st.stm32cube.common.mx_6.10.0.202311202037//db//plugins/mcufinder/images/
2024-04-12 18:11:51,898 [WARN] DbFile:41 - Overriding database path with different value: /home/lpmeoli/.stmcufinder/plugins/mcufinder/ => /home/lpmeoli/.stmcufinder/plugins/mcufinder
2024-04-12 18:11:51,898 [INFO] ApiDb:250 - Set database path to: /home/lpmeoli/.stmcufinder/plugins/mcufinder//mcu/
2024-04-12 18:11:51,898 [WARN] DbFile:41 - Overriding database path with different value: /home/lpmeoli/.stmcufinder/plugins/mcufinder/ => /home/lpmeoli/.stmcufinder/plugins/mcufinder
2024-04-12 18:11:51,898 [INFO] DbMcusAds:125 - Set database path to: /home/lpmeoli/.stmcufinder/plugins/mcufinder//mcu/
2024-04-12 18:11:51,898 [WARN] DbFile:41 - Overriding database path with different value: /home/lpmeoli/.stmcufinder/plugins/mcufinder/ => /home/lpmeoli/.stmcufinder/plugins/mcufinder
2024-04-12 18:11:51,898 [WARN] DbFile:41 - Overriding database path with different value: /home/lpmeoli/.stmcufinder/plugins/mcufinder/ => /home/lpmeoli/.stmcufinder/plugins/mcufinder
2024-04-12 18:11:51,898 [INFO] CrossReferenceDbSqlite:203 - Set database path to: /home/lpmeoli/.stmcufinder/plugins/mcufinder//mcu/cs/
2024-04-12 18:11:51,909 [INFO] ApplicationProperties:184 - Using Application install path: /opt/st/stm32cubeide_1.14.0/plugins/com.st.stm32cube.common.mx_6.10.0.202311202037
2024-04-12 18:11:51,910 [INFO] PluginManage:196 - Search for loadable plugins [exclusion list=, ]
2024-04-12 18:11:51,911 [INFO] PluginManage:310 - Check plugin analytics
2024-04-12 18:11:52,046 [INFO] AnalyticsPlugin:253 - Accepted Software Licenses: 
2024-04-12 18:11:52,046 [INFO] AnalyticsPlugin:255 - Accepted CMSIS Pack Licenses: 
2024-04-12 18:11:52,046 [INFO] AnalyticsPlugin:257 - Accepted Firmware Licenses: FW.F4.1.28.0
2024-04-12 18:11:52,050 [INFO] PluginManage:359 - Loaded plugin analytics (category:tool,tabindex:-1)
2024-04-12 18:11:52,051 [INFO] PluginManage:310 - Check plugin cadmodel
2024-04-12 18:11:52,110 [INFO] CADModel:105 - Init CAD model plugin
2024-04-12 18:11:52,111 [INFO] PluginManage:359 - Loaded plugin cadmodel (category:power,tabindex:5)
2024-04-12 18:11:52,111 [INFO] PluginManage:310 - Check plugin clock
2024-04-12 18:11:52,119 [INFO] PluginManage:359 - Loaded plugin clock (category:base,tabindex:2)
2024-04-12 18:11:52,119 [INFO] PluginManage:310 - Check plugin ddr
2024-04-12 18:11:52,121 [INFO] PluginManage:359 - Loaded plugin ddr (category:tool,tabindex:6)
2024-04-12 18:11:52,122 [INFO] PluginManage:310 - Check plugin filemanager
2024-04-12 18:11:52,233 [INFO] PluginManage:359 - Loaded plugin filemanager (category:base,tabindex:10)
2024-04-12 18:11:52,233 [INFO] PluginManage:310 - Check plugin ipmanager
2024-04-12 18:11:52,237 [INFO] PluginManage:359 - Loaded plugin ipmanager (category:base,tabindex:5)
2024-04-12 18:11:52,238 [INFO] PluginManage:310 - Check plugin lpbam
2024-04-12 18:11:52,247 [INFO] PluginManage:359 - Loaded plugin lpbam (category:base,tabindex:0)
2024-04-12 18:11:52,247 [INFO] PluginManage:310 - Check plugin memorymap
2024-04-12 18:11:52,263 [INFO] PluginManage:359 - Loaded plugin memorymap (category:base,tabindex:4)
2024-04-12 18:11:52,263 [INFO] PluginManage:310 - Check plugin pinoutandconfiguration
2024-04-12 18:11:52,269 [INFO] PluginManage:359 - Loaded plugin pinoutandconfiguration (category:base,tabindex:1)
2024-04-12 18:11:52,269 [INFO] PluginManage:310 - Check plugin pinoutconfig
2024-04-12 18:11:52,331 [WARN] SupportedApi:132 - Cannot load RTOS API schema: s4s-elt-must-match.1: The content of 'definitions' must match (annotation?, (simpleType | complexType)?, (unique | key | keyref)*)). A problem was found starting at: attribute.
2024-04-12 18:11:52,450 [INFO] PluginManage:359 - Loaded plugin pinoutconfig (category:base,tabindex:0)
2024-04-12 18:11:52,450 [INFO] PluginManage:310 - Check plugin power
2024-04-12 18:11:52,458 [INFO] PluginManage:359 - Loaded plugin power (category:power,tabindex:4)
2024-04-12 18:11:52,458 [INFO] PluginManage:310 - Check plugin projectmanager
2024-04-12 18:11:52,471 [INFO] PluginManage:359 - Loaded plugin projectmanager (category:projectmanager,tabindex:3)
2024-04-12 18:11:52,472 [INFO] PluginManage:310 - Check plugin thirdparty
2024-04-12 18:11:52,590 [INFO] PluginManage:359 - Loaded plugin thirdparty (category:base,tabindex:-1)
2024-04-12 18:11:52,590 [WARN] IntegrityCheckThread:84 - waiting for thirdparty lock release [integrity check]
2024-04-12 18:11:52,590 [INFO] IntegrityCheckThread:86 - entering critical section [integrity check]
2024-04-12 18:11:52,590 [INFO] PluginManage:310 - Check plugin tools
2024-04-12 18:11:52,591 [INFO] ThirdPartyUpdaterWithRetryManager:70 - Updater plugin not ready yet. [1/15]
2024-04-12 18:11:52,592 [INFO] PluginManage:359 - Loaded plugin tools (category:base,tabindex:7)
2024-04-12 18:11:52,593 [INFO] PluginManage:310 - Check plugin tutovideos
2024-04-12 18:11:52,712 [INFO] PluginManage:359 - Loaded plugin tutovideos (category:base,tabindex:-1)
2024-04-12 18:11:52,712 [INFO] PluginManage:310 - Check plugin updater
2024-04-12 18:11:52,723 [INFO] PluginManage:359 - Loaded plugin updater (category:base,tabindex:12)
2024-04-12 18:11:52,723 [INFO] PluginManage:310 - Check plugin userauth
2024-04-12 18:11:52,727 [INFO] UserAuth:114 - Init User Auth plugin
2024-04-12 18:11:52,727 [INFO] PluginManage:359 - Loaded plugin userauth (category:base,tabindex:14)
2024-04-12 18:11:52,727 [INFO] PluginManage:283 - PluginManage : Loaded plugins [17]
2024-04-12 18:11:52,839 [INFO] PinOutPanel:1499 - setPackage(No Configuration,No Configuration)
2024-04-12 18:11:52,875 [INFO] CADModel:165 - CPN selected for project level
2024-04-12 18:11:52,875 [INFO] CADModel:114 - Register for checkConnection events
2024-04-12 18:11:52,882 [INFO] IPUIPlugin:80 - create IPUIPlugin
2024-04-12 18:11:52,882 [INFO] PluginManager:220 - loadIPPluginJar : add nvic
2024-04-12 18:11:52,884 [INFO] IPUIPlugin:80 - create IPUIPlugin
2024-04-12 18:11:52,884 [INFO] PluginManager:220 - loadIPPluginJar : add tsc
2024-04-12 18:11:52,886 [INFO] IPUIPlugin:80 - create IPUIPlugin
2024-04-12 18:11:52,886 [INFO] PluginManager:220 - loadIPPluginJar : add dma3
2024-04-12 18:11:52,892 [INFO] IPUIPlugin:80 - create IPUIPlugin
2024-04-12 18:11:52,892 [INFO] PluginManager:220 - loadIPPluginJar : add adc
2024-04-12 18:11:52,894 [INFO] IPUIPlugin:80 - create IPUIPlugin
2024-04-12 18:11:52,894 [INFO] PluginManager:220 - loadIPPluginJar : add i3c
2024-04-12 18:11:52,895 [INFO] IPUIPlugin:80 - create IPUIPlugin
2024-04-12 18:11:52,895 [INFO] PluginManager:220 - loadIPPluginJar : add gtzc
2024-04-12 18:11:52,896 [INFO] IPUIPlugin:80 - create IPUIPlugin
2024-04-12 18:11:52,896 [INFO] PluginManager:220 - loadIPPluginJar : add lorawan
2024-04-12 18:11:52,898 [INFO] IPUIPlugin:80 - create IPUIPlugin
2024-04-12 18:11:52,898 [INFO] PluginManager:220 - loadIPPluginJar : add usart
2024-04-12 18:11:52,902 [INFO] IPUIPlugin:80 - create IPUIPlugin
2024-04-12 18:11:52,903 [INFO] PluginManager:220 - loadIPPluginJar : add plateformsettings
2024-04-12 18:11:52,904 [INFO] IPUIPlugin:80 - create IPUIPlugin
2024-04-12 18:11:52,904 [INFO] PluginManager:220 - loadIPPluginJar : add ltdc
2024-04-12 18:11:52,905 [INFO] IPUIPlugin:80 - create IPUIPlugin
2024-04-12 18:11:52,905 [INFO] PluginManager:220 - loadIPPluginJar : add tracer_emb
2024-04-12 18:11:52,905 [INFO] IPUIPlugin:80 - create IPUIPlugin
2024-04-12 18:11:52,905 [INFO] PluginManager:220 - loadIPPluginJar : add fatfs
2024-04-12 18:11:52,906 [INFO] IPUIPlugin:80 - create IPUIPlugin
2024-04-12 18:11:52,906 [INFO] PluginManager:220 - loadIPPluginJar : add comp
2024-04-12 18:11:52,911 [INFO] IPUIPlugin:80 - create IPUIPlugin
2024-04-12 18:11:52,911 [INFO] PluginManager:220 - loadIPPluginJar : add linkedlist
2024-04-12 18:11:52,914 [INFO] IPUIPlugin:80 - create IPUIPlugin
2024-04-12 18:11:52,914 [INFO] PluginManager:220 - loadIPPluginJar : add gpio
2024-04-12 18:11:52,915 [INFO] IPUIPlugin:80 - create IPUIPlugin
2024-04-12 18:11:52,915 [INFO] PluginManager:220 - loadIPPluginJar : add aes
2024-04-12 18:11:52,916 [INFO] IPUIPlugin:80 - create IPUIPlugin
2024-04-12 18:11:52,916 [INFO] PluginManager:220 - loadIPPluginJar : add hash
2024-04-12 18:11:52,920 [INFO] IPUIPlugin:80 - create IPUIPlugin
2024-04-12 18:11:52,920 [INFO] PluginManager:220 - loadIPPluginJar : add mdma
2024-04-12 18:11:52,921 [INFO] IPUIPlugin:80 - create IPUIPlugin
2024-04-12 18:11:52,921 [INFO] PluginManager:220 - loadIPPluginJar : add dfsdm
2024-04-12 18:11:52,922 [INFO] IPUIPlugin:80 - create IPUIPlugin
2024-04-12 18:11:52,922 [INFO] PluginManager:220 - loadIPPluginJar : add pdm2pcm
2024-04-12 18:11:52,924 [INFO] IPUIPlugin:80 - create IPUIPlugin
2024-04-12 18:11:52,924 [INFO] PluginManager:220 - loadIPPluginJar : add touchsensing
2024-04-12 18:11:52,925 [INFO] IPUIPlugin:80 - create IPUIPlugin
2024-04-12 18:11:52,925 [INFO] PluginManager:220 - loadIPPluginJar : add cryp
2024-04-12 18:11:52,929 [INFO] IPUIPlugin:80 - create IPUIPlugin
2024-04-12 18:11:52,929 [INFO] PluginManager:220 - loadIPPluginJar : add freertos
2024-04-12 18:11:52,931 [INFO] IPUIPlugin:80 - create IPUIPlugin
2024-04-12 18:11:52,931 [INFO] PluginManager:220 - loadIPPluginJar : add usbx
2024-04-12 18:11:52,941 [INFO] IPUIPlugin:80 - create IPUIPlugin
2024-04-12 18:11:52,942 [INFO] PluginManager:220 - loadIPPluginJar : add fmc
2024-04-12 18:11:52,946 [INFO] IPUIPlugin:80 - create IPUIPlugin
2024-04-12 18:11:52,946 [INFO] PluginManager:220 - loadIPPluginJar : add gic
2024-04-12 18:11:52,950 [INFO] IPUIPlugin:80 - create IPUIPlugin
2024-04-12 18:11:52,950 [INFO] PluginManager:220 - loadIPPluginJar : add dma
2024-04-12 18:11:52,951 [INFO] IPUIPlugin:80 - create IPUIPlugin
2024-04-12 18:11:52,951 [INFO] PluginManager:220 - loadIPPluginJar : add genericplugin
2024-04-12 18:11:52,952 [INFO] IPUIPlugin:80 - create IPUIPlugin
2024-04-12 18:11:52,952 [INFO] PluginManager:220 - loadIPPluginJar : add ucpd
2024-04-12 18:11:52,953 [INFO] IPUIPlugin:80 - create IPUIPlugin
2024-04-12 18:11:52,953 [INFO] PluginManager:220 - loadIPPluginJar : add opamp
2024-04-12 18:11:52,956 [INFO] IPUIPlugin:80 - create IPUIPlugin
2024-04-12 18:11:52,956 [INFO] PluginManager:220 - loadIPPluginJar : add stm32_wpan
2024-04-12 18:11:52,957 [INFO] IPUIPlugin:80 - create IPUIPlugin
2024-04-12 18:11:52,957 [INFO] PluginManager:220 - loadIPPluginJar : add ts
2024-04-12 18:11:52,958 [INFO] IPUIPlugin:80 - create IPUIPlugin
2024-04-12 18:11:52,958 [INFO] PluginManager:220 - loadIPPluginJar : add spi
2024-04-12 18:11:52,960 [INFO] IPUIPlugin:80 - create IPUIPlugin
2024-04-12 18:11:52,960 [INFO] PluginManager:220 - loadIPPluginJar : add sai
2024-04-12 18:11:52,962 [INFO] IPUIPlugin:80 - create IPUIPlugin
2024-04-12 18:11:52,962 [INFO] PluginManager:220 - loadIPPluginJar : add ipddr
2024-04-12 18:11:52,971 [INFO] IPUIPlugin:80 - create IPUIPlugin
2024-04-12 18:11:52,971 [INFO] PluginManager:220 - loadIPPluginJar : add resmgrutility
2024-04-12 18:11:52,973 [INFO] IPUIPlugin:80 - create IPUIPlugin
2024-04-12 18:11:52,973 [INFO] PluginManager:220 - loadIPPluginJar : add gfxmmu
2024-04-12 18:11:52,974 [INFO] IPUIPlugin:80 - create IPUIPlugin
2024-04-12 18:11:52,974 [INFO] PluginManager:220 - loadIPPluginJar : add can
2024-04-12 18:11:52,975 [INFO] IPUIPlugin:80 - create IPUIPlugin
2024-04-12 18:11:52,975 [INFO] PluginManager:220 - loadIPPluginJar : add i2c
2024-04-12 18:11:52,976 [INFO] IPUIPlugin:80 - create IPUIPlugin
2024-04-12 18:11:52,977 [INFO] PluginManager:220 - loadIPPluginJar : add i2s
2024-04-12 18:11:52,978 [INFO] IPUIPlugin:80 - create IPUIPlugin
2024-04-12 18:11:52,978 [INFO] PluginManager:220 - loadIPPluginJar : add tim
2024-04-12 18:11:52,979 [INFO] IPUIPlugin:80 - create IPUIPlugin
2024-04-12 18:11:52,980 [INFO] PluginManager:220 - loadIPPluginJar : add openamp
2024-04-12 18:11:52,980 [INFO] IPUIPlugin:80 - create IPUIPlugin
2024-04-12 18:11:52,980 [INFO] PluginManager:220 - loadIPPluginJar : add quadspi
2024-04-12 18:11:53,072 [INFO] CADModel:165 - CPN selected for project level
2024-04-12 18:11:53,072 [INFO] CADModel:114 - Register for checkConnection events
2024-04-12 18:11:53,073 [FATAL] Updater:308 - Updater called before beeing initialized
2024-04-12 18:11:53,073 [ERROR] CADModel:125 - Updater not yet initialized, retry later 
2024-04-12 18:11:53,146 [INFO] CADModel:165 - CPN selected for project level
2024-04-12 18:11:53,146 [INFO] CADModel:114 - Register for checkConnection events
2024-04-12 18:11:53,146 [FATAL] Updater:308 - Updater called before beeing initialized
2024-04-12 18:11:53,146 [ERROR] CADModel:125 - Updater not yet initialized, retry later 
2024-04-12 18:11:53,148 [FATAL] Updater:308 - Updater called before beeing initialized
2024-04-12 18:11:53,197 [FATAL] Updater:308 - Updater called before beeing initialized
2024-04-12 18:11:53,200 [INFO] DbMcusAds:53 - JSON generation date=Wed Nov 29 07:52:27 ART 2023 (1701255147349)
2024-04-12 18:11:53,200 [FATAL] Updater:308 - Updater called before beeing initialized
2024-04-12 18:11:53,222 [WARN] DetailPanel:346 - Failed to get advertising image, set to default
2024-04-12 18:11:53,273 [FATAL] Updater:308 - Updater called before beeing initialized
2024-04-12 18:11:53,274 [FATAL] Updater:308 - Updater called before beeing initialized
2024-04-12 18:11:53,274 [FATAL] Updater:308 - Updater called before beeing initialized
2024-04-12 18:11:53,274 [WARN] DetailPanel:346 - Failed to get advertising image, set to default
2024-04-12 18:11:53,274 [FATAL] Updater:308 - Updater called before beeing initialized
2024-04-12 18:11:53,292 [ERROR] Updater:1120 - MainUpdater not yet initialized. External WinMGr cannot be set.
2024-04-12 18:11:53,293 [INFO] Updater:1056 - Updater Version found : 6.10.0
2024-04-12 18:11:53,307 [INFO] ApplicationProperties:184 - Using Application install path: /opt/st/stm32cubeide_1.14.0/plugins/com.st.stm32cube.common.mx_6.10.0.202311202037
2024-04-12 18:11:53,515 [INFO] MainUpdater:2873 - connection check result : 10
2024-04-12 18:11:53,516 [INFO] MainUpdater:290 - Updater Check For Update Now.
2024-04-12 18:11:53,516 [INFO] MicroXplorer:498 - Change Database Version : DB.6.0.100
2024-04-12 18:11:53,519 [INFO] McuFinderGlobals:63 - Set McuFinder mode to 2 (CubeIDE integrated)
2024-04-12 18:11:53,519 [INFO] UserAuth:180 - activating auth plugin
2024-04-12 18:11:53,521 [INFO] UserAuth:404 - Internet connection configuration mode: 1
2024-04-12 18:11:53,531 [INFO] JxBrowserEngine:152 - Initiate JxBrowser Engine with user profile folder
2024-04-12 18:11:53,668 [INFO] CheckServerUpdateThread:120 - End of CheckServer Thread
2024-04-12 18:11:54,087 [INFO] WebApp:161 - Instantiating new browser for Auth
2024-04-12 18:11:54,371 [INFO] WebApp:780 - Register for checkConnection events
2024-04-12 18:11:54,371 [INFO] WebApp:414 - Apply proxy settings
2024-04-12 18:11:54,371 [INFO] WebApp:499 - Chromium requires no authentication
2024-04-12 18:11:54,375 [INFO] WebApp:442 - Direct internet connection detected
2024-04-12 18:11:54,443 [INFO] WebApp:192 - Starting web application
2024-04-12 18:11:54,444 [INFO] WebApp:544 - Web application path used /opt/st/stm32cubeide_1.14.0/plugins/com.st.stm32cube.common.mx_6.10.0.202311202037/db/plugins/mcufinder/reactClient1/index.html
2024-04-12 18:11:55,672 [WARN] PackLoader:240 - Cannot read IP mode file for STMicroelectronics.X-CUBE-SMBUS.2.1.0
2024-04-12 18:11:55,675 [WARN] PackLoader:240 - Cannot read IP mode file for STMicroelectronics.X-CUBE-TOUCHGFX.4.23.1
2024-04-12 18:11:55,676 [WARN] PackLoader:240 - Cannot read IP mode file for STMicroelectronics.X-CUBE-TOUCHGFX.4.23.0
2024-04-12 18:11:55,677 [WARN] PackLoader:240 - Cannot read IP mode file for STMicroelectronics.X-CUBE-TOUCHGFX.4.23.2
2024-04-12 18:11:55,690 [WARN] PackLoader:240 - Cannot read IP mode file for STMicroelectronics.X-CUBE-AZRTOS-F7.1.1.0
2024-04-12 18:11:55,696 [WARN] PackLoader:240 - Cannot read IP mode file for STMicroelectronics.FP-SNS-MOTENV1.4.3.2
2024-04-12 18:11:55,699 [WARN] PackLoader:240 - Cannot read IP mode file for STMicroelectronics.FP-SNS-FLIGHT1.5.0.2
2024-04-12 18:11:55,703 [WARN] PackLoader:240 - Cannot read IP mode file for STMicroelectronics.X-CUBE-DISPLAY.3.0.0
2024-04-12 18:11:55,709 [WARN] PackLoader:240 - Cannot read IP mode file for STMicroelectronics.X-CUBE-BLE1.7.0.0
2024-04-12 18:11:55,712 [WARN] PackLoader:240 - Cannot read IP mode file for emotas.I-CUBE-CANOPEN.1.3.0
2024-04-12 18:11:55,718 [WARN] PackLoader:240 - Cannot read IP mode file for STMicroelectronics.X-CUBE-BLEMGR.3.1.0
2024-04-12 18:11:55,722 [WARN] PackLoader:240 - Cannot read IP mode file for STMicroelectronics.FP-SNS-SMARTAG2.1.2.0
2024-04-12 18:11:55,726 [INFO] LogOutputStream:77 - [STDOUT_REDIRECT] 1 : Invalid condition id : UX_CORESTACK_Condition cause : null
2024-04-12 18:11:55,727 [INFO] LogOutputStream:77 - [STDOUT_REDIRECT] 1 : Invalid condition id : UX_CORESTACK_Condition cause : null
2024-04-12 18:11:55,727 [INFO] LogOutputStream:77 - [STDOUT_REDIRECT] 1 : Invalid condition id : UX_CORESTACK_Condition cause : null
2024-04-12 18:11:55,727 [INFO] LogOutputStream:77 - [STDOUT_REDIRECT] 1 : Invalid condition id : UX_CORESTACK_Condition cause : null
2024-04-12 18:11:55,727 [INFO] LogOutputStream:77 - [STDOUT_REDIRECT] 1 : Invalid condition id : UX_CORESTACK_Condition cause : null
2024-04-12 18:11:55,729 [WARN] PackLoader:240 - Cannot read IP mode file for STMicroelectronics.X-CUBE-AZRTOS-WL.2.0.0
2024-04-12 18:11:55,732 [WARN] PackLoader:240 - Cannot read IP mode file for STMicroelectronics.FP-SNS-MOTENV1.5.0.0
2024-04-12 18:11:55,736 [WARN] PackLoader:240 - Cannot read IP mode file for WES.I-CUBE-Cesium.1.3.0
2024-04-12 18:11:55,739 [WARN] PackLoader:240 - Cannot read IP mode file for STMicroelectronics.X-CUBE-BLE2.3.3.0
2024-04-12 18:11:55,742 [WARN] PackLoader:240 - Cannot read IP mode file for STMicroelectronics.X-CUBE-TCPP.4.1.0
2024-04-12 18:11:55,746 [WARN] PackLoader:240 - Cannot read IP mode file for STMicroelectronics.X-CUBE-ALGOBUILD.1.3.0
2024-04-12 18:11:55,754 [WARN] PackLoader:240 - Cannot read IP mode file for STMicroelectronics.X-CUBE-AZRTOS-G0.1.1.0
2024-04-12 18:11:55,759 [WARN] PackLoader:240 - Cannot read IP mode file for STMicroelectronics.X-CUBE-SAFEA1.1.2.2
2024-04-12 18:11:55,762 [WARN] PackLoader:240 - Cannot read IP mode file for STMicroelectronics.X-CUBE-NFC4.3.0.0
2024-04-12 18:11:55,765 [WARN] PackLoader:240 - Cannot read IP mode file for STMicroelectronics.FP-ATR-SIGFOX1.3.2.0
2024-04-12 18:11:55,768 [WARN] PackLoader:240 - Cannot read IP mode file for STMicroelectronics.X-CUBE-EEPRMA1.5.1.0
2024-04-12 18:11:55,789 [WARN] PackLoader:240 - Cannot read IP mode file for SEGGER.I-CUBE-embOS.1.3.1
2024-04-12 18:11:55,826 [WARN] PackLoader:240 - Cannot read IP mode file for STMicroelectronics.X-CUBE-GNSS1.6.0.0
2024-04-12 18:11:55,839 [WARN] PackLoader:240 - Cannot read IP mode file for STMicroelectronics.X-CUBE-AZRTOS-F4.1.1.0
2024-04-12 18:11:55,844 [WARN] PackLoader:240 - Cannot read IP mode file for wolfSSL.I-CUBE-wolfSSL.5.6.6
2024-04-12 18:11:55,857 [WARN] PackLoader:240 - Cannot read IP mode file for STMicroelectronics.X-CUBE-AZRTOS-L5.2.0.0
2024-04-12 18:11:55,864 [WARN] PackLoader:240 - Cannot read IP mode file for STMicroelectronics.X-CUBE-NFC6.3.1.0
2024-04-12 18:11:55,869 [WARN] PackLoader:240 - Cannot read IP mode file for ITTIA_DB.I-CUBE-ITTIADB.8.8.0
2024-04-12 18:11:55,873 [WARN] PackLoader:240 - Cannot read IP mode file for STMicroelectronics.X-CUBE-NFC7.1.0.1
2024-04-12 18:11:55,876 [WARN] PackLoader:240 - Cannot read IP mode file for STMicroelectronics.X-CUBE-AI.8.1.0
2024-04-12 18:11:55,886 [WARN] ConditionMgr:438 - getConditionDescription Invalid condition id : LAN8742 Phy interface Condition cause : null
2024-04-12 18:11:55,887 [WARN] PackLoader:240 - Cannot read IP mode file for STMicroelectronics.X-CUBE-AZRTOS-L4.2.0.0
2024-04-12 18:11:55,887 [WARN] ConditionMgr:1039 - genDependencies : Invalid condition id : LAN8742 Phy interface Condition cause : null
2024-04-12 18:11:55,887 [WARN] ConditionMgr:1039 - genDependencies : Invalid condition id : LAN8742 Phy interface Condition cause : null
2024-04-12 18:11:55,888 [WARN] ConditionMgr:1039 - genDependencies : Invalid condition id : LAN8742 Phy interface Condition cause : null
2024-04-12 18:11:55,892 [WARN] PackLoader:240 - Cannot read IP mode file for STMicroelectronics.X-CUBE-SFXS2LP1.4.0.0
2024-04-12 18:11:55,898 [WARN] ConditionMgr:438 - getConditionDescription Invalid condition id : UX DEVICE CLASS RTOS Condition cause : null
2024-04-12 18:11:55,898 [WARN] ConditionMgr:438 - getConditionDescription Invalid condition id : UX DEVICE CLASS RTOS Condition cause : null
2024-04-12 18:11:55,900 [WARN] PackLoader:240 - Cannot read IP mode file for STMicroelectronics.X-CUBE-AZRTOS-WB.2.0.0
2024-04-12 18:11:55,900 [WARN] ConditionMgr:1039 - genDependencies : Invalid condition id : UX DEVICE CLASS RTOS Condition cause : null
2024-04-12 18:11:55,900 [WARN] ConditionMgr:1039 - genDependencies : Invalid condition id : UX DEVICE CLASS RTOS Condition cause : null
2024-04-12 18:11:55,901 [WARN] ConditionMgr:1039 - genDependencies : Invalid condition id : UX DEVICE CLASS RTOS Condition cause : null
2024-04-12 18:11:55,901 [WARN] ConditionMgr:1039 - genDependencies : Invalid condition id : UX DEVICE CLASS RTOS Condition cause : null
2024-04-12 18:11:55,901 [WARN] ConditionMgr:1039 - genDependencies : Invalid condition id : UX DEVICE CLASS RTOS Condition cause : null
2024-04-12 18:11:55,906 [WARN] PackLoader:240 - Cannot read IP mode file for STMicroelectronics.X-CUBE-SUBG2.5.0.0
2024-04-12 18:11:55,916 [WARN] PackLoader:240 - Cannot read IP mode file for STMicroelectronics.X-CUBE-AZRTOS-G4.2.0.0
2024-04-12 18:11:55,926 [WARN] PackLoader:240 - Cannot read IP mode file for Infineon.AIROC-Wi-Fi-Bluetooth-STM32.1.5.1
2024-04-12 18:11:55,930 [WARN] PackLoader:240 - Cannot read IP mode file for STMicroelectronics.X-CUBE-ISPU.2.0.0
2024-04-12 18:11:55,951 [WARN] PackLoader:240 - Cannot read IP mode file for STMicroelectronics.X-CUBE-MEMS1.10.0.0
2024-04-12 18:11:56,034 [WARN] PackLoader:240 - Cannot read IP mode file for STMicroelectronics.X-CUBE-FREERTOS.1.1.0
2024-04-12 18:11:56,037 [WARN] PackLoader:240 - Cannot read IP mode file for portGmbH.I-Cube-SoM-uGOAL.1.1.0
2024-04-12 18:11:56,039 [WARN] PackLoader:240 - Cannot read IP mode file for STMicroelectronics.X-CUBE-ALS.1.0.1
2024-04-12 18:11:56,041 [WARN] PackLoader:240 - Cannot read IP mode file for STMicroelectronics.FP-ATR-ASTRA1.2.0.0
2024-04-12 18:11:56,046 [WARN] PackLoader:240 - Cannot read IP mode file for STMicroelectronics.X-CUBE-TOF1.3.4.1
2024-04-12 18:11:56,061 [WARN] PackLoader:240 - Cannot read IP mode file for STMicroelectronics.X-CUBE-AZRTOS-H7.3.2.0
2024-04-12 18:11:56,063 [INFO] ThirdParty:978 - Integrity check success = true
2024-04-12 18:11:56,063 [INFO] IntegrityCheckThread:100 - exiting critical section [integrity check]
2024-04-12 18:11:56,063 [INFO] IntegrityCheckThread:103 - End integrity checks thread
2024-04-12 18:12:14,697 [ERROR] LogOutputStream:75 - [STDERR_REDIRECT] SLF4J: Failed to load class "org.slf4j.impl.StaticLoggerBinder".
2024-04-12 18:12:14,697 [ERROR] LogOutputStream:75 - [STDERR_REDIRECT] SLF4J: Defaulting to no-operation (NOP) logger implementation
2024-04-12 18:12:14,697 [ERROR] LogOutputStream:75 - [STDERR_REDIRECT] SLF4J: See http://www.slf4j.org/codes.html#StaticLoggerBinder for further details.
