2024-04-09 20:02:08,028 [INFO] Activator:176 - 


2024-04-09 20:02:08,032 [INFO] Activator:177 - !SESSION log4j initialized
2024-04-09 20:02:10,682 [INFO] LogOutputStream:77 - [STDOUT_REDIRECT] 
2024-04-09 20:02:11,185 [INFO] ApplicationProperties:184 - Using Application install path: /opt/st/stm32cubeide_1.14.0/plugins/com.st.stm32cube.common.mx_6.10.0.202311202037
2024-04-09 20:02:11,196 [INFO] DbMcusXml:78 - Set database path to: /opt/st/stm32cubeide_1.14.0/plugins/com.st.stm32cube.common.mx_6.10.0.202311202037//db//mcu/
2024-04-09 20:02:11,196 [INFO] ApiDb:274 - Set plugin database path to: /opt/st/stm32cubeide_1.14.0/plugins/com.st.stm32cube.common.mx_6.10.0.202311202037//db//plugins/boardmanager/
2024-04-09 20:02:11,197 [WARN] ApiDb:259 - Overriding images path with different value:  => /opt/st/stm32cubeide_1.14.0/plugins/com.st.stm32cube.common.mx_6.10.0.202311202037//db//plugins/mcufinder/images/
2024-04-09 20:02:11,202 [INFO] ApiDb:250 - Set database path to: /home/lpmeoli/.stmcufinder/plugins/mcufinder//mcu/
2024-04-09 20:02:11,202 [INFO] DbMcusAds:125 - Set database path to: /home/lpmeoli/.stmcufinder/plugins/mcufinder//mcu/
2024-04-09 20:02:11,203 [INFO] CrossReferenceDbSqlite:203 - Set database path to: /home/lpmeoli/.stmcufinder/plugins/mcufinder//mcu/cs/
2024-04-09 20:02:11,267 [INFO] RulesReader:64 - Compatibility file has been processed (297 Rules)
2024-04-09 20:02:11,303 [INFO] DbMcusXml:78 - Set database path to: /opt/st/stm32cubeide_1.14.0/plugins/com.st.stm32cube.common.mx_6.10.0.202311202037//db//mcu/
2024-04-09 20:02:11,304 [INFO] ApiDb:274 - Set plugin database path to: /opt/st/stm32cubeide_1.14.0/plugins/com.st.stm32cube.common.mx_6.10.0.202311202037//db//plugins/boardmanager/
2024-04-09 20:02:11,304 [INFO] ApiDb:261 - Set plugin images path to: /opt/st/stm32cubeide_1.14.0/plugins/com.st.stm32cube.common.mx_6.10.0.202311202037//db//plugins/mcufinder/images/
2024-04-09 20:02:11,304 [WARN] DbFile:41 - Overriding database path with different value: /home/lpmeoli/.stmcufinder/plugins/mcufinder/ => /home/lpmeoli/.stmcufinder/plugins/mcufinder
2024-04-09 20:02:11,304 [INFO] ApiDb:250 - Set database path to: /home/lpmeoli/.stmcufinder/plugins/mcufinder//mcu/
2024-04-09 20:02:11,304 [WARN] DbFile:41 - Overriding database path with different value: /home/lpmeoli/.stmcufinder/plugins/mcufinder/ => /home/lpmeoli/.stmcufinder/plugins/mcufinder
2024-04-09 20:02:11,304 [INFO] DbMcusAds:125 - Set database path to: /home/lpmeoli/.stmcufinder/plugins/mcufinder//mcu/
2024-04-09 20:02:11,304 [WARN] DbFile:41 - Overriding database path with different value: /home/lpmeoli/.stmcufinder/plugins/mcufinder/ => /home/lpmeoli/.stmcufinder/plugins/mcufinder
2024-04-09 20:02:11,304 [WARN] DbFile:41 - Overriding database path with different value: /home/lpmeoli/.stmcufinder/plugins/mcufinder/ => /home/lpmeoli/.stmcufinder/plugins/mcufinder
2024-04-09 20:02:11,304 [INFO] CrossReferenceDbSqlite:203 - Set database path to: /home/lpmeoli/.stmcufinder/plugins/mcufinder//mcu/cs/
2024-04-09 20:02:11,351 [INFO] MainPanel:264 - HeapMemory: 502267904
2024-04-09 20:02:11,409 [INFO] DbMcusXml:78 - Set database path to: /opt/st/stm32cubeide_1.14.0/plugins/com.st.stm32cube.common.mx_6.10.0.202311202037//db//mcu/
2024-04-09 20:02:11,409 [INFO] ApiDb:274 - Set plugin database path to: /opt/st/stm32cubeide_1.14.0/plugins/com.st.stm32cube.common.mx_6.10.0.202311202037//db//plugins/boardmanager/
2024-04-09 20:02:11,409 [INFO] ApiDb:261 - Set plugin images path to: /opt/st/stm32cubeide_1.14.0/plugins/com.st.stm32cube.common.mx_6.10.0.202311202037//db//plugins/mcufinder/images/
2024-04-09 20:02:11,409 [WARN] DbFile:41 - Overriding database path with different value: /home/lpmeoli/.stmcufinder/plugins/mcufinder/ => /home/lpmeoli/.stmcufinder/plugins/mcufinder
2024-04-09 20:02:11,409 [INFO] ApiDb:250 - Set database path to: /home/lpmeoli/.stmcufinder/plugins/mcufinder//mcu/
2024-04-09 20:02:11,409 [WARN] DbFile:41 - Overriding database path with different value: /home/lpmeoli/.stmcufinder/plugins/mcufinder/ => /home/lpmeoli/.stmcufinder/plugins/mcufinder
2024-04-09 20:02:11,409 [INFO] DbMcusAds:125 - Set database path to: /home/lpmeoli/.stmcufinder/plugins/mcufinder//mcu/
2024-04-09 20:02:11,409 [WARN] DbFile:41 - Overriding database path with different value: /home/lpmeoli/.stmcufinder/plugins/mcufinder/ => /home/lpmeoli/.stmcufinder/plugins/mcufinder
2024-04-09 20:02:11,409 [WARN] DbFile:41 - Overriding database path with different value: /home/lpmeoli/.stmcufinder/plugins/mcufinder/ => /home/lpmeoli/.stmcufinder/plugins/mcufinder
2024-04-09 20:02:11,409 [INFO] CrossReferenceDbSqlite:203 - Set database path to: /home/lpmeoli/.stmcufinder/plugins/mcufinder//mcu/cs/
2024-04-09 20:02:11,419 [INFO] ApplicationProperties:184 - Using Application install path: /opt/st/stm32cubeide_1.14.0/plugins/com.st.stm32cube.common.mx_6.10.0.202311202037
2024-04-09 20:02:11,420 [INFO] PluginManage:196 - Search for loadable plugins [exclusion list=, ]
2024-04-09 20:02:11,421 [INFO] PluginManage:310 - Check plugin analytics
2024-04-09 20:02:11,506 [INFO] AnalyticsPlugin:253 - Accepted Software Licenses: 
2024-04-09 20:02:11,506 [INFO] AnalyticsPlugin:255 - Accepted CMSIS Pack Licenses: 
2024-04-09 20:02:11,506 [INFO] AnalyticsPlugin:257 - Accepted Firmware Licenses: FW.F4.1.28.0
2024-04-09 20:02:11,508 [INFO] PluginManage:359 - Loaded plugin analytics (category:tool,tabindex:-1)
2024-04-09 20:02:11,508 [INFO] PluginManage:310 - Check plugin cadmodel
2024-04-09 20:02:11,526 [INFO] CADModel:105 - Init CAD model plugin
2024-04-09 20:02:11,526 [INFO] PluginManage:359 - Loaded plugin cadmodel (category:power,tabindex:5)
2024-04-09 20:02:11,526 [INFO] PluginManage:310 - Check plugin clock
2024-04-09 20:02:11,533 [INFO] PluginManage:359 - Loaded plugin clock (category:base,tabindex:2)
2024-04-09 20:02:11,533 [INFO] PluginManage:310 - Check plugin ddr
2024-04-09 20:02:11,534 [INFO] PluginManage:359 - Loaded plugin ddr (category:tool,tabindex:6)
2024-04-09 20:02:11,535 [INFO] PluginManage:310 - Check plugin filemanager
2024-04-09 20:02:11,616 [INFO] PluginManage:359 - Loaded plugin filemanager (category:base,tabindex:10)
2024-04-09 20:02:11,616 [INFO] PluginManage:310 - Check plugin ipmanager
2024-04-09 20:02:11,620 [INFO] PluginManage:359 - Loaded plugin ipmanager (category:base,tabindex:5)
2024-04-09 20:02:11,620 [INFO] PluginManage:310 - Check plugin lpbam
2024-04-09 20:02:11,626 [INFO] PluginManage:359 - Loaded plugin lpbam (category:base,tabindex:0)
2024-04-09 20:02:11,627 [INFO] PluginManage:310 - Check plugin memorymap
2024-04-09 20:02:11,633 [INFO] PluginManage:359 - Loaded plugin memorymap (category:base,tabindex:4)
2024-04-09 20:02:11,633 [INFO] PluginManage:310 - Check plugin pinoutandconfiguration
2024-04-09 20:02:11,638 [INFO] PluginManage:359 - Loaded plugin pinoutandconfiguration (category:base,tabindex:1)
2024-04-09 20:02:11,638 [INFO] PluginManage:310 - Check plugin pinoutconfig
2024-04-09 20:02:11,688 [WARN] SupportedApi:132 - Cannot load RTOS API schema: s4s-elt-must-match.1: The content of 'definitions' must match (annotation?, (simpleType | complexType)?, (unique | key | keyref)*)). A problem was found starting at: attribute.
2024-04-09 20:02:11,762 [INFO] PluginManage:359 - Loaded plugin pinoutconfig (category:base,tabindex:0)
2024-04-09 20:02:11,763 [INFO] PluginManage:310 - Check plugin power
2024-04-09 20:02:11,769 [INFO] PluginManage:359 - Loaded plugin power (category:power,tabindex:4)
2024-04-09 20:02:11,770 [INFO] PluginManage:310 - Check plugin projectmanager
2024-04-09 20:02:11,779 [INFO] PluginManage:359 - Loaded plugin projectmanager (category:projectmanager,tabindex:3)
2024-04-09 20:02:11,780 [INFO] PluginManage:310 - Check plugin thirdparty
2024-04-09 20:02:11,852 [INFO] PluginManage:359 - Loaded plugin thirdparty (category:base,tabindex:-1)
2024-04-09 20:02:11,852 [WARN] IntegrityCheckThread:84 - waiting for thirdparty lock release [integrity check]
2024-04-09 20:02:11,852 [INFO] IntegrityCheckThread:86 - entering critical section [integrity check]
2024-04-09 20:02:11,852 [INFO] PluginManage:310 - Check plugin tools
2024-04-09 20:02:11,853 [INFO] ThirdPartyUpdaterWithRetryManager:70 - Updater plugin not ready yet. [1/15]
2024-04-09 20:02:11,854 [INFO] PluginManage:359 - Loaded plugin tools (category:base,tabindex:7)
2024-04-09 20:02:11,854 [INFO] PluginManage:310 - Check plugin tutovideos
2024-04-09 20:02:11,956 [INFO] PluginManage:359 - Loaded plugin tutovideos (category:base,tabindex:-1)
2024-04-09 20:02:11,956 [INFO] PluginManage:310 - Check plugin updater
2024-04-09 20:02:11,965 [INFO] PluginManage:359 - Loaded plugin updater (category:base,tabindex:12)
2024-04-09 20:02:11,966 [INFO] PluginManage:310 - Check plugin userauth
2024-04-09 20:02:11,969 [INFO] UserAuth:114 - Init User Auth plugin
2024-04-09 20:02:11,970 [INFO] PluginManage:359 - Loaded plugin userauth (category:base,tabindex:14)
2024-04-09 20:02:11,970 [INFO] PluginManage:283 - PluginManage : Loaded plugins [17]
2024-04-09 20:02:12,081 [INFO] PinOutPanel:1499 - setPackage(No Configuration,No Configuration)
2024-04-09 20:02:12,120 [INFO] CADModel:165 - CPN selected for project level
2024-04-09 20:02:12,120 [INFO] CADModel:114 - Register for checkConnection events
2024-04-09 20:02:12,127 [INFO] IPUIPlugin:80 - create IPUIPlugin
2024-04-09 20:02:12,128 [INFO] PluginManager:220 - loadIPPluginJar : add nvic
2024-04-09 20:02:12,130 [INFO] IPUIPlugin:80 - create IPUIPlugin
2024-04-09 20:02:12,130 [INFO] PluginManager:220 - loadIPPluginJar : add tsc
2024-04-09 20:02:12,131 [INFO] IPUIPlugin:80 - create IPUIPlugin
2024-04-09 20:02:12,131 [INFO] PluginManager:220 - loadIPPluginJar : add dma3
2024-04-09 20:02:12,138 [INFO] IPUIPlugin:80 - create IPUIPlugin
2024-04-09 20:02:12,138 [INFO] PluginManager:220 - loadIPPluginJar : add adc
2024-04-09 20:02:12,140 [INFO] IPUIPlugin:80 - create IPUIPlugin
2024-04-09 20:02:12,140 [INFO] PluginManager:220 - loadIPPluginJar : add i3c
2024-04-09 20:02:12,141 [INFO] IPUIPlugin:80 - create IPUIPlugin
2024-04-09 20:02:12,142 [INFO] PluginManager:220 - loadIPPluginJar : add gtzc
2024-04-09 20:02:12,143 [INFO] IPUIPlugin:80 - create IPUIPlugin
2024-04-09 20:02:12,143 [INFO] PluginManager:220 - loadIPPluginJar : add lorawan
2024-04-09 20:02:12,144 [INFO] IPUIPlugin:80 - create IPUIPlugin
2024-04-09 20:02:12,144 [INFO] PluginManager:220 - loadIPPluginJar : add usart
2024-04-09 20:02:12,148 [INFO] IPUIPlugin:80 - create IPUIPlugin
2024-04-09 20:02:12,150 [INFO] PluginManager:220 - loadIPPluginJar : add plateformsettings
2024-04-09 20:02:12,150 [INFO] IPUIPlugin:80 - create IPUIPlugin
2024-04-09 20:02:12,150 [INFO] PluginManager:220 - loadIPPluginJar : add ltdc
2024-04-09 20:02:12,151 [INFO] IPUIPlugin:80 - create IPUIPlugin
2024-04-09 20:02:12,151 [INFO] PluginManager:220 - loadIPPluginJar : add tracer_emb
2024-04-09 20:02:12,152 [INFO] IPUIPlugin:80 - create IPUIPlugin
2024-04-09 20:02:12,152 [INFO] PluginManager:220 - loadIPPluginJar : add fatfs
2024-04-09 20:02:12,153 [INFO] IPUIPlugin:80 - create IPUIPlugin
2024-04-09 20:02:12,153 [INFO] PluginManager:220 - loadIPPluginJar : add comp
2024-04-09 20:02:12,159 [INFO] IPUIPlugin:80 - create IPUIPlugin
2024-04-09 20:02:12,159 [INFO] PluginManager:220 - loadIPPluginJar : add linkedlist
2024-04-09 20:02:12,162 [INFO] IPUIPlugin:80 - create IPUIPlugin
2024-04-09 20:02:12,162 [INFO] PluginManager:220 - loadIPPluginJar : add gpio
2024-04-09 20:02:12,164 [INFO] IPUIPlugin:80 - create IPUIPlugin
2024-04-09 20:02:12,164 [INFO] PluginManager:220 - loadIPPluginJar : add aes
2024-04-09 20:02:12,165 [INFO] IPUIPlugin:80 - create IPUIPlugin
2024-04-09 20:02:12,165 [INFO] PluginManager:220 - loadIPPluginJar : add hash
2024-04-09 20:02:12,169 [INFO] IPUIPlugin:80 - create IPUIPlugin
2024-04-09 20:02:12,169 [INFO] PluginManager:220 - loadIPPluginJar : add mdma
2024-04-09 20:02:12,170 [INFO] IPUIPlugin:80 - create IPUIPlugin
2024-04-09 20:02:12,170 [INFO] PluginManager:220 - loadIPPluginJar : add dfsdm
2024-04-09 20:02:12,172 [INFO] IPUIPlugin:80 - create IPUIPlugin
2024-04-09 20:02:12,172 [INFO] PluginManager:220 - loadIPPluginJar : add pdm2pcm
2024-04-09 20:02:12,173 [INFO] IPUIPlugin:80 - create IPUIPlugin
2024-04-09 20:02:12,174 [INFO] PluginManager:220 - loadIPPluginJar : add touchsensing
2024-04-09 20:02:12,175 [INFO] IPUIPlugin:80 - create IPUIPlugin
2024-04-09 20:02:12,175 [INFO] PluginManager:220 - loadIPPluginJar : add cryp
2024-04-09 20:02:12,181 [INFO] IPUIPlugin:80 - create IPUIPlugin
2024-04-09 20:02:12,181 [INFO] PluginManager:220 - loadIPPluginJar : add freertos
2024-04-09 20:02:12,183 [INFO] IPUIPlugin:80 - create IPUIPlugin
2024-04-09 20:02:12,183 [INFO] PluginManager:220 - loadIPPluginJar : add usbx
2024-04-09 20:02:12,186 [INFO] IPUIPlugin:80 - create IPUIPlugin
2024-04-09 20:02:12,187 [INFO] PluginManager:220 - loadIPPluginJar : add fmc
2024-04-09 20:02:12,191 [INFO] IPUIPlugin:80 - create IPUIPlugin
2024-04-09 20:02:12,191 [INFO] PluginManager:220 - loadIPPluginJar : add gic
2024-04-09 20:02:12,194 [INFO] IPUIPlugin:80 - create IPUIPlugin
2024-04-09 20:02:12,195 [INFO] PluginManager:220 - loadIPPluginJar : add dma
2024-04-09 20:02:12,195 [INFO] IPUIPlugin:80 - create IPUIPlugin
2024-04-09 20:02:12,195 [INFO] PluginManager:220 - loadIPPluginJar : add genericplugin
2024-04-09 20:02:12,196 [INFO] IPUIPlugin:80 - create IPUIPlugin
2024-04-09 20:02:12,196 [INFO] PluginManager:220 - loadIPPluginJar : add ucpd
2024-04-09 20:02:12,198 [INFO] IPUIPlugin:80 - create IPUIPlugin
2024-04-09 20:02:12,198 [INFO] PluginManager:220 - loadIPPluginJar : add opamp
2024-04-09 20:02:12,201 [INFO] IPUIPlugin:80 - create IPUIPlugin
2024-04-09 20:02:12,201 [INFO] PluginManager:220 - loadIPPluginJar : add stm32_wpan
2024-04-09 20:02:12,202 [INFO] IPUIPlugin:80 - create IPUIPlugin
2024-04-09 20:02:12,202 [INFO] PluginManager:220 - loadIPPluginJar : add ts
2024-04-09 20:02:12,203 [INFO] IPUIPlugin:80 - create IPUIPlugin
2024-04-09 20:02:12,203 [INFO] PluginManager:220 - loadIPPluginJar : add spi
2024-04-09 20:02:12,204 [INFO] IPUIPlugin:80 - create IPUIPlugin
2024-04-09 20:02:12,205 [INFO] PluginManager:220 - loadIPPluginJar : add sai
2024-04-09 20:02:12,206 [INFO] IPUIPlugin:80 - create IPUIPlugin
2024-04-09 20:02:12,207 [INFO] PluginManager:220 - loadIPPluginJar : add ipddr
2024-04-09 20:02:12,209 [INFO] IPUIPlugin:80 - create IPUIPlugin
2024-04-09 20:02:12,209 [INFO] PluginManager:220 - loadIPPluginJar : add resmgrutility
2024-04-09 20:02:12,210 [INFO] IPUIPlugin:80 - create IPUIPlugin
2024-04-09 20:02:12,210 [INFO] PluginManager:220 - loadIPPluginJar : add gfxmmu
2024-04-09 20:02:12,211 [INFO] IPUIPlugin:80 - create IPUIPlugin
2024-04-09 20:02:12,211 [INFO] PluginManager:220 - loadIPPluginJar : add can
2024-04-09 20:02:12,213 [INFO] IPUIPlugin:80 - create IPUIPlugin
2024-04-09 20:02:12,213 [INFO] PluginManager:220 - loadIPPluginJar : add i2c
2024-04-09 20:02:12,214 [INFO] IPUIPlugin:80 - create IPUIPlugin
2024-04-09 20:02:12,214 [INFO] PluginManager:220 - loadIPPluginJar : add i2s
2024-04-09 20:02:12,215 [INFO] IPUIPlugin:80 - create IPUIPlugin
2024-04-09 20:02:12,215 [INFO] PluginManager:220 - loadIPPluginJar : add tim
2024-04-09 20:02:12,217 [INFO] IPUIPlugin:80 - create IPUIPlugin
2024-04-09 20:02:12,217 [INFO] PluginManager:220 - loadIPPluginJar : add openamp
2024-04-09 20:02:12,218 [INFO] IPUIPlugin:80 - create IPUIPlugin
2024-04-09 20:02:12,218 [INFO] PluginManager:220 - loadIPPluginJar : add quadspi
2024-04-09 20:02:12,307 [INFO] CADModel:165 - CPN selected for project level
2024-04-09 20:02:12,307 [INFO] CADModel:114 - Register for checkConnection events
2024-04-09 20:02:12,307 [FATAL] Updater:308 - Updater called before beeing initialized
2024-04-09 20:02:12,307 [ERROR] CADModel:125 - Updater not yet initialized, retry later 
2024-04-09 20:02:12,374 [INFO] CADModel:165 - CPN selected for project level
2024-04-09 20:02:12,375 [INFO] CADModel:114 - Register for checkConnection events
2024-04-09 20:02:12,375 [FATAL] Updater:308 - Updater called before beeing initialized
2024-04-09 20:02:12,375 [ERROR] CADModel:125 - Updater not yet initialized, retry later 
2024-04-09 20:02:12,386 [FATAL] Updater:308 - Updater called before beeing initialized
2024-04-09 20:02:12,433 [FATAL] Updater:308 - Updater called before beeing initialized
2024-04-09 20:02:12,436 [INFO] DbMcusAds:53 - JSON generation date=Wed Nov 29 07:52:27 ART 2023 (1701255147349)
2024-04-09 20:02:12,436 [FATAL] Updater:308 - Updater called before beeing initialized
2024-04-09 20:02:12,459 [WARN] DetailPanel:346 - Failed to get advertising image, set to default
2024-04-09 20:02:12,514 [FATAL] Updater:308 - Updater called before beeing initialized
2024-04-09 20:02:12,515 [FATAL] Updater:308 - Updater called before beeing initialized
2024-04-09 20:02:12,515 [FATAL] Updater:308 - Updater called before beeing initialized
2024-04-09 20:02:12,515 [WARN] DetailPanel:346 - Failed to get advertising image, set to default
2024-04-09 20:02:12,516 [FATAL] Updater:308 - Updater called before beeing initialized
2024-04-09 20:02:12,534 [ERROR] Updater:1120 - MainUpdater not yet initialized. External WinMGr cannot be set.
2024-04-09 20:02:12,535 [INFO] Updater:1056 - Updater Version found : 6.10.0
2024-04-09 20:02:12,549 [INFO] ApplicationProperties:184 - Using Application install path: /opt/st/stm32cubeide_1.14.0/plugins/com.st.stm32cube.common.mx_6.10.0.202311202037
2024-04-09 20:02:12,742 [INFO] MainUpdater:2873 - connection check result : 10
2024-04-09 20:02:12,743 [INFO] MainUpdater:290 - Updater Check For Update Now.
2024-04-09 20:02:12,743 [INFO] MicroXplorer:498 - Change Database Version : DB.6.0.100
2024-04-09 20:02:12,746 [INFO] McuFinderGlobals:63 - Set McuFinder mode to 2 (CubeIDE integrated)
2024-04-09 20:02:12,746 [INFO] UserAuth:180 - activating auth plugin
2024-04-09 20:02:12,747 [INFO] UserAuth:404 - Internet connection configuration mode: 1
2024-04-09 20:02:12,760 [INFO] JxBrowserEngine:152 - Initiate JxBrowser Engine with user profile folder
2024-04-09 20:02:12,901 [INFO] CheckServerUpdateThread:120 - End of CheckServer Thread
2024-04-09 20:02:13,342 [INFO] WebApp:161 - Instantiating new browser for Auth
2024-04-09 20:02:13,643 [INFO] WebApp:780 - Register for checkConnection events
2024-04-09 20:02:13,643 [INFO] WebApp:414 - Apply proxy settings
2024-04-09 20:02:13,643 [INFO] WebApp:499 - Chromium requires no authentication
2024-04-09 20:02:13,647 [INFO] WebApp:442 - Direct internet connection detected
2024-04-09 20:02:13,722 [INFO] WebApp:192 - Starting web application
2024-04-09 20:02:13,722 [INFO] WebApp:544 - Web application path used /opt/st/stm32cubeide_1.14.0/plugins/com.st.stm32cube.common.mx_6.10.0.202311202037/db/plugins/mcufinder/reactClient1/index.html
2024-04-09 20:02:14,919 [WARN] PackLoader:240 - Cannot read IP mode file for STMicroelectronics.X-CUBE-SMBUS.2.1.0
2024-04-09 20:02:14,923 [WARN] PackLoader:240 - Cannot read IP mode file for STMicroelectronics.X-CUBE-TOUCHGFX.4.23.1
2024-04-09 20:02:14,924 [WARN] PackLoader:240 - Cannot read IP mode file for STMicroelectronics.X-CUBE-TOUCHGFX.4.23.0
2024-04-09 20:02:14,926 [WARN] PackLoader:240 - Cannot read IP mode file for STMicroelectronics.X-CUBE-TOUCHGFX.4.23.2
2024-04-09 20:02:14,944 [WARN] PackLoader:240 - Cannot read IP mode file for STMicroelectronics.X-CUBE-AZRTOS-F7.1.1.0
2024-04-09 20:02:14,952 [WARN] PackLoader:240 - Cannot read IP mode file for STMicroelectronics.FP-SNS-MOTENV1.4.3.2
2024-04-09 20:02:14,956 [WARN] PackLoader:240 - Cannot read IP mode file for STMicroelectronics.FP-SNS-FLIGHT1.5.0.2
2024-04-09 20:02:14,962 [WARN] PackLoader:240 - Cannot read IP mode file for STMicroelectronics.X-CUBE-DISPLAY.3.0.0
2024-04-09 20:02:14,971 [WARN] PackLoader:240 - Cannot read IP mode file for STMicroelectronics.X-CUBE-BLE1.7.0.0
2024-04-09 20:02:14,973 [WARN] PackLoader:240 - Cannot read IP mode file for emotas.I-CUBE-CANOPEN.1.3.0
2024-04-09 20:02:14,980 [WARN] PackLoader:240 - Cannot read IP mode file for STMicroelectronics.X-CUBE-BLEMGR.3.1.0
2024-04-09 20:02:14,984 [WARN] PackLoader:240 - Cannot read IP mode file for STMicroelectronics.FP-SNS-SMARTAG2.1.2.0
2024-04-09 20:02:14,990 [INFO] LogOutputStream:77 - [STDOUT_REDIRECT] 1 : Invalid condition id : UX_CORESTACK_Condition cause : null
2024-04-09 20:02:14,990 [INFO] LogOutputStream:77 - [STDOUT_REDIRECT] 1 : Invalid condition id : UX_CORESTACK_Condition cause : null
2024-04-09 20:02:14,990 [INFO] LogOutputStream:77 - [STDOUT_REDIRECT] 1 : Invalid condition id : UX_CORESTACK_Condition cause : null
2024-04-09 20:02:14,990 [INFO] LogOutputStream:77 - [STDOUT_REDIRECT] 1 : Invalid condition id : UX_CORESTACK_Condition cause : null
2024-04-09 20:02:14,991 [INFO] LogOutputStream:77 - [STDOUT_REDIRECT] 1 : Invalid condition id : UX_CORESTACK_Condition cause : null
2024-04-09 20:02:14,992 [WARN] PackLoader:240 - Cannot read IP mode file for STMicroelectronics.X-CUBE-AZRTOS-WL.2.0.0
2024-04-09 20:02:14,995 [WARN] PackLoader:240 - Cannot read IP mode file for STMicroelectronics.FP-SNS-MOTENV1.5.0.0
2024-04-09 20:02:15,000 [WARN] PackLoader:240 - Cannot read IP mode file for WES.I-CUBE-Cesium.1.3.0
2024-04-09 20:02:15,002 [WARN] PackLoader:240 - Cannot read IP mode file for STMicroelectronics.X-CUBE-BLE2.3.3.0
2024-04-09 20:02:15,005 [WARN] PackLoader:240 - Cannot read IP mode file for STMicroelectronics.X-CUBE-TCPP.4.1.0
2024-04-09 20:02:15,009 [WARN] PackLoader:240 - Cannot read IP mode file for STMicroelectronics.X-CUBE-ALGOBUILD.1.3.0
2024-04-09 20:02:15,019 [WARN] PackLoader:240 - Cannot read IP mode file for STMicroelectronics.X-CUBE-AZRTOS-G0.1.1.0
2024-04-09 20:02:15,023 [WARN] PackLoader:240 - Cannot read IP mode file for STMicroelectronics.X-CUBE-SAFEA1.1.2.2
2024-04-09 20:02:15,027 [WARN] PackLoader:240 - Cannot read IP mode file for STMicroelectronics.X-CUBE-NFC4.3.0.0
2024-04-09 20:02:15,029 [WARN] PackLoader:240 - Cannot read IP mode file for STMicroelectronics.FP-ATR-SIGFOX1.3.2.0
2024-04-09 20:02:15,032 [WARN] PackLoader:240 - Cannot read IP mode file for STMicroelectronics.X-CUBE-EEPRMA1.5.1.0
2024-04-09 20:02:15,056 [WARN] PackLoader:240 - Cannot read IP mode file for SEGGER.I-CUBE-embOS.1.3.1
2024-04-09 20:02:15,079 [WARN] PackLoader:240 - Cannot read IP mode file for STMicroelectronics.X-CUBE-GNSS1.6.0.0
2024-04-09 20:02:15,088 [WARN] PackLoader:240 - Cannot read IP mode file for STMicroelectronics.X-CUBE-AZRTOS-F4.1.1.0
2024-04-09 20:02:15,092 [WARN] PackLoader:240 - Cannot read IP mode file for wolfSSL.I-CUBE-wolfSSL.5.6.6
2024-04-09 20:02:15,099 [WARN] PackLoader:240 - Cannot read IP mode file for STMicroelectronics.X-CUBE-AZRTOS-L5.2.0.0
2024-04-09 20:02:15,104 [WARN] PackLoader:240 - Cannot read IP mode file for STMicroelectronics.X-CUBE-NFC6.3.1.0
2024-04-09 20:02:15,108 [WARN] PackLoader:240 - Cannot read IP mode file for ITTIA_DB.I-CUBE-ITTIADB.8.8.0
2024-04-09 20:02:15,110 [WARN] PackLoader:240 - Cannot read IP mode file for STMicroelectronics.X-CUBE-NFC7.1.0.1
2024-04-09 20:02:15,113 [WARN] PackLoader:240 - Cannot read IP mode file for STMicroelectronics.X-CUBE-AI.8.1.0
2024-04-09 20:02:15,121 [WARN] ConditionMgr:438 - getConditionDescription Invalid condition id : LAN8742 Phy interface Condition cause : null
2024-04-09 20:02:15,121 [WARN] PackLoader:240 - Cannot read IP mode file for STMicroelectronics.X-CUBE-AZRTOS-L4.2.0.0
2024-04-09 20:02:15,122 [WARN] ConditionMgr:1039 - genDependencies : Invalid condition id : LAN8742 Phy interface Condition cause : null
2024-04-09 20:02:15,122 [WARN] ConditionMgr:1039 - genDependencies : Invalid condition id : LAN8742 Phy interface Condition cause : null
2024-04-09 20:02:15,123 [WARN] ConditionMgr:1039 - genDependencies : Invalid condition id : LAN8742 Phy interface Condition cause : null
2024-04-09 20:02:15,127 [WARN] PackLoader:240 - Cannot read IP mode file for STMicroelectronics.X-CUBE-SFXS2LP1.4.0.0
2024-04-09 20:02:15,137 [WARN] ConditionMgr:438 - getConditionDescription Invalid condition id : UX DEVICE CLASS RTOS Condition cause : null
2024-04-09 20:02:15,138 [WARN] ConditionMgr:438 - getConditionDescription Invalid condition id : UX DEVICE CLASS RTOS Condition cause : null
2024-04-09 20:02:15,139 [WARN] PackLoader:240 - Cannot read IP mode file for STMicroelectronics.X-CUBE-AZRTOS-WB.2.0.0
2024-04-09 20:02:15,140 [WARN] ConditionMgr:1039 - genDependencies : Invalid condition id : UX DEVICE CLASS RTOS Condition cause : null
2024-04-09 20:02:15,140 [WARN] ConditionMgr:1039 - genDependencies : Invalid condition id : UX DEVICE CLASS RTOS Condition cause : null
2024-04-09 20:02:15,140 [WARN] ConditionMgr:1039 - genDependencies : Invalid condition id : UX DEVICE CLASS RTOS Condition cause : null
2024-04-09 20:02:15,141 [WARN] ConditionMgr:1039 - genDependencies : Invalid condition id : UX DEVICE CLASS RTOS Condition cause : null
2024-04-09 20:02:15,141 [WARN] ConditionMgr:1039 - genDependencies : Invalid condition id : UX DEVICE CLASS RTOS Condition cause : null
2024-04-09 20:02:15,149 [WARN] PackLoader:240 - Cannot read IP mode file for STMicroelectronics.X-CUBE-SUBG2.5.0.0
2024-04-09 20:02:15,176 [WARN] PackLoader:240 - Cannot read IP mode file for STMicroelectronics.X-CUBE-AZRTOS-G4.2.0.0
2024-04-09 20:02:15,184 [WARN] PackLoader:240 - Cannot read IP mode file for Infineon.AIROC-Wi-Fi-Bluetooth-STM32.1.5.1
2024-04-09 20:02:15,188 [WARN] PackLoader:240 - Cannot read IP mode file for STMicroelectronics.X-CUBE-ISPU.2.0.0
2024-04-09 20:02:15,209 [WARN] PackLoader:240 - Cannot read IP mode file for STMicroelectronics.X-CUBE-MEMS1.10.0.0
2024-04-09 20:02:15,267 [WARN] PackLoader:240 - Cannot read IP mode file for STMicroelectronics.X-CUBE-FREERTOS.1.1.0
2024-04-09 20:02:15,270 [WARN] PackLoader:240 - Cannot read IP mode file for portGmbH.I-Cube-SoM-uGOAL.1.1.0
2024-04-09 20:02:15,273 [WARN] PackLoader:240 - Cannot read IP mode file for STMicroelectronics.X-CUBE-ALS.1.0.1
2024-04-09 20:02:15,276 [WARN] PackLoader:240 - Cannot read IP mode file for STMicroelectronics.FP-ATR-ASTRA1.2.0.0
2024-04-09 20:02:15,281 [WARN] PackLoader:240 - Cannot read IP mode file for STMicroelectronics.X-CUBE-TOF1.3.4.1
2024-04-09 20:02:15,296 [WARN] PackLoader:240 - Cannot read IP mode file for STMicroelectronics.X-CUBE-AZRTOS-H7.3.2.0
2024-04-09 20:02:15,298 [INFO] ThirdParty:978 - Integrity check success = true
2024-04-09 20:02:15,298 [INFO] IntegrityCheckThread:100 - exiting critical section [integrity check]
2024-04-09 20:02:15,298 [INFO] IntegrityCheckThread:103 - End integrity checks thread
2024-04-09 20:02:34,013 [ERROR] LogOutputStream:75 - [STDERR_REDIRECT] SLF4J: Failed to load class "org.slf4j.impl.StaticLoggerBinder".
2024-04-09 20:02:34,013 [ERROR] LogOutputStream:75 - [STDERR_REDIRECT] SLF4J: Defaulting to no-operation (NOP) logger implementation
2024-04-09 20:02:34,013 [ERROR] LogOutputStream:75 - [STDERR_REDIRECT] SLF4J: See http://www.slf4j.org/codes.html#StaticLoggerBinder for further details.
