2024-04-11 17:44:29,233 [INFO] Activator:176 - 


2024-04-11 17:44:29,236 [INFO] Activator:177 - !SESSION log4j initialized
2024-04-11 17:44:32,021 [INFO] LogOutputStream:77 - [STDOUT_REDIRECT] 
2024-04-11 17:44:33,135 [INFO] ApplicationProperties:184 - Using Application install path: /opt/st/stm32cubeide_1.14.0/plugins/com.st.stm32cube.common.mx_6.10.0.202311202037
2024-04-11 17:44:33,145 [INFO] DbMcusXml:78 - Set database path to: /opt/st/stm32cubeide_1.14.0/plugins/com.st.stm32cube.common.mx_6.10.0.202311202037//db//mcu/
2024-04-11 17:44:33,145 [INFO] ApiDb:274 - Set plugin database path to: /opt/st/stm32cubeide_1.14.0/plugins/com.st.stm32cube.common.mx_6.10.0.202311202037//db//plugins/boardmanager/
2024-04-11 17:44:33,145 [WARN] ApiDb:259 - Overriding images path with different value:  => /opt/st/stm32cubeide_1.14.0/plugins/com.st.stm32cube.common.mx_6.10.0.202311202037//db//plugins/mcufinder/images/
2024-04-11 17:44:33,150 [INFO] ApiDb:250 - Set database path to: /home/lpmeoli/.stmcufinder/plugins/mcufinder//mcu/
2024-04-11 17:44:33,150 [INFO] DbMcusAds:125 - Set database path to: /home/lpmeoli/.stmcufinder/plugins/mcufinder//mcu/
2024-04-11 17:44:33,151 [INFO] CrossReferenceDbSqlite:203 - Set database path to: /home/lpmeoli/.stmcufinder/plugins/mcufinder//mcu/cs/
2024-04-11 17:44:33,205 [INFO] RulesReader:64 - Compatibility file has been processed (297 Rules)
2024-04-11 17:44:33,241 [INFO] DbMcusXml:78 - Set database path to: /opt/st/stm32cubeide_1.14.0/plugins/com.st.stm32cube.common.mx_6.10.0.202311202037//db//mcu/
2024-04-11 17:44:33,241 [INFO] ApiDb:274 - Set plugin database path to: /opt/st/stm32cubeide_1.14.0/plugins/com.st.stm32cube.common.mx_6.10.0.202311202037//db//plugins/boardmanager/
2024-04-11 17:44:33,241 [INFO] ApiDb:261 - Set plugin images path to: /opt/st/stm32cubeide_1.14.0/plugins/com.st.stm32cube.common.mx_6.10.0.202311202037//db//plugins/mcufinder/images/
2024-04-11 17:44:33,241 [WARN] DbFile:41 - Overriding database path with different value: /home/lpmeoli/.stmcufinder/plugins/mcufinder/ => /home/lpmeoli/.stmcufinder/plugins/mcufinder
2024-04-11 17:44:33,241 [INFO] ApiDb:250 - Set database path to: /home/lpmeoli/.stmcufinder/plugins/mcufinder//mcu/
2024-04-11 17:44:33,241 [WARN] DbFile:41 - Overriding database path with different value: /home/lpmeoli/.stmcufinder/plugins/mcufinder/ => /home/lpmeoli/.stmcufinder/plugins/mcufinder
2024-04-11 17:44:33,241 [INFO] DbMcusAds:125 - Set database path to: /home/lpmeoli/.stmcufinder/plugins/mcufinder//mcu/
2024-04-11 17:44:33,241 [WARN] DbFile:41 - Overriding database path with different value: /home/lpmeoli/.stmcufinder/plugins/mcufinder/ => /home/lpmeoli/.stmcufinder/plugins/mcufinder
2024-04-11 17:44:33,241 [WARN] DbFile:41 - Overriding database path with different value: /home/lpmeoli/.stmcufinder/plugins/mcufinder/ => /home/lpmeoli/.stmcufinder/plugins/mcufinder
2024-04-11 17:44:33,241 [INFO] CrossReferenceDbSqlite:203 - Set database path to: /home/lpmeoli/.stmcufinder/plugins/mcufinder//mcu/cs/
2024-04-11 17:44:33,282 [INFO] MainPanel:264 - HeapMemory: 268435456
2024-04-11 17:44:33,332 [INFO] DbMcusXml:78 - Set database path to: /opt/st/stm32cubeide_1.14.0/plugins/com.st.stm32cube.common.mx_6.10.0.202311202037//db//mcu/
2024-04-11 17:44:33,332 [INFO] ApiDb:274 - Set plugin database path to: /opt/st/stm32cubeide_1.14.0/plugins/com.st.stm32cube.common.mx_6.10.0.202311202037//db//plugins/boardmanager/
2024-04-11 17:44:33,332 [INFO] ApiDb:261 - Set plugin images path to: /opt/st/stm32cubeide_1.14.0/plugins/com.st.stm32cube.common.mx_6.10.0.202311202037//db//plugins/mcufinder/images/
2024-04-11 17:44:33,332 [WARN] DbFile:41 - Overriding database path with different value: /home/lpmeoli/.stmcufinder/plugins/mcufinder/ => /home/lpmeoli/.stmcufinder/plugins/mcufinder
2024-04-11 17:44:33,332 [INFO] ApiDb:250 - Set database path to: /home/lpmeoli/.stmcufinder/plugins/mcufinder//mcu/
2024-04-11 17:44:33,333 [WARN] DbFile:41 - Overriding database path with different value: /home/lpmeoli/.stmcufinder/plugins/mcufinder/ => /home/lpmeoli/.stmcufinder/plugins/mcufinder
2024-04-11 17:44:33,333 [INFO] DbMcusAds:125 - Set database path to: /home/lpmeoli/.stmcufinder/plugins/mcufinder//mcu/
2024-04-11 17:44:33,333 [WARN] DbFile:41 - Overriding database path with different value: /home/lpmeoli/.stmcufinder/plugins/mcufinder/ => /home/lpmeoli/.stmcufinder/plugins/mcufinder
2024-04-11 17:44:33,333 [WARN] DbFile:41 - Overriding database path with different value: /home/lpmeoli/.stmcufinder/plugins/mcufinder/ => /home/lpmeoli/.stmcufinder/plugins/mcufinder
2024-04-11 17:44:33,333 [INFO] CrossReferenceDbSqlite:203 - Set database path to: /home/lpmeoli/.stmcufinder/plugins/mcufinder//mcu/cs/
2024-04-11 17:44:33,341 [INFO] ApplicationProperties:184 - Using Application install path: /opt/st/stm32cubeide_1.14.0/plugins/com.st.stm32cube.common.mx_6.10.0.202311202037
2024-04-11 17:44:33,342 [INFO] PluginManage:196 - Search for loadable plugins [exclusion list=, ]
2024-04-11 17:44:33,343 [INFO] PluginManage:310 - Check plugin analytics
2024-04-11 17:44:33,419 [INFO] AnalyticsPlugin:253 - Accepted Software Licenses: 
2024-04-11 17:44:33,420 [INFO] AnalyticsPlugin:255 - Accepted CMSIS Pack Licenses: 
2024-04-11 17:44:33,420 [INFO] AnalyticsPlugin:257 - Accepted Firmware Licenses: FW.F4.1.28.0
2024-04-11 17:44:33,421 [INFO] PluginManage:359 - Loaded plugin analytics (category:tool,tabindex:-1)
2024-04-11 17:44:33,422 [INFO] PluginManage:310 - Check plugin cadmodel
2024-04-11 17:44:33,460 [INFO] CADModel:105 - Init CAD model plugin
2024-04-11 17:44:33,461 [INFO] PluginManage:359 - Loaded plugin cadmodel (category:power,tabindex:5)
2024-04-11 17:44:33,461 [INFO] PluginManage:310 - Check plugin clock
2024-04-11 17:44:33,467 [INFO] PluginManage:359 - Loaded plugin clock (category:base,tabindex:2)
2024-04-11 17:44:33,467 [INFO] PluginManage:310 - Check plugin ddr
2024-04-11 17:44:33,468 [INFO] PluginManage:359 - Loaded plugin ddr (category:tool,tabindex:6)
2024-04-11 17:44:33,468 [INFO] PluginManage:310 - Check plugin filemanager
2024-04-11 17:44:33,536 [INFO] PluginManage:359 - Loaded plugin filemanager (category:base,tabindex:10)
2024-04-11 17:44:33,536 [INFO] PluginManage:310 - Check plugin ipmanager
2024-04-11 17:44:33,539 [INFO] PluginManage:359 - Loaded plugin ipmanager (category:base,tabindex:5)
2024-04-11 17:44:33,539 [INFO] PluginManage:310 - Check plugin lpbam
2024-04-11 17:44:33,545 [INFO] PluginManage:359 - Loaded plugin lpbam (category:base,tabindex:0)
2024-04-11 17:44:33,545 [INFO] PluginManage:310 - Check plugin memorymap
2024-04-11 17:44:33,550 [INFO] PluginManage:359 - Loaded plugin memorymap (category:base,tabindex:4)
2024-04-11 17:44:33,550 [INFO] PluginManage:310 - Check plugin pinoutandconfiguration
2024-04-11 17:44:33,555 [INFO] PluginManage:359 - Loaded plugin pinoutandconfiguration (category:base,tabindex:1)
2024-04-11 17:44:33,555 [INFO] PluginManage:310 - Check plugin pinoutconfig
2024-04-11 17:44:33,597 [WARN] SupportedApi:132 - Cannot load RTOS API schema: s4s-elt-must-match.1: The content of 'definitions' must match (annotation?, (simpleType | complexType)?, (unique | key | keyref)*)). A problem was found starting at: attribute.
2024-04-11 17:44:33,667 [INFO] PluginManage:359 - Loaded plugin pinoutconfig (category:base,tabindex:0)
2024-04-11 17:44:33,667 [INFO] PluginManage:310 - Check plugin power
2024-04-11 17:44:33,673 [INFO] PluginManage:359 - Loaded plugin power (category:power,tabindex:4)
2024-04-11 17:44:33,673 [INFO] PluginManage:310 - Check plugin projectmanager
2024-04-11 17:44:33,682 [INFO] PluginManage:359 - Loaded plugin projectmanager (category:projectmanager,tabindex:3)
2024-04-11 17:44:33,682 [INFO] PluginManage:310 - Check plugin thirdparty
2024-04-11 17:44:33,747 [INFO] PluginManage:359 - Loaded plugin thirdparty (category:base,tabindex:-1)
2024-04-11 17:44:33,747 [WARN] IntegrityCheckThread:84 - waiting for thirdparty lock release [integrity check]
2024-04-11 17:44:33,747 [INFO] PluginManage:310 - Check plugin tools
2024-04-11 17:44:33,747 [INFO] IntegrityCheckThread:86 - entering critical section [integrity check]
2024-04-11 17:44:33,747 [INFO] ThirdPartyUpdaterWithRetryManager:70 - Updater plugin not ready yet. [1/15]
2024-04-11 17:44:33,748 [INFO] PluginManage:359 - Loaded plugin tools (category:base,tabindex:7)
2024-04-11 17:44:33,748 [INFO] PluginManage:310 - Check plugin tutovideos
2024-04-11 17:44:33,848 [INFO] PluginManage:359 - Loaded plugin tutovideos (category:base,tabindex:-1)
2024-04-11 17:44:33,848 [INFO] PluginManage:310 - Check plugin updater
2024-04-11 17:44:33,856 [INFO] PluginManage:359 - Loaded plugin updater (category:base,tabindex:12)
2024-04-11 17:44:33,856 [INFO] PluginManage:310 - Check plugin userauth
2024-04-11 17:44:33,860 [INFO] UserAuth:114 - Init User Auth plugin
2024-04-11 17:44:33,860 [INFO] PluginManage:359 - Loaded plugin userauth (category:base,tabindex:14)
2024-04-11 17:44:33,860 [INFO] PluginManage:283 - PluginManage : Loaded plugins [17]
2024-04-11 17:44:33,962 [INFO] PinOutPanel:1499 - setPackage(No Configuration,No Configuration)
2024-04-11 17:44:33,993 [INFO] CADModel:165 - CPN selected for project level
2024-04-11 17:44:33,994 [INFO] CADModel:114 - Register for checkConnection events
2024-04-11 17:44:34,000 [INFO] IPUIPlugin:80 - create IPUIPlugin
2024-04-11 17:44:34,000 [INFO] PluginManager:220 - loadIPPluginJar : add nvic
2024-04-11 17:44:34,002 [INFO] IPUIPlugin:80 - create IPUIPlugin
2024-04-11 17:44:34,002 [INFO] PluginManager:220 - loadIPPluginJar : add tsc
2024-04-11 17:44:34,004 [INFO] IPUIPlugin:80 - create IPUIPlugin
2024-04-11 17:44:34,004 [INFO] PluginManager:220 - loadIPPluginJar : add dma3
2024-04-11 17:44:34,009 [INFO] IPUIPlugin:80 - create IPUIPlugin
2024-04-11 17:44:34,009 [INFO] PluginManager:220 - loadIPPluginJar : add adc
2024-04-11 17:44:34,010 [INFO] IPUIPlugin:80 - create IPUIPlugin
2024-04-11 17:44:34,010 [INFO] PluginManager:220 - loadIPPluginJar : add i3c
2024-04-11 17:44:34,012 [INFO] IPUIPlugin:80 - create IPUIPlugin
2024-04-11 17:44:34,012 [INFO] PluginManager:220 - loadIPPluginJar : add gtzc
2024-04-11 17:44:34,013 [INFO] IPUIPlugin:80 - create IPUIPlugin
2024-04-11 17:44:34,013 [INFO] PluginManager:220 - loadIPPluginJar : add lorawan
2024-04-11 17:44:34,014 [INFO] IPUIPlugin:80 - create IPUIPlugin
2024-04-11 17:44:34,014 [INFO] PluginManager:220 - loadIPPluginJar : add usart
2024-04-11 17:44:34,018 [INFO] IPUIPlugin:80 - create IPUIPlugin
2024-04-11 17:44:34,019 [INFO] PluginManager:220 - loadIPPluginJar : add plateformsettings
2024-04-11 17:44:34,019 [INFO] IPUIPlugin:80 - create IPUIPlugin
2024-04-11 17:44:34,020 [INFO] PluginManager:220 - loadIPPluginJar : add ltdc
2024-04-11 17:44:34,020 [INFO] IPUIPlugin:80 - create IPUIPlugin
2024-04-11 17:44:34,020 [INFO] PluginManager:220 - loadIPPluginJar : add tracer_emb
2024-04-11 17:44:34,021 [INFO] IPUIPlugin:80 - create IPUIPlugin
2024-04-11 17:44:34,021 [INFO] PluginManager:220 - loadIPPluginJar : add fatfs
2024-04-11 17:44:34,022 [INFO] IPUIPlugin:80 - create IPUIPlugin
2024-04-11 17:44:34,022 [INFO] PluginManager:220 - loadIPPluginJar : add comp
2024-04-11 17:44:34,025 [INFO] IPUIPlugin:80 - create IPUIPlugin
2024-04-11 17:44:34,025 [INFO] PluginManager:220 - loadIPPluginJar : add linkedlist
2024-04-11 17:44:34,028 [INFO] IPUIPlugin:80 - create IPUIPlugin
2024-04-11 17:44:34,028 [INFO] PluginManager:220 - loadIPPluginJar : add gpio
2024-04-11 17:44:34,029 [INFO] IPUIPlugin:80 - create IPUIPlugin
2024-04-11 17:44:34,029 [INFO] PluginManager:220 - loadIPPluginJar : add aes
2024-04-11 17:44:34,030 [INFO] IPUIPlugin:80 - create IPUIPlugin
2024-04-11 17:44:34,030 [INFO] PluginManager:220 - loadIPPluginJar : add hash
2024-04-11 17:44:34,034 [INFO] IPUIPlugin:80 - create IPUIPlugin
2024-04-11 17:44:34,034 [INFO] PluginManager:220 - loadIPPluginJar : add mdma
2024-04-11 17:44:34,034 [INFO] IPUIPlugin:80 - create IPUIPlugin
2024-04-11 17:44:34,035 [INFO] PluginManager:220 - loadIPPluginJar : add dfsdm
2024-04-11 17:44:34,036 [INFO] IPUIPlugin:80 - create IPUIPlugin
2024-04-11 17:44:34,036 [INFO] PluginManager:220 - loadIPPluginJar : add pdm2pcm
2024-04-11 17:44:34,037 [INFO] IPUIPlugin:80 - create IPUIPlugin
2024-04-11 17:44:34,037 [INFO] PluginManager:220 - loadIPPluginJar : add touchsensing
2024-04-11 17:44:34,038 [INFO] IPUIPlugin:80 - create IPUIPlugin
2024-04-11 17:44:34,038 [INFO] PluginManager:220 - loadIPPluginJar : add cryp
2024-04-11 17:44:34,042 [INFO] IPUIPlugin:80 - create IPUIPlugin
2024-04-11 17:44:34,042 [INFO] PluginManager:220 - loadIPPluginJar : add freertos
2024-04-11 17:44:34,043 [INFO] IPUIPlugin:80 - create IPUIPlugin
2024-04-11 17:44:34,043 [INFO] PluginManager:220 - loadIPPluginJar : add usbx
2024-04-11 17:44:34,046 [INFO] IPUIPlugin:80 - create IPUIPlugin
2024-04-11 17:44:34,046 [INFO] PluginManager:220 - loadIPPluginJar : add fmc
2024-04-11 17:44:34,049 [INFO] IPUIPlugin:80 - create IPUIPlugin
2024-04-11 17:44:34,049 [INFO] PluginManager:220 - loadIPPluginJar : add gic
2024-04-11 17:44:34,052 [INFO] IPUIPlugin:80 - create IPUIPlugin
2024-04-11 17:44:34,052 [INFO] PluginManager:220 - loadIPPluginJar : add dma
2024-04-11 17:44:34,052 [INFO] IPUIPlugin:80 - create IPUIPlugin
2024-04-11 17:44:34,052 [INFO] PluginManager:220 - loadIPPluginJar : add genericplugin
2024-04-11 17:44:34,053 [INFO] IPUIPlugin:80 - create IPUIPlugin
2024-04-11 17:44:34,053 [INFO] PluginManager:220 - loadIPPluginJar : add ucpd
2024-04-11 17:44:34,054 [INFO] IPUIPlugin:80 - create IPUIPlugin
2024-04-11 17:44:34,055 [INFO] PluginManager:220 - loadIPPluginJar : add opamp
2024-04-11 17:44:34,057 [INFO] IPUIPlugin:80 - create IPUIPlugin
2024-04-11 17:44:34,057 [INFO] PluginManager:220 - loadIPPluginJar : add stm32_wpan
2024-04-11 17:44:34,058 [INFO] IPUIPlugin:80 - create IPUIPlugin
2024-04-11 17:44:34,058 [INFO] PluginManager:220 - loadIPPluginJar : add ts
2024-04-11 17:44:34,059 [INFO] IPUIPlugin:80 - create IPUIPlugin
2024-04-11 17:44:34,059 [INFO] PluginManager:220 - loadIPPluginJar : add spi
2024-04-11 17:44:34,060 [INFO] IPUIPlugin:80 - create IPUIPlugin
2024-04-11 17:44:34,060 [INFO] PluginManager:220 - loadIPPluginJar : add sai
2024-04-11 17:44:34,062 [INFO] IPUIPlugin:80 - create IPUIPlugin
2024-04-11 17:44:34,062 [INFO] PluginManager:220 - loadIPPluginJar : add ipddr
2024-04-11 17:44:34,064 [INFO] IPUIPlugin:80 - create IPUIPlugin
2024-04-11 17:44:34,064 [INFO] PluginManager:220 - loadIPPluginJar : add resmgrutility
2024-04-11 17:44:34,065 [INFO] IPUIPlugin:80 - create IPUIPlugin
2024-04-11 17:44:34,065 [INFO] PluginManager:220 - loadIPPluginJar : add gfxmmu
2024-04-11 17:44:34,066 [INFO] IPUIPlugin:80 - create IPUIPlugin
2024-04-11 17:44:34,066 [INFO] PluginManager:220 - loadIPPluginJar : add can
2024-04-11 17:44:34,068 [INFO] IPUIPlugin:80 - create IPUIPlugin
2024-04-11 17:44:34,068 [INFO] PluginManager:220 - loadIPPluginJar : add i2c
2024-04-11 17:44:34,069 [INFO] IPUIPlugin:80 - create IPUIPlugin
2024-04-11 17:44:34,069 [INFO] PluginManager:220 - loadIPPluginJar : add i2s
2024-04-11 17:44:34,069 [INFO] IPUIPlugin:80 - create IPUIPlugin
2024-04-11 17:44:34,069 [INFO] PluginManager:220 - loadIPPluginJar : add tim
2024-04-11 17:44:34,071 [INFO] IPUIPlugin:80 - create IPUIPlugin
2024-04-11 17:44:34,071 [INFO] PluginManager:220 - loadIPPluginJar : add openamp
2024-04-11 17:44:34,071 [INFO] IPUIPlugin:80 - create IPUIPlugin
2024-04-11 17:44:34,071 [INFO] PluginManager:220 - loadIPPluginJar : add quadspi
2024-04-11 17:44:34,157 [INFO] CADModel:165 - CPN selected for project level
2024-04-11 17:44:34,157 [INFO] CADModel:114 - Register for checkConnection events
2024-04-11 17:44:34,158 [FATAL] Updater:308 - Updater called before beeing initialized
2024-04-11 17:44:34,158 [ERROR] CADModel:125 - Updater not yet initialized, retry later 
2024-04-11 17:44:34,221 [INFO] CADModel:165 - CPN selected for project level
2024-04-11 17:44:34,221 [INFO] CADModel:114 - Register for checkConnection events
2024-04-11 17:44:34,221 [FATAL] Updater:308 - Updater called before beeing initialized
2024-04-11 17:44:34,221 [ERROR] CADModel:125 - Updater not yet initialized, retry later 
2024-04-11 17:44:34,223 [FATAL] Updater:308 - Updater called before beeing initialized
2024-04-11 17:44:34,268 [FATAL] Updater:308 - Updater called before beeing initialized
2024-04-11 17:44:34,270 [INFO] DbMcusAds:53 - JSON generation date=Wed Nov 29 07:52:27 ART 2023 (1701255147349)
2024-04-11 17:44:34,270 [FATAL] Updater:308 - Updater called before beeing initialized
2024-04-11 17:44:34,292 [WARN] DetailPanel:346 - Failed to get advertising image, set to default
2024-04-11 17:44:34,364 [FATAL] Updater:308 - Updater called before beeing initialized
2024-04-11 17:44:34,366 [FATAL] Updater:308 - Updater called before beeing initialized
2024-04-11 17:44:34,366 [FATAL] Updater:308 - Updater called before beeing initialized
2024-04-11 17:44:34,366 [WARN] DetailPanel:346 - Failed to get advertising image, set to default
2024-04-11 17:44:34,367 [FATAL] Updater:308 - Updater called before beeing initialized
2024-04-11 17:44:34,390 [ERROR] Updater:1120 - MainUpdater not yet initialized. External WinMGr cannot be set.
2024-04-11 17:44:34,392 [INFO] Updater:1056 - Updater Version found : 6.10.0
2024-04-11 17:44:34,406 [INFO] ApplicationProperties:184 - Using Application install path: /opt/st/stm32cubeide_1.14.0/plugins/com.st.stm32cube.common.mx_6.10.0.202311202037
2024-04-11 17:44:34,623 [INFO] MainUpdater:2873 - connection check result : 10
2024-04-11 17:44:34,624 [INFO] MainUpdater:290 - Updater Check For Update Now.
2024-04-11 17:44:34,624 [INFO] MicroXplorer:498 - Change Database Version : DB.6.0.100
2024-04-11 17:44:34,628 [INFO] McuFinderGlobals:63 - Set McuFinder mode to 2 (CubeIDE integrated)
2024-04-11 17:44:34,628 [INFO] UserAuth:180 - activating auth plugin
2024-04-11 17:44:34,630 [INFO] UserAuth:404 - Internet connection configuration mode: 1
2024-04-11 17:44:34,641 [INFO] JxBrowserEngine:152 - Initiate JxBrowser Engine with user profile folder
2024-04-11 17:44:34,784 [INFO] CheckServerUpdateThread:120 - End of CheckServer Thread
2024-04-11 17:44:35,205 [INFO] WebApp:161 - Instantiating new browser for Auth
2024-04-11 17:44:35,479 [INFO] WebApp:780 - Register for checkConnection events
2024-04-11 17:44:35,479 [INFO] WebApp:414 - Apply proxy settings
2024-04-11 17:44:35,479 [INFO] WebApp:499 - Chromium requires no authentication
2024-04-11 17:44:35,483 [INFO] WebApp:442 - Direct internet connection detected
2024-04-11 17:44:35,558 [INFO] WebApp:192 - Starting web application
2024-04-11 17:44:35,558 [INFO] WebApp:544 - Web application path used /opt/st/stm32cubeide_1.14.0/plugins/com.st.stm32cube.common.mx_6.10.0.202311202037/db/plugins/mcufinder/reactClient1/index.html
2024-04-11 17:44:36,819 [WARN] PackLoader:240 - Cannot read IP mode file for STMicroelectronics.X-CUBE-SMBUS.2.1.0
2024-04-11 17:44:36,822 [WARN] PackLoader:240 - Cannot read IP mode file for STMicroelectronics.X-CUBE-TOUCHGFX.4.23.1
2024-04-11 17:44:36,824 [WARN] PackLoader:240 - Cannot read IP mode file for STMicroelectronics.X-CUBE-TOUCHGFX.4.23.0
2024-04-11 17:44:36,826 [WARN] PackLoader:240 - Cannot read IP mode file for STMicroelectronics.X-CUBE-TOUCHGFX.4.23.2
2024-04-11 17:44:36,848 [WARN] PackLoader:240 - Cannot read IP mode file for STMicroelectronics.X-CUBE-AZRTOS-F7.1.1.0
2024-04-11 17:44:36,858 [WARN] PackLoader:240 - Cannot read IP mode file for STMicroelectronics.FP-SNS-MOTENV1.4.3.2
2024-04-11 17:44:36,863 [WARN] PackLoader:240 - Cannot read IP mode file for STMicroelectronics.FP-SNS-FLIGHT1.5.0.2
2024-04-11 17:44:36,870 [WARN] PackLoader:240 - Cannot read IP mode file for STMicroelectronics.X-CUBE-DISPLAY.3.0.0
2024-04-11 17:44:36,880 [WARN] PackLoader:240 - Cannot read IP mode file for STMicroelectronics.X-CUBE-BLE1.7.0.0
2024-04-11 17:44:36,884 [WARN] PackLoader:240 - Cannot read IP mode file for emotas.I-CUBE-CANOPEN.1.3.0
2024-04-11 17:44:36,897 [WARN] PackLoader:240 - Cannot read IP mode file for STMicroelectronics.X-CUBE-BLEMGR.3.1.0
2024-04-11 17:44:36,903 [WARN] PackLoader:240 - Cannot read IP mode file for STMicroelectronics.FP-SNS-SMARTAG2.1.2.0
2024-04-11 17:44:36,910 [INFO] LogOutputStream:77 - [STDOUT_REDIRECT] 1 : Invalid condition id : UX_CORESTACK_Condition cause : null
2024-04-11 17:44:36,911 [INFO] LogOutputStream:77 - [STDOUT_REDIRECT] 1 : Invalid condition id : UX_CORESTACK_Condition cause : null
2024-04-11 17:44:36,911 [INFO] LogOutputStream:77 - [STDOUT_REDIRECT] 1 : Invalid condition id : UX_CORESTACK_Condition cause : null
2024-04-11 17:44:36,912 [INFO] LogOutputStream:77 - [STDOUT_REDIRECT] 1 : Invalid condition id : UX_CORESTACK_Condition cause : null
2024-04-11 17:44:36,912 [INFO] LogOutputStream:77 - [STDOUT_REDIRECT] 1 : Invalid condition id : UX_CORESTACK_Condition cause : null
2024-04-11 17:44:36,916 [WARN] PackLoader:240 - Cannot read IP mode file for STMicroelectronics.X-CUBE-AZRTOS-WL.2.0.0
2024-04-11 17:44:36,920 [WARN] PackLoader:240 - Cannot read IP mode file for STMicroelectronics.FP-SNS-MOTENV1.5.0.0
2024-04-11 17:44:36,926 [WARN] PackLoader:240 - Cannot read IP mode file for WES.I-CUBE-Cesium.1.3.0
2024-04-11 17:44:36,930 [WARN] PackLoader:240 - Cannot read IP mode file for STMicroelectronics.X-CUBE-BLE2.3.3.0
2024-04-11 17:44:36,935 [WARN] PackLoader:240 - Cannot read IP mode file for STMicroelectronics.X-CUBE-TCPP.4.1.0
2024-04-11 17:44:36,941 [WARN] PackLoader:240 - Cannot read IP mode file for STMicroelectronics.X-CUBE-ALGOBUILD.1.3.0
2024-04-11 17:44:36,957 [WARN] PackLoader:240 - Cannot read IP mode file for STMicroelectronics.X-CUBE-AZRTOS-G0.1.1.0
2024-04-11 17:44:36,964 [WARN] PackLoader:240 - Cannot read IP mode file for STMicroelectronics.X-CUBE-SAFEA1.1.2.2
2024-04-11 17:44:36,970 [WARN] PackLoader:240 - Cannot read IP mode file for STMicroelectronics.X-CUBE-NFC4.3.0.0
2024-04-11 17:44:36,974 [WARN] PackLoader:240 - Cannot read IP mode file for STMicroelectronics.FP-ATR-SIGFOX1.3.2.0
2024-04-11 17:44:36,980 [WARN] PackLoader:240 - Cannot read IP mode file for STMicroelectronics.X-CUBE-EEPRMA1.5.1.0
2024-04-11 17:44:37,018 [WARN] PackLoader:240 - Cannot read IP mode file for SEGGER.I-CUBE-embOS.1.3.1
2024-04-11 17:44:37,092 [WARN] PackLoader:240 - Cannot read IP mode file for STMicroelectronics.X-CUBE-GNSS1.6.0.0
2024-04-11 17:44:37,112 [WARN] PackLoader:240 - Cannot read IP mode file for STMicroelectronics.X-CUBE-AZRTOS-F4.1.1.0
2024-04-11 17:44:37,118 [WARN] PackLoader:240 - Cannot read IP mode file for wolfSSL.I-CUBE-wolfSSL.5.6.6
2024-04-11 17:44:37,136 [WARN] PackLoader:240 - Cannot read IP mode file for STMicroelectronics.X-CUBE-AZRTOS-L5.2.0.0
2024-04-11 17:44:37,145 [WARN] PackLoader:240 - Cannot read IP mode file for STMicroelectronics.X-CUBE-NFC6.3.1.0
2024-04-11 17:44:37,152 [WARN] PackLoader:240 - Cannot read IP mode file for ITTIA_DB.I-CUBE-ITTIADB.8.8.0
2024-04-11 17:44:37,156 [WARN] PackLoader:240 - Cannot read IP mode file for STMicroelectronics.X-CUBE-NFC7.1.0.1
2024-04-11 17:44:37,161 [WARN] PackLoader:240 - Cannot read IP mode file for STMicroelectronics.X-CUBE-AI.8.1.0
2024-04-11 17:44:37,178 [WARN] ConditionMgr:438 - getConditionDescription Invalid condition id : LAN8742 Phy interface Condition cause : null
2024-04-11 17:44:37,179 [WARN] PackLoader:240 - Cannot read IP mode file for STMicroelectronics.X-CUBE-AZRTOS-L4.2.0.0
2024-04-11 17:44:37,181 [WARN] ConditionMgr:1039 - genDependencies : Invalid condition id : LAN8742 Phy interface Condition cause : null
2024-04-11 17:44:37,181 [WARN] ConditionMgr:1039 - genDependencies : Invalid condition id : LAN8742 Phy interface Condition cause : null
2024-04-11 17:44:37,182 [WARN] ConditionMgr:1039 - genDependencies : Invalid condition id : LAN8742 Phy interface Condition cause : null
2024-04-11 17:44:37,189 [WARN] PackLoader:240 - Cannot read IP mode file for STMicroelectronics.X-CUBE-SFXS2LP1.4.0.0
2024-04-11 17:44:37,202 [WARN] ConditionMgr:438 - getConditionDescription Invalid condition id : UX DEVICE CLASS RTOS Condition cause : null
2024-04-11 17:44:37,202 [WARN] ConditionMgr:438 - getConditionDescription Invalid condition id : UX DEVICE CLASS RTOS Condition cause : null
2024-04-11 17:44:37,204 [WARN] PackLoader:240 - Cannot read IP mode file for STMicroelectronics.X-CUBE-AZRTOS-WB.2.0.0
2024-04-11 17:44:37,205 [WARN] ConditionMgr:1039 - genDependencies : Invalid condition id : UX DEVICE CLASS RTOS Condition cause : null
2024-04-11 17:44:37,205 [WARN] ConditionMgr:1039 - genDependencies : Invalid condition id : UX DEVICE CLASS RTOS Condition cause : null
2024-04-11 17:44:37,206 [WARN] ConditionMgr:1039 - genDependencies : Invalid condition id : UX DEVICE CLASS RTOS Condition cause : null
2024-04-11 17:44:37,206 [WARN] ConditionMgr:1039 - genDependencies : Invalid condition id : UX DEVICE CLASS RTOS Condition cause : null
2024-04-11 17:44:37,206 [WARN] ConditionMgr:1039 - genDependencies : Invalid condition id : UX DEVICE CLASS RTOS Condition cause : null
2024-04-11 17:44:37,215 [WARN] PackLoader:240 - Cannot read IP mode file for STMicroelectronics.X-CUBE-SUBG2.5.0.0
2024-04-11 17:44:37,233 [WARN] PackLoader:240 - Cannot read IP mode file for STMicroelectronics.X-CUBE-AZRTOS-G4.2.0.0
2024-04-11 17:44:37,246 [WARN] PackLoader:240 - Cannot read IP mode file for Infineon.AIROC-Wi-Fi-Bluetooth-STM32.1.5.1
2024-04-11 17:44:37,251 [WARN] PackLoader:240 - Cannot read IP mode file for STMicroelectronics.X-CUBE-ISPU.2.0.0
2024-04-11 17:44:37,277 [WARN] PackLoader:240 - Cannot read IP mode file for STMicroelectronics.X-CUBE-MEMS1.10.0.0
2024-04-11 17:44:37,350 [WARN] PackLoader:240 - Cannot read IP mode file for STMicroelectronics.X-CUBE-FREERTOS.1.1.0
2024-04-11 17:44:37,353 [WARN] PackLoader:240 - Cannot read IP mode file for portGmbH.I-Cube-SoM-uGOAL.1.1.0
2024-04-11 17:44:37,356 [WARN] PackLoader:240 - Cannot read IP mode file for STMicroelectronics.X-CUBE-ALS.1.0.1
2024-04-11 17:44:37,358 [WARN] PackLoader:240 - Cannot read IP mode file for STMicroelectronics.FP-ATR-ASTRA1.2.0.0
2024-04-11 17:44:37,365 [WARN] PackLoader:240 - Cannot read IP mode file for STMicroelectronics.X-CUBE-TOF1.3.4.1
2024-04-11 17:44:37,400 [WARN] PackLoader:240 - Cannot read IP mode file for STMicroelectronics.X-CUBE-AZRTOS-H7.3.2.0
2024-04-11 17:44:37,405 [INFO] ThirdParty:978 - Integrity check success = true
2024-04-11 17:44:37,405 [INFO] IntegrityCheckThread:100 - exiting critical section [integrity check]
2024-04-11 17:44:37,405 [INFO] IntegrityCheckThread:103 - End integrity checks thread
2024-04-11 17:44:55,840 [ERROR] LogOutputStream:75 - [STDERR_REDIRECT] SLF4J: Failed to load class "org.slf4j.impl.StaticLoggerBinder".
2024-04-11 17:44:55,840 [ERROR] LogOutputStream:75 - [STDERR_REDIRECT] SLF4J: Defaulting to no-operation (NOP) logger implementation
2024-04-11 17:44:55,841 [ERROR] LogOutputStream:75 - [STDERR_REDIRECT] SLF4J: See http://www.slf4j.org/codes.html#StaticLoggerBinder for further details.
2024-04-11 19:41:45,519 [INFO] Activator:176 - 


2024-04-11 19:41:45,520 [INFO] Activator:177 - !SESSION log4j initialized
2024-04-11 19:41:48,048 [INFO] LogOutputStream:77 - [STDOUT_REDIRECT] 
2024-04-11 19:41:49,118 [INFO] ApplicationProperties:184 - Using Application install path: /opt/st/stm32cubeide_1.14.0/plugins/com.st.stm32cube.common.mx_6.10.0.202311202037
2024-04-11 19:41:49,131 [INFO] DbMcusXml:78 - Set database path to: /opt/st/stm32cubeide_1.14.0/plugins/com.st.stm32cube.common.mx_6.10.0.202311202037//db//mcu/
2024-04-11 19:41:49,131 [INFO] ApiDb:274 - Set plugin database path to: /opt/st/stm32cubeide_1.14.0/plugins/com.st.stm32cube.common.mx_6.10.0.202311202037//db//plugins/boardmanager/
2024-04-11 19:41:49,131 [WARN] ApiDb:259 - Overriding images path with different value:  => /opt/st/stm32cubeide_1.14.0/plugins/com.st.stm32cube.common.mx_6.10.0.202311202037//db//plugins/mcufinder/images/
2024-04-11 19:41:49,137 [INFO] ApiDb:250 - Set database path to: /home/lpmeoli/.stmcufinder/plugins/mcufinder//mcu/
2024-04-11 19:41:49,137 [INFO] DbMcusAds:125 - Set database path to: /home/lpmeoli/.stmcufinder/plugins/mcufinder//mcu/
2024-04-11 19:41:49,138 [INFO] CrossReferenceDbSqlite:203 - Set database path to: /home/lpmeoli/.stmcufinder/plugins/mcufinder//mcu/cs/
2024-04-11 19:41:49,216 [INFO] RulesReader:64 - Compatibility file has been processed (297 Rules)
2024-04-11 19:41:49,255 [INFO] DbMcusXml:78 - Set database path to: /opt/st/stm32cubeide_1.14.0/plugins/com.st.stm32cube.common.mx_6.10.0.202311202037//db//mcu/
2024-04-11 19:41:49,255 [INFO] ApiDb:274 - Set plugin database path to: /opt/st/stm32cubeide_1.14.0/plugins/com.st.stm32cube.common.mx_6.10.0.202311202037//db//plugins/boardmanager/
2024-04-11 19:41:49,255 [INFO] ApiDb:261 - Set plugin images path to: /opt/st/stm32cubeide_1.14.0/plugins/com.st.stm32cube.common.mx_6.10.0.202311202037//db//plugins/mcufinder/images/
2024-04-11 19:41:49,255 [WARN] DbFile:41 - Overriding database path with different value: /home/lpmeoli/.stmcufinder/plugins/mcufinder/ => /home/lpmeoli/.stmcufinder/plugins/mcufinder
2024-04-11 19:41:49,255 [INFO] ApiDb:250 - Set database path to: /home/lpmeoli/.stmcufinder/plugins/mcufinder//mcu/
2024-04-11 19:41:49,255 [WARN] DbFile:41 - Overriding database path with different value: /home/lpmeoli/.stmcufinder/plugins/mcufinder/ => /home/lpmeoli/.stmcufinder/plugins/mcufinder
2024-04-11 19:41:49,256 [INFO] DbMcusAds:125 - Set database path to: /home/lpmeoli/.stmcufinder/plugins/mcufinder//mcu/
2024-04-11 19:41:49,256 [WARN] DbFile:41 - Overriding database path with different value: /home/lpmeoli/.stmcufinder/plugins/mcufinder/ => /home/lpmeoli/.stmcufinder/plugins/mcufinder
2024-04-11 19:41:49,256 [WARN] DbFile:41 - Overriding database path with different value: /home/lpmeoli/.stmcufinder/plugins/mcufinder/ => /home/lpmeoli/.stmcufinder/plugins/mcufinder
2024-04-11 19:41:49,256 [INFO] CrossReferenceDbSqlite:203 - Set database path to: /home/lpmeoli/.stmcufinder/plugins/mcufinder//mcu/cs/
2024-04-11 19:41:49,305 [INFO] MainPanel:264 - HeapMemory: 268435456
2024-04-11 19:41:49,364 [INFO] DbMcusXml:78 - Set database path to: /opt/st/stm32cubeide_1.14.0/plugins/com.st.stm32cube.common.mx_6.10.0.202311202037//db//mcu/
2024-04-11 19:41:49,364 [INFO] ApiDb:274 - Set plugin database path to: /opt/st/stm32cubeide_1.14.0/plugins/com.st.stm32cube.common.mx_6.10.0.202311202037//db//plugins/boardmanager/
2024-04-11 19:41:49,365 [INFO] ApiDb:261 - Set plugin images path to: /opt/st/stm32cubeide_1.14.0/plugins/com.st.stm32cube.common.mx_6.10.0.202311202037//db//plugins/mcufinder/images/
2024-04-11 19:41:49,365 [WARN] DbFile:41 - Overriding database path with different value: /home/lpmeoli/.stmcufinder/plugins/mcufinder/ => /home/lpmeoli/.stmcufinder/plugins/mcufinder
2024-04-11 19:41:49,365 [INFO] ApiDb:250 - Set database path to: /home/lpmeoli/.stmcufinder/plugins/mcufinder//mcu/
2024-04-11 19:41:49,365 [WARN] DbFile:41 - Overriding database path with different value: /home/lpmeoli/.stmcufinder/plugins/mcufinder/ => /home/lpmeoli/.stmcufinder/plugins/mcufinder
2024-04-11 19:41:49,365 [INFO] DbMcusAds:125 - Set database path to: /home/lpmeoli/.stmcufinder/plugins/mcufinder//mcu/
2024-04-11 19:41:49,365 [WARN] DbFile:41 - Overriding database path with different value: /home/lpmeoli/.stmcufinder/plugins/mcufinder/ => /home/lpmeoli/.stmcufinder/plugins/mcufinder
2024-04-11 19:41:49,365 [WARN] DbFile:41 - Overriding database path with different value: /home/lpmeoli/.stmcufinder/plugins/mcufinder/ => /home/lpmeoli/.stmcufinder/plugins/mcufinder
2024-04-11 19:41:49,365 [INFO] CrossReferenceDbSqlite:203 - Set database path to: /home/lpmeoli/.stmcufinder/plugins/mcufinder//mcu/cs/
2024-04-11 19:41:49,377 [INFO] ApplicationProperties:184 - Using Application install path: /opt/st/stm32cubeide_1.14.0/plugins/com.st.stm32cube.common.mx_6.10.0.202311202037
2024-04-11 19:41:49,377 [INFO] PluginManage:196 - Search for loadable plugins [exclusion list=, ]
2024-04-11 19:41:49,378 [INFO] PluginManage:310 - Check plugin analytics
2024-04-11 19:41:49,460 [INFO] AnalyticsPlugin:253 - Accepted Software Licenses: 
2024-04-11 19:41:49,460 [INFO] AnalyticsPlugin:255 - Accepted CMSIS Pack Licenses: 
2024-04-11 19:41:49,460 [INFO] AnalyticsPlugin:257 - Accepted Firmware Licenses: FW.F4.1.28.0
2024-04-11 19:41:49,461 [INFO] PluginManage:359 - Loaded plugin analytics (category:tool,tabindex:-1)
2024-04-11 19:41:49,461 [INFO] PluginManage:310 - Check plugin cadmodel
2024-04-11 19:41:49,479 [INFO] CADModel:105 - Init CAD model plugin
2024-04-11 19:41:49,479 [INFO] PluginManage:359 - Loaded plugin cadmodel (category:power,tabindex:5)
2024-04-11 19:41:49,479 [INFO] PluginManage:310 - Check plugin clock
2024-04-11 19:41:49,486 [INFO] PluginManage:359 - Loaded plugin clock (category:base,tabindex:2)
2024-04-11 19:41:49,486 [INFO] PluginManage:310 - Check plugin ddr
2024-04-11 19:41:49,487 [INFO] PluginManage:359 - Loaded plugin ddr (category:tool,tabindex:6)
2024-04-11 19:41:49,487 [INFO] PluginManage:310 - Check plugin filemanager
2024-04-11 19:41:49,568 [INFO] PluginManage:359 - Loaded plugin filemanager (category:base,tabindex:10)
2024-04-11 19:41:49,568 [INFO] PluginManage:310 - Check plugin ipmanager
2024-04-11 19:41:49,572 [INFO] PluginManage:359 - Loaded plugin ipmanager (category:base,tabindex:5)
2024-04-11 19:41:49,572 [INFO] PluginManage:310 - Check plugin lpbam
2024-04-11 19:41:49,579 [INFO] PluginManage:359 - Loaded plugin lpbam (category:base,tabindex:0)
2024-04-11 19:41:49,579 [INFO] PluginManage:310 - Check plugin memorymap
2024-04-11 19:41:49,586 [INFO] PluginManage:359 - Loaded plugin memorymap (category:base,tabindex:4)
2024-04-11 19:41:49,586 [INFO] PluginManage:310 - Check plugin pinoutandconfiguration
2024-04-11 19:41:49,591 [INFO] PluginManage:359 - Loaded plugin pinoutandconfiguration (category:base,tabindex:1)
2024-04-11 19:41:49,591 [INFO] PluginManage:310 - Check plugin pinoutconfig
2024-04-11 19:41:49,643 [WARN] SupportedApi:132 - Cannot load RTOS API schema: s4s-elt-must-match.1: The content of 'definitions' must match (annotation?, (simpleType | complexType)?, (unique | key | keyref)*)). A problem was found starting at: attribute.
2024-04-11 19:41:49,716 [INFO] PluginManage:359 - Loaded plugin pinoutconfig (category:base,tabindex:0)
2024-04-11 19:41:49,716 [INFO] PluginManage:310 - Check plugin power
2024-04-11 19:41:49,722 [INFO] PluginManage:359 - Loaded plugin power (category:power,tabindex:4)
2024-04-11 19:41:49,723 [INFO] PluginManage:310 - Check plugin projectmanager
2024-04-11 19:41:49,731 [INFO] PluginManage:359 - Loaded plugin projectmanager (category:projectmanager,tabindex:3)
2024-04-11 19:41:49,731 [INFO] PluginManage:310 - Check plugin thirdparty
2024-04-11 19:41:49,800 [INFO] PluginManage:359 - Loaded plugin thirdparty (category:base,tabindex:-1)
2024-04-11 19:41:49,800 [WARN] IntegrityCheckThread:84 - waiting for thirdparty lock release [integrity check]
2024-04-11 19:41:49,800 [INFO] IntegrityCheckThread:86 - entering critical section [integrity check]
2024-04-11 19:41:49,800 [INFO] PluginManage:310 - Check plugin tools
2024-04-11 19:41:49,800 [INFO] ThirdPartyUpdaterWithRetryManager:70 - Updater plugin not ready yet. [1/15]
2024-04-11 19:41:49,802 [INFO] PluginManage:359 - Loaded plugin tools (category:base,tabindex:7)
2024-04-11 19:41:49,802 [INFO] PluginManage:310 - Check plugin tutovideos
2024-04-11 19:41:49,937 [INFO] PluginManage:359 - Loaded plugin tutovideos (category:base,tabindex:-1)
2024-04-11 19:41:49,937 [INFO] PluginManage:310 - Check plugin updater
2024-04-11 19:41:49,947 [INFO] PluginManage:359 - Loaded plugin updater (category:base,tabindex:12)
2024-04-11 19:41:49,947 [INFO] PluginManage:310 - Check plugin userauth
2024-04-11 19:41:49,952 [INFO] UserAuth:114 - Init User Auth plugin
2024-04-11 19:41:49,952 [INFO] PluginManage:359 - Loaded plugin userauth (category:base,tabindex:14)
2024-04-11 19:41:49,952 [INFO] PluginManage:283 - PluginManage : Loaded plugins [17]
2024-04-11 19:41:50,154 [INFO] PinOutPanel:1499 - setPackage(No Configuration,No Configuration)
2024-04-11 19:41:50,232 [INFO] CADModel:165 - CPN selected for project level
2024-04-11 19:41:50,233 [INFO] CADModel:114 - Register for checkConnection events
2024-04-11 19:41:50,245 [INFO] IPUIPlugin:80 - create IPUIPlugin
2024-04-11 19:41:50,246 [INFO] PluginManager:220 - loadIPPluginJar : add nvic
2024-04-11 19:41:50,249 [INFO] IPUIPlugin:80 - create IPUIPlugin
2024-04-11 19:41:50,249 [INFO] PluginManager:220 - loadIPPluginJar : add tsc
2024-04-11 19:41:50,251 [INFO] IPUIPlugin:80 - create IPUIPlugin
2024-04-11 19:41:50,252 [INFO] PluginManager:220 - loadIPPluginJar : add dma3
2024-04-11 19:41:50,262 [INFO] IPUIPlugin:80 - create IPUIPlugin
2024-04-11 19:41:50,262 [INFO] PluginManager:220 - loadIPPluginJar : add adc
2024-04-11 19:41:50,264 [INFO] IPUIPlugin:80 - create IPUIPlugin
2024-04-11 19:41:50,265 [INFO] PluginManager:220 - loadIPPluginJar : add i3c
2024-04-11 19:41:50,267 [INFO] IPUIPlugin:80 - create IPUIPlugin
2024-04-11 19:41:50,267 [INFO] PluginManager:220 - loadIPPluginJar : add gtzc
2024-04-11 19:41:50,269 [INFO] IPUIPlugin:80 - create IPUIPlugin
2024-04-11 19:41:50,269 [INFO] PluginManager:220 - loadIPPluginJar : add lorawan
2024-04-11 19:41:50,271 [INFO] IPUIPlugin:80 - create IPUIPlugin
2024-04-11 19:41:50,271 [INFO] PluginManager:220 - loadIPPluginJar : add usart
2024-04-11 19:41:50,275 [INFO] IPUIPlugin:80 - create IPUIPlugin
2024-04-11 19:41:50,277 [INFO] PluginManager:220 - loadIPPluginJar : add plateformsettings
2024-04-11 19:41:50,278 [INFO] IPUIPlugin:80 - create IPUIPlugin
2024-04-11 19:41:50,278 [INFO] PluginManager:220 - loadIPPluginJar : add ltdc
2024-04-11 19:41:50,279 [INFO] IPUIPlugin:80 - create IPUIPlugin
2024-04-11 19:41:50,279 [INFO] PluginManager:220 - loadIPPluginJar : add tracer_emb
2024-04-11 19:41:50,280 [INFO] IPUIPlugin:80 - create IPUIPlugin
2024-04-11 19:41:50,280 [INFO] PluginManager:220 - loadIPPluginJar : add fatfs
2024-04-11 19:41:50,282 [INFO] IPUIPlugin:80 - create IPUIPlugin
2024-04-11 19:41:50,282 [INFO] PluginManager:220 - loadIPPluginJar : add comp
2024-04-11 19:41:50,287 [INFO] IPUIPlugin:80 - create IPUIPlugin
2024-04-11 19:41:50,287 [INFO] PluginManager:220 - loadIPPluginJar : add linkedlist
2024-04-11 19:41:50,291 [INFO] IPUIPlugin:80 - create IPUIPlugin
2024-04-11 19:41:50,291 [INFO] PluginManager:220 - loadIPPluginJar : add gpio
2024-04-11 19:41:50,293 [INFO] IPUIPlugin:80 - create IPUIPlugin
2024-04-11 19:41:50,293 [INFO] PluginManager:220 - loadIPPluginJar : add aes
2024-04-11 19:41:50,294 [INFO] IPUIPlugin:80 - create IPUIPlugin
2024-04-11 19:41:50,294 [INFO] PluginManager:220 - loadIPPluginJar : add hash
2024-04-11 19:41:50,300 [INFO] IPUIPlugin:80 - create IPUIPlugin
2024-04-11 19:41:50,302 [INFO] PluginManager:220 - loadIPPluginJar : add mdma
2024-04-11 19:41:50,303 [INFO] IPUIPlugin:80 - create IPUIPlugin
2024-04-11 19:41:50,303 [INFO] PluginManager:220 - loadIPPluginJar : add dfsdm
2024-04-11 19:41:50,313 [INFO] IPUIPlugin:80 - create IPUIPlugin
2024-04-11 19:41:50,314 [INFO] PluginManager:220 - loadIPPluginJar : add pdm2pcm
2024-04-11 19:41:50,316 [INFO] IPUIPlugin:80 - create IPUIPlugin
2024-04-11 19:41:50,316 [INFO] PluginManager:220 - loadIPPluginJar : add touchsensing
2024-04-11 19:41:50,318 [INFO] IPUIPlugin:80 - create IPUIPlugin
2024-04-11 19:41:50,318 [INFO] PluginManager:220 - loadIPPluginJar : add cryp
2024-04-11 19:41:50,323 [INFO] IPUIPlugin:80 - create IPUIPlugin
2024-04-11 19:41:50,324 [INFO] PluginManager:220 - loadIPPluginJar : add freertos
2024-04-11 19:41:50,326 [INFO] IPUIPlugin:80 - create IPUIPlugin
2024-04-11 19:41:50,326 [INFO] PluginManager:220 - loadIPPluginJar : add usbx
2024-04-11 19:41:50,329 [INFO] IPUIPlugin:80 - create IPUIPlugin
2024-04-11 19:41:50,330 [INFO] PluginManager:220 - loadIPPluginJar : add fmc
2024-04-11 19:41:50,334 [INFO] IPUIPlugin:80 - create IPUIPlugin
2024-04-11 19:41:50,335 [INFO] PluginManager:220 - loadIPPluginJar : add gic
2024-04-11 19:41:50,339 [INFO] IPUIPlugin:80 - create IPUIPlugin
2024-04-11 19:41:50,339 [INFO] PluginManager:220 - loadIPPluginJar : add dma
2024-04-11 19:41:50,340 [INFO] IPUIPlugin:80 - create IPUIPlugin
2024-04-11 19:41:50,340 [INFO] PluginManager:220 - loadIPPluginJar : add genericplugin
2024-04-11 19:41:50,342 [INFO] IPUIPlugin:80 - create IPUIPlugin
2024-04-11 19:41:50,342 [INFO] PluginManager:220 - loadIPPluginJar : add ucpd
2024-04-11 19:41:50,344 [INFO] IPUIPlugin:80 - create IPUIPlugin
2024-04-11 19:41:50,344 [INFO] PluginManager:220 - loadIPPluginJar : add opamp
2024-04-11 19:41:50,347 [INFO] IPUIPlugin:80 - create IPUIPlugin
2024-04-11 19:41:50,347 [INFO] PluginManager:220 - loadIPPluginJar : add stm32_wpan
2024-04-11 19:41:50,349 [INFO] IPUIPlugin:80 - create IPUIPlugin
2024-04-11 19:41:50,349 [INFO] PluginManager:220 - loadIPPluginJar : add ts
2024-04-11 19:41:50,350 [INFO] IPUIPlugin:80 - create IPUIPlugin
2024-04-11 19:41:50,350 [INFO] PluginManager:220 - loadIPPluginJar : add spi
2024-04-11 19:41:50,352 [INFO] IPUIPlugin:80 - create IPUIPlugin
2024-04-11 19:41:50,352 [INFO] PluginManager:220 - loadIPPluginJar : add sai
2024-04-11 19:41:50,354 [INFO] IPUIPlugin:80 - create IPUIPlugin
2024-04-11 19:41:50,354 [INFO] PluginManager:220 - loadIPPluginJar : add ipddr
2024-04-11 19:41:50,357 [INFO] IPUIPlugin:80 - create IPUIPlugin
2024-04-11 19:41:50,357 [INFO] PluginManager:220 - loadIPPluginJar : add resmgrutility
2024-04-11 19:41:50,358 [INFO] IPUIPlugin:80 - create IPUIPlugin
2024-04-11 19:41:50,358 [INFO] PluginManager:220 - loadIPPluginJar : add gfxmmu
2024-04-11 19:41:50,359 [INFO] IPUIPlugin:80 - create IPUIPlugin
2024-04-11 19:41:50,360 [INFO] PluginManager:220 - loadIPPluginJar : add can
2024-04-11 19:41:50,361 [INFO] IPUIPlugin:80 - create IPUIPlugin
2024-04-11 19:41:50,361 [INFO] PluginManager:220 - loadIPPluginJar : add i2c
2024-04-11 19:41:50,362 [INFO] IPUIPlugin:80 - create IPUIPlugin
2024-04-11 19:41:50,362 [INFO] PluginManager:220 - loadIPPluginJar : add i2s
2024-04-11 19:41:50,363 [INFO] IPUIPlugin:80 - create IPUIPlugin
2024-04-11 19:41:50,363 [INFO] PluginManager:220 - loadIPPluginJar : add tim
2024-04-11 19:41:50,365 [INFO] IPUIPlugin:80 - create IPUIPlugin
2024-04-11 19:41:50,365 [INFO] PluginManager:220 - loadIPPluginJar : add openamp
2024-04-11 19:41:50,366 [INFO] IPUIPlugin:80 - create IPUIPlugin
2024-04-11 19:41:50,367 [INFO] PluginManager:220 - loadIPPluginJar : add quadspi
2024-04-11 19:41:50,469 [INFO] CADModel:165 - CPN selected for project level
2024-04-11 19:41:50,469 [INFO] CADModel:114 - Register for checkConnection events
2024-04-11 19:41:50,469 [FATAL] Updater:308 - Updater called before beeing initialized
2024-04-11 19:41:50,470 [ERROR] CADModel:125 - Updater not yet initialized, retry later 
2024-04-11 19:41:50,566 [INFO] CADModel:165 - CPN selected for project level
2024-04-11 19:41:50,567 [INFO] CADModel:114 - Register for checkConnection events
2024-04-11 19:41:50,567 [FATAL] Updater:308 - Updater called before beeing initialized
2024-04-11 19:41:50,567 [ERROR] CADModel:125 - Updater not yet initialized, retry later 
2024-04-11 19:41:50,569 [FATAL] Updater:308 - Updater called before beeing initialized
2024-04-11 19:41:50,642 [FATAL] Updater:308 - Updater called before beeing initialized
2024-04-11 19:41:50,647 [INFO] DbMcusAds:53 - JSON generation date=Wed Nov 29 07:52:27 ART 2023 (1701255147349)
2024-04-11 19:41:50,647 [FATAL] Updater:308 - Updater called before beeing initialized
2024-04-11 19:41:50,683 [WARN] DetailPanel:346 - Failed to get advertising image, set to default
2024-04-11 19:41:50,751 [FATAL] Updater:308 - Updater called before beeing initialized
2024-04-11 19:41:50,752 [FATAL] Updater:308 - Updater called before beeing initialized
2024-04-11 19:41:50,752 [FATAL] Updater:308 - Updater called before beeing initialized
2024-04-11 19:41:50,752 [WARN] DetailPanel:346 - Failed to get advertising image, set to default
2024-04-11 19:41:50,753 [FATAL] Updater:308 - Updater called before beeing initialized
2024-04-11 19:41:50,776 [ERROR] Updater:1120 - MainUpdater not yet initialized. External WinMGr cannot be set.
2024-04-11 19:41:50,778 [INFO] Updater:1056 - Updater Version found : 6.10.0
2024-04-11 19:41:50,794 [INFO] ApplicationProperties:184 - Using Application install path: /opt/st/stm32cubeide_1.14.0/plugins/com.st.stm32cube.common.mx_6.10.0.202311202037
2024-04-11 19:41:51,026 [INFO] MainUpdater:2873 - connection check result : 10
2024-04-11 19:41:51,026 [INFO] MainUpdater:290 - Updater Check For Update Now.
2024-04-11 19:41:51,026 [INFO] MicroXplorer:498 - Change Database Version : DB.6.0.100
2024-04-11 19:41:51,030 [INFO] McuFinderGlobals:63 - Set McuFinder mode to 2 (CubeIDE integrated)
2024-04-11 19:41:51,030 [INFO] UserAuth:180 - activating auth plugin
2024-04-11 19:41:51,032 [INFO] UserAuth:404 - Internet connection configuration mode: 1
2024-04-11 19:41:51,044 [INFO] JxBrowserEngine:152 - Initiate JxBrowser Engine with user profile folder
2024-04-11 19:41:51,169 [INFO] CheckServerUpdateThread:120 - End of CheckServer Thread
2024-04-11 19:41:51,661 [INFO] WebApp:161 - Instantiating new browser for Auth
2024-04-11 19:41:51,969 [INFO] WebApp:780 - Register for checkConnection events
2024-04-11 19:41:51,969 [INFO] WebApp:414 - Apply proxy settings
2024-04-11 19:41:51,970 [INFO] WebApp:499 - Chromium requires no authentication
2024-04-11 19:41:51,973 [INFO] WebApp:442 - Direct internet connection detected
2024-04-11 19:41:52,066 [INFO] WebApp:192 - Starting web application
2024-04-11 19:41:52,066 [INFO] WebApp:544 - Web application path used /opt/st/stm32cubeide_1.14.0/plugins/com.st.stm32cube.common.mx_6.10.0.202311202037/db/plugins/mcufinder/reactClient1/index.html
2024-04-11 19:41:52,880 [WARN] PackLoader:240 - Cannot read IP mode file for STMicroelectronics.X-CUBE-SMBUS.2.1.0
2024-04-11 19:41:52,884 [WARN] PackLoader:240 - Cannot read IP mode file for STMicroelectronics.X-CUBE-TOUCHGFX.4.23.1
2024-04-11 19:41:52,885 [WARN] PackLoader:240 - Cannot read IP mode file for STMicroelectronics.X-CUBE-TOUCHGFX.4.23.0
2024-04-11 19:41:52,886 [WARN] PackLoader:240 - Cannot read IP mode file for STMicroelectronics.X-CUBE-TOUCHGFX.4.23.2
2024-04-11 19:41:52,902 [WARN] PackLoader:240 - Cannot read IP mode file for STMicroelectronics.X-CUBE-AZRTOS-F7.1.1.0
2024-04-11 19:41:52,910 [WARN] PackLoader:240 - Cannot read IP mode file for STMicroelectronics.FP-SNS-MOTENV1.4.3.2
2024-04-11 19:41:52,914 [WARN] PackLoader:240 - Cannot read IP mode file for STMicroelectronics.FP-SNS-FLIGHT1.5.0.2
2024-04-11 19:41:52,919 [WARN] PackLoader:240 - Cannot read IP mode file for STMicroelectronics.X-CUBE-DISPLAY.3.0.0
2024-04-11 19:41:52,927 [WARN] PackLoader:240 - Cannot read IP mode file for STMicroelectronics.X-CUBE-BLE1.7.0.0
2024-04-11 19:41:52,930 [WARN] PackLoader:240 - Cannot read IP mode file for emotas.I-CUBE-CANOPEN.1.3.0
2024-04-11 19:41:52,937 [WARN] PackLoader:240 - Cannot read IP mode file for STMicroelectronics.X-CUBE-BLEMGR.3.1.0
2024-04-11 19:41:52,942 [WARN] PackLoader:240 - Cannot read IP mode file for STMicroelectronics.FP-SNS-SMARTAG2.1.2.0
2024-04-11 19:41:52,948 [INFO] LogOutputStream:77 - [STDOUT_REDIRECT] 1 : Invalid condition id : UX_CORESTACK_Condition cause : null
2024-04-11 19:41:52,948 [INFO] LogOutputStream:77 - [STDOUT_REDIRECT] 1 : Invalid condition id : UX_CORESTACK_Condition cause : null
2024-04-11 19:41:52,949 [INFO] LogOutputStream:77 - [STDOUT_REDIRECT] 1 : Invalid condition id : UX_CORESTACK_Condition cause : null
2024-04-11 19:41:52,949 [INFO] LogOutputStream:77 - [STDOUT_REDIRECT] 1 : Invalid condition id : UX_CORESTACK_Condition cause : null
2024-04-11 19:41:52,949 [INFO] LogOutputStream:77 - [STDOUT_REDIRECT] 1 : Invalid condition id : UX_CORESTACK_Condition cause : null
2024-04-11 19:41:52,951 [WARN] PackLoader:240 - Cannot read IP mode file for STMicroelectronics.X-CUBE-AZRTOS-WL.2.0.0
2024-04-11 19:41:52,953 [WARN] PackLoader:240 - Cannot read IP mode file for STMicroelectronics.FP-SNS-MOTENV1.5.0.0
2024-04-11 19:41:52,958 [WARN] PackLoader:240 - Cannot read IP mode file for WES.I-CUBE-Cesium.1.3.0
2024-04-11 19:41:52,962 [WARN] PackLoader:240 - Cannot read IP mode file for STMicroelectronics.X-CUBE-BLE2.3.3.0
2024-04-11 19:41:52,965 [WARN] PackLoader:240 - Cannot read IP mode file for STMicroelectronics.X-CUBE-TCPP.4.1.0
2024-04-11 19:41:52,970 [WARN] PackLoader:240 - Cannot read IP mode file for STMicroelectronics.X-CUBE-ALGOBUILD.1.3.0
2024-04-11 19:41:52,984 [WARN] PackLoader:240 - Cannot read IP mode file for STMicroelectronics.X-CUBE-AZRTOS-G0.1.1.0
2024-04-11 19:41:52,989 [WARN] PackLoader:240 - Cannot read IP mode file for STMicroelectronics.X-CUBE-SAFEA1.1.2.2
2024-04-11 19:41:52,992 [WARN] PackLoader:240 - Cannot read IP mode file for STMicroelectronics.X-CUBE-NFC4.3.0.0
2024-04-11 19:41:52,995 [WARN] PackLoader:240 - Cannot read IP mode file for STMicroelectronics.FP-ATR-SIGFOX1.3.2.0
2024-04-11 19:41:52,998 [WARN] PackLoader:240 - Cannot read IP mode file for STMicroelectronics.X-CUBE-EEPRMA1.5.1.0
2024-04-11 19:41:53,019 [WARN] PackLoader:240 - Cannot read IP mode file for SEGGER.I-CUBE-embOS.1.3.1
2024-04-11 19:41:53,042 [WARN] PackLoader:240 - Cannot read IP mode file for STMicroelectronics.X-CUBE-GNSS1.6.0.0
2024-04-11 19:41:53,050 [WARN] PackLoader:240 - Cannot read IP mode file for STMicroelectronics.X-CUBE-AZRTOS-F4.1.1.0
2024-04-11 19:41:53,054 [WARN] PackLoader:240 - Cannot read IP mode file for wolfSSL.I-CUBE-wolfSSL.5.6.6
2024-04-11 19:41:53,062 [WARN] PackLoader:240 - Cannot read IP mode file for STMicroelectronics.X-CUBE-AZRTOS-L5.2.0.0
2024-04-11 19:41:53,067 [WARN] PackLoader:240 - Cannot read IP mode file for STMicroelectronics.X-CUBE-NFC6.3.1.0
2024-04-11 19:41:53,071 [WARN] PackLoader:240 - Cannot read IP mode file for ITTIA_DB.I-CUBE-ITTIADB.8.8.0
2024-04-11 19:41:53,073 [WARN] PackLoader:240 - Cannot read IP mode file for STMicroelectronics.X-CUBE-NFC7.1.0.1
2024-04-11 19:41:53,076 [WARN] PackLoader:240 - Cannot read IP mode file for STMicroelectronics.X-CUBE-AI.8.1.0
2024-04-11 19:41:53,088 [WARN] ConditionMgr:438 - getConditionDescription Invalid condition id : LAN8742 Phy interface Condition cause : null
2024-04-11 19:41:53,088 [WARN] PackLoader:240 - Cannot read IP mode file for STMicroelectronics.X-CUBE-AZRTOS-L4.2.0.0
2024-04-11 19:41:53,090 [WARN] ConditionMgr:1039 - genDependencies : Invalid condition id : LAN8742 Phy interface Condition cause : null
2024-04-11 19:41:53,090 [WARN] ConditionMgr:1039 - genDependencies : Invalid condition id : LAN8742 Phy interface Condition cause : null
2024-04-11 19:41:53,091 [WARN] ConditionMgr:1039 - genDependencies : Invalid condition id : LAN8742 Phy interface Condition cause : null
2024-04-11 19:41:53,097 [WARN] PackLoader:240 - Cannot read IP mode file for STMicroelectronics.X-CUBE-SFXS2LP1.4.0.0
2024-04-11 19:41:53,108 [WARN] ConditionMgr:438 - getConditionDescription Invalid condition id : UX DEVICE CLASS RTOS Condition cause : null
2024-04-11 19:41:53,108 [WARN] ConditionMgr:438 - getConditionDescription Invalid condition id : UX DEVICE CLASS RTOS Condition cause : null
2024-04-11 19:41:53,110 [WARN] PackLoader:240 - Cannot read IP mode file for STMicroelectronics.X-CUBE-AZRTOS-WB.2.0.0
2024-04-11 19:41:53,111 [WARN] ConditionMgr:1039 - genDependencies : Invalid condition id : UX DEVICE CLASS RTOS Condition cause : null
2024-04-11 19:41:53,111 [WARN] ConditionMgr:1039 - genDependencies : Invalid condition id : UX DEVICE CLASS RTOS Condition cause : null
2024-04-11 19:41:53,111 [WARN] ConditionMgr:1039 - genDependencies : Invalid condition id : UX DEVICE CLASS RTOS Condition cause : null
2024-04-11 19:41:53,112 [WARN] ConditionMgr:1039 - genDependencies : Invalid condition id : UX DEVICE CLASS RTOS Condition cause : null
2024-04-11 19:41:53,112 [WARN] ConditionMgr:1039 - genDependencies : Invalid condition id : UX DEVICE CLASS RTOS Condition cause : null
2024-04-11 19:41:53,120 [WARN] PackLoader:240 - Cannot read IP mode file for STMicroelectronics.X-CUBE-SUBG2.5.0.0
2024-04-11 19:41:53,141 [WARN] PackLoader:240 - Cannot read IP mode file for STMicroelectronics.X-CUBE-AZRTOS-G4.2.0.0
2024-04-11 19:41:53,152 [WARN] PackLoader:240 - Cannot read IP mode file for Infineon.AIROC-Wi-Fi-Bluetooth-STM32.1.5.1
2024-04-11 19:41:53,157 [WARN] PackLoader:240 - Cannot read IP mode file for STMicroelectronics.X-CUBE-ISPU.2.0.0
2024-04-11 19:41:53,183 [WARN] PackLoader:240 - Cannot read IP mode file for STMicroelectronics.X-CUBE-MEMS1.10.0.0
2024-04-11 19:41:53,271 [WARN] PackLoader:240 - Cannot read IP mode file for STMicroelectronics.X-CUBE-FREERTOS.1.1.0
2024-04-11 19:41:53,274 [WARN] PackLoader:240 - Cannot read IP mode file for portGmbH.I-Cube-SoM-uGOAL.1.1.0
2024-04-11 19:41:53,276 [WARN] PackLoader:240 - Cannot read IP mode file for STMicroelectronics.X-CUBE-ALS.1.0.1
2024-04-11 19:41:53,278 [WARN] PackLoader:240 - Cannot read IP mode file for STMicroelectronics.FP-ATR-ASTRA1.2.0.0
2024-04-11 19:41:53,284 [WARN] PackLoader:240 - Cannot read IP mode file for STMicroelectronics.X-CUBE-TOF1.3.4.1
2024-04-11 19:41:53,297 [WARN] PackLoader:240 - Cannot read IP mode file for STMicroelectronics.X-CUBE-AZRTOS-H7.3.2.0
2024-04-11 19:41:53,300 [INFO] ThirdParty:978 - Integrity check success = true
2024-04-11 19:41:53,300 [INFO] IntegrityCheckThread:100 - exiting critical section [integrity check]
2024-04-11 19:41:53,300 [INFO] IntegrityCheckThread:103 - End integrity checks thread
2024-04-11 19:42:12,292 [ERROR] LogOutputStream:75 - [STDERR_REDIRECT] SLF4J: Failed to load class "org.slf4j.impl.StaticLoggerBinder".
2024-04-11 19:42:12,292 [ERROR] LogOutputStream:75 - [STDERR_REDIRECT] SLF4J: Defaulting to no-operation (NOP) logger implementation
2024-04-11 19:42:12,292 [ERROR] LogOutputStream:75 - [STDERR_REDIRECT] SLF4J: See http://www.slf4j.org/codes.html#StaticLoggerBinder for further details.
